{"/home/innojini/dev/widget.creator/packages/core/src/crypto.ts": {"path":"/home/innojini/dev/widget.creator/packages/core/src/crypto.ts","all":false,"statementMap":{"3":{"start":{"line":4,"column":0},"end":{"line":4,"column":61}},"4":{"start":{"line":5,"column":0},"end":{"line":5,"column":77}},"5":{"start":{"line":6,"column":0},"end":{"line":6,"column":53}},"6":{"start":{"line":7,"column":0},"end":{"line":7,"column":83}},"7":{"start":{"line":8,"column":0},"end":{"line":8,"column":49}},"8":{"start":{"line":9,"column":0},"end":{"line":9,"column":48}},"9":{"start":{"line":10,"column":0},"end":{"line":10,"column":16}},"10":{"start":{"line":11,"column":0},"end":{"line":11,"column":3}},"11":{"start":{"line":12,"column":0},"end":{"line":12,"column":53}},"12":{"start":{"line":13,"column":0},"end":{"line":13,"column":57}},"13":{"start":{"line":14,"column":0},"end":{"line":14,"column":1}}},"s":{"3":43,"4":43,"5":43,"6":43,"7":43,"8":43,"9":43,"10":43,"11":0,"12":0,"13":0},"branchMap":{"0":{"type":"branch","line":4,"loc":{"start":{"line":4,"column":0},"end":{"line":14,"column":1}},"locations":[{"start":{"line":4,"column":0},"end":{"line":14,"column":1}}]},"1":{"type":"branch","line":11,"loc":{"start":{"line":11,"column":2},"end":{"line":14,"column":1}},"locations":[{"start":{"line":11,"column":2},"end":{"line":14,"column":1}}]},"2":{"type":"branch","line":9,"loc":{"start":{"line":9,"column":11},"end":{"line":9,"column":47}},"locations":[{"start":{"line":9,"column":11},"end":{"line":9,"column":47}}]}},"b":{"0":[43],"1":[0],"2":[1376]},"fnMap":{"0":{"name":"sha256","decl":{"start":{"line":4,"column":0},"end":{"line":14,"column":1}},"loc":{"start":{"line":4,"column":0},"end":{"line":14,"column":1}},"line":4}},"f":{"0":43}}
,"/home/innojini/dev/widget.creator/packages/core/src/errors.ts": {"path":"/home/innojini/dev/widget.creator/packages/core/src/errors.ts","all":false,"statementMap":{"22":{"start":{"line":23,"column":0},"end":{"line":23,"column":38}},"23":{"start":{"line":24,"column":0},"end":{"line":24,"column":14}},"24":{"start":{"line":25,"column":0},"end":{"line":25,"column":33}},"25":{"start":{"line":26,"column":0},"end":{"line":26,"column":53}},"26":{"start":{"line":27,"column":0},"end":{"line":27,"column":21}},"27":{"start":{"line":28,"column":0},"end":{"line":28,"column":5}},"28":{"start":{"line":29,"column":0},"end":{"line":29,"column":44}},"29":{"start":{"line":30,"column":0},"end":{"line":30,"column":28}},"30":{"start":{"line":31,"column":0},"end":{"line":31,"column":3}},"31":{"start":{"line":32,"column":0},"end":{"line":32,"column":1}},"33":{"start":{"line":34,"column":0},"end":{"line":34,"column":45}},"34":{"start":{"line":35,"column":0},"end":{"line":35,"column":73}},"35":{"start":{"line":36,"column":0},"end":{"line":36,"column":51}},"36":{"start":{"line":37,"column":0},"end":{"line":37,"column":31}},"37":{"start":{"line":38,"column":0},"end":{"line":38,"column":3}},"38":{"start":{"line":39,"column":0},"end":{"line":39,"column":1}},"40":{"start":{"line":41,"column":0},"end":{"line":41,"column":48}},"41":{"start":{"line":42,"column":0},"end":{"line":42,"column":76}},"42":{"start":{"line":43,"column":0},"end":{"line":43,"column":54}},"43":{"start":{"line":44,"column":0},"end":{"line":44,"column":34}},"44":{"start":{"line":45,"column":0},"end":{"line":45,"column":3}},"45":{"start":{"line":46,"column":0},"end":{"line":46,"column":1}},"47":{"start":{"line":48,"column":0},"end":{"line":48,"column":44}},"48":{"start":{"line":49,"column":0},"end":{"line":49,"column":72}},"49":{"start":{"line":50,"column":0},"end":{"line":50,"column":50}},"50":{"start":{"line":51,"column":0},"end":{"line":51,"column":30}},"51":{"start":{"line":52,"column":0},"end":{"line":52,"column":3}},"52":{"start":{"line":53,"column":0},"end":{"line":53,"column":1}}},"s":{"22":1,"23":1,"24":44,"25":44,"26":44,"27":44,"28":44,"29":44,"30":44,"31":1,"33":1,"34":1,"35":40,"36":40,"37":40,"38":1,"40":1,"41":1,"42":2,"43":2,"44":2,"45":1,"47":1,"48":1,"49":2,"50":2,"51":2,"52":1},"branchMap":{"0":{"type":"branch","line":24,"loc":{"start":{"line":24,"column":2},"end":{"line":31,"column":3}},"locations":[{"start":{"line":24,"column":2},"end":{"line":31,"column":3}}]},"1":{"type":"branch","line":29,"loc":{"start":{"line":29,"column":10},"end":{"line":29,"column":42}},"locations":[{"start":{"line":29,"column":10},"end":{"line":29,"column":42}}]},"2":{"type":"branch","line":35,"loc":{"start":{"line":35,"column":2},"end":{"line":38,"column":3}},"locations":[{"start":{"line":35,"column":2},"end":{"line":38,"column":3}}]},"3":{"type":"branch","line":42,"loc":{"start":{"line":42,"column":2},"end":{"line":45,"column":3}},"locations":[{"start":{"line":42,"column":2},"end":{"line":45,"column":3}}]},"4":{"type":"branch","line":49,"loc":{"start":{"line":49,"column":2},"end":{"line":52,"column":3}},"locations":[{"start":{"line":49,"column":2},"end":{"line":52,"column":3}}]}},"b":{"0":[44],"1":[0],"2":[40],"3":[2],"4":[2]},"fnMap":{"0":{"name":"CoreError","decl":{"start":{"line":24,"column":2},"end":{"line":31,"column":3}},"loc":{"start":{"line":24,"column":2},"end":{"line":31,"column":3}},"line":24},"1":{"name":"PricingError","decl":{"start":{"line":35,"column":2},"end":{"line":38,"column":3}},"loc":{"start":{"line":35,"column":2},"end":{"line":38,"column":3}},"line":35},"2":{"name":"ConstraintError","decl":{"start":{"line":42,"column":2},"end":{"line":45,"column":3}},"loc":{"start":{"line":42,"column":2},"end":{"line":45,"column":3}},"line":42},"3":{"name":"OptionError","decl":{"start":{"line":49,"column":2},"end":{"line":52,"column":3}},"loc":{"start":{"line":49,"column":2},"end":{"line":52,"column":3}},"line":49}},"f":{"0":44,"1":40,"2":2,"3":2}}
,"/home/innojini/dev/widget.creator/packages/core/src/validation.ts": {"path":"/home/innojini/dev/widget.creator/packages/core/src/validation.ts","all":false,"statementMap":{"2":{"start":{"line":3,"column":0},"end":{"line":3,"column":43}},"5":{"start":{"line":6,"column":0},"end":{"line":6,"column":65}},"6":{"start":{"line":7,"column":0},"end":{"line":7,"column":55}},"7":{"start":{"line":8,"column":0},"end":{"line":8,"column":77}},"8":{"start":{"line":9,"column":0},"end":{"line":9,"column":3}},"9":{"start":{"line":10,"column":0},"end":{"line":10,"column":1}},"11":{"start":{"line":12,"column":0},"end":{"line":12,"column":58}},"12":{"start":{"line":13,"column":0},"end":{"line":13,"column":43}},"13":{"start":{"line":14,"column":0},"end":{"line":14,"column":61}},"14":{"start":{"line":15,"column":0},"end":{"line":15,"column":3}},"15":{"start":{"line":16,"column":0},"end":{"line":16,"column":1}},"17":{"start":{"line":18,"column":0},"end":{"line":18,"column":60}},"18":{"start":{"line":19,"column":0},"end":{"line":19,"column":43}},"19":{"start":{"line":20,"column":0},"end":{"line":20,"column":48}},"20":{"start":{"line":21,"column":0},"end":{"line":21,"column":16}},"21":{"start":{"line":22,"column":0},"end":{"line":22,"column":55}},"22":{"start":{"line":23,"column":0},"end":{"line":23,"column":7}},"23":{"start":{"line":24,"column":0},"end":{"line":24,"column":3}},"24":{"start":{"line":25,"column":0},"end":{"line":25,"column":1}}},"s":{"2":1,"5":1,"6":23,"7":8,"8":8,"9":23,"11":1,"12":5,"13":2,"14":2,"15":5,"17":1,"18":6,"19":3,"20":3,"21":3,"22":3,"23":3,"24":6},"branchMap":{"0":{"type":"branch","line":6,"loc":{"start":{"line":6,"column":7},"end":{"line":10,"column":1}},"locations":[{"start":{"line":6,"column":7},"end":{"line":10,"column":1}}]},"1":{"type":"branch","line":7,"loc":{"start":{"line":7,"column":23},"end":{"line":7,"column":54}},"locations":[{"start":{"line":7,"column":23},"end":{"line":7,"column":54}}]},"2":{"type":"branch","line":7,"loc":{"start":{"line":7,"column":54},"end":{"line":9,"column":3}},"locations":[{"start":{"line":7,"column":54},"end":{"line":9,"column":3}}]},"3":{"type":"branch","line":12,"loc":{"start":{"line":12,"column":7},"end":{"line":16,"column":1}},"locations":[{"start":{"line":12,"column":7},"end":{"line":16,"column":1}}]},"4":{"type":"branch","line":13,"loc":{"start":{"line":13,"column":17},"end":{"line":13,"column":42}},"locations":[{"start":{"line":13,"column":17},"end":{"line":13,"column":42}}]},"5":{"type":"branch","line":13,"loc":{"start":{"line":13,"column":42},"end":{"line":15,"column":3}},"locations":[{"start":{"line":13,"column":42},"end":{"line":15,"column":3}}]},"6":{"type":"branch","line":18,"loc":{"start":{"line":18,"column":7},"end":{"line":25,"column":1}},"locations":[{"start":{"line":18,"column":7},"end":{"line":25,"column":1}}]},"7":{"type":"branch","line":19,"loc":{"start":{"line":19,"column":18},"end":{"line":19,"column":42}},"locations":[{"start":{"line":19,"column":18},"end":{"line":19,"column":42}}]},"8":{"type":"branch","line":19,"loc":{"start":{"line":19,"column":42},"end":{"line":24,"column":3}},"locations":[{"start":{"line":19,"column":42},"end":{"line":24,"column":3}}]}},"b":{"0":[23],"1":[18],"2":[8],"3":[5],"4":[4],"5":[2],"6":[6],"7":[4],"8":[3]},"fnMap":{"0":{"name":"validatePricingInput","decl":{"start":{"line":6,"column":7},"end":{"line":10,"column":1}},"loc":{"start":{"line":6,"column":7},"end":{"line":10,"column":1}},"line":6},"1":{"name":"validateQuantity","decl":{"start":{"line":12,"column":7},"end":{"line":16,"column":1}},"loc":{"start":{"line":12,"column":7},"end":{"line":16,"column":1}},"line":12},"2":{"name":"validatePageCount","decl":{"start":{"line":18,"column":7},"end":{"line":25,"column":1}},"loc":{"start":{"line":18,"column":7},"end":{"line":25,"column":1}},"line":18}},"f":{"0":23,"1":5,"2":6}}
,"/home/innojini/dev/widget.creator/packages/core/src/constraints/cache.ts": {"path":"/home/innojini/dev/widget.creator/packages/core/src/constraints/cache.ts","all":false,"statementMap":{"3":{"start":{"line":4,"column":0},"end":{"line":4,"column":53}},"5":{"start":{"line":6,"column":0},"end":{"line":6,"column":22}},"11":{"start":{"line":12,"column":0},"end":{"line":12,"column":36}},"12":{"start":{"line":13,"column":0},"end":{"line":13,"column":29}},"13":{"start":{"line":14,"column":0},"end":{"line":14,"column":43}},"14":{"start":{"line":15,"column":0},"end":{"line":15,"column":25}},"15":{"start":{"line":16,"column":0},"end":{"line":16,"column":40}},"17":{"start":{"line":18,"column":0},"end":{"line":18,"column":44}},"19":{"start":{"line":20,"column":0},"end":{"line":20,"column":45}},"20":{"start":{"line":21,"column":0},"end":{"line":21,"column":97}},"21":{"start":{"line":22,"column":0},"end":{"line":22,"column":39}},"22":{"start":{"line":23,"column":0},"end":{"line":23,"column":30}},"23":{"start":{"line":24,"column":0},"end":{"line":24,"column":3}},"25":{"start":{"line":26,"column":0},"end":{"line":26,"column":30}},"26":{"start":{"line":27,"column":0},"end":{"line":27,"column":16}},"27":{"start":{"line":28,"column":0},"end":{"line":28,"column":1}},"30":{"start":{"line":31,"column":0},"end":{"line":31,"column":67}},"31":{"start":{"line":32,"column":0},"end":{"line":32,"column":65}},"32":{"start":{"line":33,"column":0},"end":{"line":33,"column":43}},"33":{"start":{"line":34,"column":0},"end":{"line":34,"column":44}},"34":{"start":{"line":35,"column":0},"end":{"line":35,"column":15}},"36":{"start":{"line":37,"column":0},"end":{"line":37,"column":50}},"37":{"start":{"line":38,"column":0},"end":{"line":38,"column":1}}},"s":{"3":1,"5":1,"11":1,"12":5,"13":5,"14":5,"15":5,"17":5,"19":5,"20":3,"21":3,"22":3,"23":3,"25":4,"26":4,"27":4,"30":1,"31":18,"32":18,"33":18,"34":18,"36":18,"37":18},"branchMap":{"0":{"type":"branch","line":12,"loc":{"start":{"line":12,"column":7},"end":{"line":28,"column":1}},"locations":[{"start":{"line":12,"column":7},"end":{"line":28,"column":1}}]},"1":{"type":"branch","line":20,"loc":{"start":{"line":20,"column":44},"end":{"line":24,"column":3}},"locations":[{"start":{"line":20,"column":44},"end":{"line":24,"column":3}}]},"2":{"type":"branch","line":23,"loc":{"start":{"line":23,"column":16},"end":{"line":23,"column":30}},"locations":[{"start":{"line":23,"column":16},"end":{"line":23,"column":30}}]},"3":{"type":"branch","line":24,"loc":{"start":{"line":24,"column":2},"end":{"line":28,"column":1}},"locations":[{"start":{"line":24,"column":2},"end":{"line":28,"column":1}}]},"4":{"type":"branch","line":31,"loc":{"start":{"line":31,"column":7},"end":{"line":38,"column":1}},"locations":[{"start":{"line":31,"column":7},"end":{"line":38,"column":1}}]},"5":{"type":"branch","line":33,"loc":{"start":{"line":33,"column":10},"end":{"line":33,"column":42}},"locations":[{"start":{"line":33,"column":10},"end":{"line":33,"column":42}}]},"6":{"type":"branch","line":34,"loc":{"start":{"line":34,"column":9},"end":{"line":34,"column":43}},"locations":[{"start":{"line":34,"column":9},"end":{"line":34,"column":43}}]}},"b":{"0":[5],"1":[3],"2":[1],"3":[4],"4":[18],"5":[15],"6":[32]},"fnMap":{"0":{"name":"evaluateWithTimeout","decl":{"start":{"line":12,"column":7},"end":{"line":28,"column":1}},"loc":{"start":{"line":12,"column":7},"end":{"line":28,"column":1}},"line":12},"1":{"name":"buildCacheKey","decl":{"start":{"line":31,"column":7},"end":{"line":38,"column":1}},"loc":{"start":{"line":31,"column":7},"end":{"line":38,"column":1}},"line":31}},"f":{"0":5,"1":18}}
,"/home/innojini/dev/widget.creator/packages/core/src/constraints/cycle-detector.ts": {"path":"/home/innojini/dev/widget.creator/packages/core/src/constraints/cycle-detector.ts","all":false,"statementMap":{"8":{"start":{"line":9,"column":0},"end":{"line":9,"column":81}},"9":{"start":{"line":10,"column":0},"end":{"line":10,"column":44}},"10":{"start":{"line":11,"column":0},"end":{"line":11,"column":37}},"13":{"start":{"line":14,"column":0},"end":{"line":14,"column":35}},"14":{"start":{"line":15,"column":0},"end":{"line":15,"column":37}},"15":{"start":{"line":16,"column":0},"end":{"line":16,"column":36}},"16":{"start":{"line":17,"column":0},"end":{"line":17,"column":57}},"17":{"start":{"line":18,"column":0},"end":{"line":18,"column":37}},"18":{"start":{"line":19,"column":0},"end":{"line":19,"column":44}},"19":{"start":{"line":20,"column":0},"end":{"line":20,"column":3}},"22":{"start":{"line":23,"column":0},"end":{"line":23,"column":45}},"23":{"start":{"line":24,"column":0},"end":{"line":24,"column":32}},"24":{"start":{"line":25,"column":0},"end":{"line":25,"column":51}},"25":{"start":{"line":26,"column":0},"end":{"line":26,"column":3}},"26":{"start":{"line":27,"column":0},"end":{"line":27,"column":37}},"27":{"start":{"line":28,"column":0},"end":{"line":28,"column":35}},"28":{"start":{"line":29,"column":0},"end":{"line":29,"column":58}},"29":{"start":{"line":30,"column":0},"end":{"line":30,"column":5}},"30":{"start":{"line":31,"column":0},"end":{"line":31,"column":3}},"33":{"start":{"line":34,"column":0},"end":{"line":34,"column":29}},"34":{"start":{"line":35,"column":0},"end":{"line":35,"column":37}},"35":{"start":{"line":36,"column":0},"end":{"line":36,"column":34}},"36":{"start":{"line":37,"column":0},"end":{"line":37,"column":3}},"38":{"start":{"line":39,"column":0},"end":{"line":39,"column":18}},"40":{"start":{"line":41,"column":0},"end":{"line":41,"column":28}},"41":{"start":{"line":42,"column":0},"end":{"line":42,"column":32}},"42":{"start":{"line":43,"column":0},"end":{"line":43,"column":14}},"43":{"start":{"line":44,"column":0},"end":{"line":44,"column":48}},"44":{"start":{"line":45,"column":0},"end":{"line":45,"column":52}},"45":{"start":{"line":46,"column":0},"end":{"line":46,"column":34}},"46":{"start":{"line":47,"column":0},"end":{"line":47,"column":42}},"47":{"start":{"line":48,"column":0},"end":{"line":48,"column":5}},"48":{"start":{"line":49,"column":0},"end":{"line":49,"column":3}},"50":{"start":{"line":51,"column":0},"end":{"line":51,"column":32}},"52":{"start":{"line":53,"column":0},"end":{"line":53,"column":47}},"53":{"start":{"line":54,"column":0},"end":{"line":54,"column":35}},"54":{"start":{"line":55,"column":0},"end":{"line":55,"column":33}},"55":{"start":{"line":56,"column":0},"end":{"line":56,"column":23}},"56":{"start":{"line":57,"column":0},"end":{"line":57,"column":3}},"58":{"start":{"line":59,"column":0},"end":{"line":59,"column":14}},"59":{"start":{"line":60,"column":0},"end":{"line":60,"column":1}}},"s":{"8":1,"9":8,"10":8,"13":8,"14":20,"15":20,"16":20,"17":20,"18":20,"19":20,"22":8,"23":8,"24":22,"25":22,"26":8,"27":18,"28":20,"29":20,"30":18,"33":8,"34":8,"35":22,"36":22,"38":8,"40":8,"41":11,"42":11,"43":11,"44":9,"45":9,"46":9,"47":9,"48":11,"50":8,"52":5,"53":5,"54":5,"55":5,"56":5,"58":3,"59":3},"branchMap":{"0":{"type":"branch","line":9,"loc":{"start":{"line":9,"column":7},"end":{"line":60,"column":1}},"locations":[{"start":{"line":9,"column":7},"end":{"line":60,"column":1}}]},"1":{"type":"branch","line":14,"loc":{"start":{"line":14,"column":34},"end":{"line":20,"column":3}},"locations":[{"start":{"line":14,"column":34},"end":{"line":20,"column":3}}]},"2":{"type":"branch","line":17,"loc":{"start":{"line":17,"column":49},"end":{"line":17,"column":57}},"locations":[{"start":{"line":17,"column":49},"end":{"line":17,"column":57}}]},"3":{"type":"branch","line":24,"loc":{"start":{"line":24,"column":31},"end":{"line":26,"column":3}},"locations":[{"start":{"line":24,"column":31},"end":{"line":26,"column":3}}]},"4":{"type":"branch","line":27,"loc":{"start":{"line":27,"column":36},"end":{"line":31,"column":3}},"locations":[{"start":{"line":27,"column":36},"end":{"line":31,"column":3}}]},"5":{"type":"branch","line":28,"loc":{"start":{"line":28,"column":34},"end":{"line":30,"column":5}},"locations":[{"start":{"line":28,"column":34},"end":{"line":30,"column":5}}]},"6":{"type":"branch","line":29,"loc":{"start":{"line":29,"column":45},"end":{"line":29,"column":55}},"locations":[{"start":{"line":29,"column":45},"end":{"line":29,"column":55}}]},"7":{"type":"branch","line":35,"loc":{"start":{"line":35,"column":36},"end":{"line":37,"column":3}},"locations":[{"start":{"line":35,"column":36},"end":{"line":37,"column":3}}]},"8":{"type":"branch","line":36,"loc":{"start":{"line":36,"column":19},"end":{"line":36,"column":34}},"locations":[{"start":{"line":36,"column":19},"end":{"line":36,"column":34}}]},"9":{"type":"branch","line":41,"loc":{"start":{"line":41,"column":27},"end":{"line":49,"column":3}},"locations":[{"start":{"line":41,"column":27},"end":{"line":49,"column":3}}]},"10":{"type":"branch","line":44,"loc":{"start":{"line":44,"column":38},"end":{"line":44,"column":47}},"locations":[{"start":{"line":44,"column":38},"end":{"line":44,"column":47}}]},"11":{"type":"branch","line":44,"loc":{"start":{"line":44,"column":47},"end":{"line":48,"column":5}},"locations":[{"start":{"line":44,"column":47},"end":{"line":48,"column":5}}]},"12":{"type":"branch","line":45,"loc":{"start":{"line":45,"column":40},"end":{"line":45,"column":50}},"locations":[{"start":{"line":45,"column":40},"end":{"line":45,"column":50}}]},"13":{"type":"branch","line":47,"loc":{"start":{"line":47,"column":24},"end":{"line":47,"column":42}},"locations":[{"start":{"line":47,"column":24},"end":{"line":47,"column":42}}]},"14":{"type":"branch","line":51,"loc":{"start":{"line":51,"column":31},"end":{"line":57,"column":3}},"locations":[{"start":{"line":51,"column":31},"end":{"line":57,"column":3}}]},"15":{"type":"branch","line":57,"loc":{"start":{"line":57,"column":2},"end":{"line":60,"column":1}},"locations":[{"start":{"line":57,"column":2},"end":{"line":60,"column":1}}]},"16":{"type":"branch","line":54,"loc":{"start":{"line":54,"column":14},"end":{"line":54,"column":34}},"locations":[{"start":{"line":54,"column":14},"end":{"line":54,"column":34}}]},"17":{"type":"branch","line":55,"loc":{"start":{"line":55,"column":11},"end":{"line":55,"column":31}},"locations":[{"start":{"line":55,"column":11},"end":{"line":55,"column":31}}]}},"b":{"0":[8],"1":[20],"2":[18],"3":[22],"4":[18],"5":[20],"6":[0],"7":[22],"8":[3],"9":[11],"10":[4],"11":[9],"12":[0],"13":[8],"14":[5],"15":[3],"16":[13],"17":[11]},"fnMap":{"0":{"name":"detectCycles","decl":{"start":{"line":9,"column":7},"end":{"line":60,"column":1}},"loc":{"start":{"line":9,"column":7},"end":{"line":60,"column":1}},"line":9}},"f":{"0":8}}
,"/home/innojini/dev/widget.creator/packages/core/src/constraints/evaluator.ts": {"path":"/home/innojini/dev/widget.creator/packages/core/src/constraints/evaluator.ts","all":false,"statementMap":{"4":{"start":{"line":5,"column":0},"end":{"line":5,"column":59}},"5":{"start":{"line":6,"column":0},"end":{"line":6,"column":61}},"6":{"start":{"line":7,"column":0},"end":{"line":7,"column":71}},"15":{"start":{"line":16,"column":0},"end":{"line":16,"column":87}},"16":{"start":{"line":17,"column":0},"end":{"line":17,"column":38}},"18":{"start":{"line":19,"column":0},"end":{"line":19,"column":46}},"19":{"start":{"line":20,"column":0},"end":{"line":20,"column":53}},"20":{"start":{"line":21,"column":0},"end":{"line":21,"column":47}},"23":{"start":{"line":24,"column":0},"end":{"line":24,"column":46}},"24":{"start":{"line":25,"column":0},"end":{"line":25,"column":55}},"25":{"start":{"line":26,"column":0},"end":{"line":26,"column":4}},"28":{"start":{"line":29,"column":0},"end":{"line":29,"column":68}},"30":{"start":{"line":31,"column":0},"end":{"line":31,"column":36}},"31":{"start":{"line":32,"column":0},"end":{"line":32,"column":67}},"33":{"start":{"line":34,"column":0},"end":{"line":34,"column":39}},"34":{"start":{"line":35,"column":0},"end":{"line":35,"column":79}},"35":{"start":{"line":36,"column":0},"end":{"line":36,"column":81}},"36":{"start":{"line":37,"column":0},"end":{"line":37,"column":44}},"37":{"start":{"line":38,"column":0},"end":{"line":38,"column":27}},"38":{"start":{"line":39,"column":0},"end":{"line":39,"column":36}},"39":{"start":{"line":40,"column":0},"end":{"line":40,"column":50}},"40":{"start":{"line":41,"column":0},"end":{"line":41,"column":9}},"41":{"start":{"line":42,"column":0},"end":{"line":42,"column":53}},"43":{"start":{"line":44,"column":0},"end":{"line":44,"column":45}},"44":{"start":{"line":45,"column":0},"end":{"line":45,"column":57}},"45":{"start":{"line":46,"column":0},"end":{"line":46,"column":116}},"46":{"start":{"line":47,"column":0},"end":{"line":47,"column":11}},"47":{"start":{"line":48,"column":0},"end":{"line":48,"column":7}},"48":{"start":{"line":49,"column":0},"end":{"line":49,"column":5}},"50":{"start":{"line":51,"column":0},"end":{"line":51,"column":30}},"51":{"start":{"line":52,"column":0},"end":{"line":52,"column":23}},"52":{"start":{"line":53,"column":0},"end":{"line":53,"column":36}},"53":{"start":{"line":54,"column":0},"end":{"line":54,"column":50}},"54":{"start":{"line":55,"column":0},"end":{"line":55,"column":82}},"55":{"start":{"line":56,"column":0},"end":{"line":56,"column":44}},"56":{"start":{"line":57,"column":0},"end":{"line":57,"column":44}},"57":{"start":{"line":58,"column":0},"end":{"line":58,"column":9}},"58":{"start":{"line":59,"column":0},"end":{"line":59,"column":5}},"59":{"start":{"line":60,"column":0},"end":{"line":60,"column":3}},"62":{"start":{"line":63,"column":0},"end":{"line":63,"column":55}},"63":{"start":{"line":64,"column":0},"end":{"line":64,"column":56}},"64":{"start":{"line":65,"column":0},"end":{"line":65,"column":59}},"65":{"start":{"line":66,"column":0},"end":{"line":66,"column":58}},"68":{"start":{"line":69,"column":0},"end":{"line":69,"column":10}},"69":{"start":{"line":70,"column":0},"end":{"line":70,"column":30}},"70":{"start":{"line":71,"column":0},"end":{"line":71,"column":30}},"71":{"start":{"line":72,"column":0},"end":{"line":72,"column":15}},"72":{"start":{"line":73,"column":0},"end":{"line":73,"column":52}},"73":{"start":{"line":74,"column":0},"end":{"line":74,"column":4}},"74":{"start":{"line":75,"column":0},"end":{"line":75,"column":1}},"77":{"start":{"line":78,"column":0},"end":{"line":78,"column":41}},"78":{"start":{"line":79,"column":0},"end":{"line":79,"column":31}},"79":{"start":{"line":80,"column":0},"end":{"line":80,"column":29}},"80":{"start":{"line":81,"column":0},"end":{"line":81,"column":27}},"81":{"start":{"line":82,"column":0},"end":{"line":82,"column":38}},"82":{"start":{"line":83,"column":0},"end":{"line":83,"column":21}},"83":{"start":{"line":84,"column":0},"end":{"line":84,"column":67}},"85":{"start":{"line":86,"column":0},"end":{"line":86,"column":22}},"86":{"start":{"line":87,"column":0},"end":{"line":87,"column":68}},"88":{"start":{"line":89,"column":0},"end":{"line":89,"column":27}},"89":{"start":{"line":90,"column":0},"end":{"line":90,"column":93}},"91":{"start":{"line":92,"column":0},"end":{"line":92,"column":12}},"93":{"start":{"line":94,"column":0},"end":{"line":94,"column":49}},"94":{"start":{"line":95,"column":0},"end":{"line":95,"column":3}},"95":{"start":{"line":96,"column":0},"end":{"line":96,"column":1}},"98":{"start":{"line":99,"column":0},"end":{"line":99,"column":24}},"99":{"start":{"line":100,"column":0},"end":{"line":100,"column":33}},"100":{"start":{"line":101,"column":0},"end":{"line":101,"column":22}},"101":{"start":{"line":102,"column":0},"end":{"line":102,"column":19}},"102":{"start":{"line":103,"column":0},"end":{"line":103,"column":9}},"103":{"start":{"line":104,"column":0},"end":{"line":104,"column":50}},"104":{"start":{"line":105,"column":0},"end":{"line":105,"column":53}},"105":{"start":{"line":106,"column":0},"end":{"line":106,"column":1}},"108":{"start":{"line":109,"column":0},"end":{"line":109,"column":43}},"109":{"start":{"line":110,"column":0},"end":{"line":110,"column":34}},"110":{"start":{"line":111,"column":0},"end":{"line":111,"column":41}},"111":{"start":{"line":112,"column":0},"end":{"line":112,"column":30}},"112":{"start":{"line":113,"column":0},"end":{"line":113,"column":9}},"115":{"start":{"line":116,"column":0},"end":{"line":116,"column":1}},"118":{"start":{"line":119,"column":0},"end":{"line":119,"column":44}},"119":{"start":{"line":120,"column":0},"end":{"line":120,"column":34}},"120":{"start":{"line":121,"column":0},"end":{"line":121,"column":41}},"121":{"start":{"line":122,"column":0},"end":{"line":122,"column":30}},"122":{"start":{"line":123,"column":0},"end":{"line":123,"column":9}},"124":{"start":{"line":125,"column":0},"end":{"line":125,"column":1}},"127":{"start":{"line":128,"column":0},"end":{"line":128,"column":47}},"128":{"start":{"line":129,"column":0},"end":{"line":129,"column":34}},"129":{"start":{"line":130,"column":0},"end":{"line":130,"column":41}},"130":{"start":{"line":131,"column":0},"end":{"line":131,"column":30}},"131":{"start":{"line":132,"column":0},"end":{"line":132,"column":9}},"133":{"start":{"line":134,"column":0},"end":{"line":134,"column":1}},"136":{"start":{"line":137,"column":0},"end":{"line":137,"column":46}},"137":{"start":{"line":138,"column":0},"end":{"line":138,"column":34}},"138":{"start":{"line":139,"column":0},"end":{"line":139,"column":41}},"139":{"start":{"line":140,"column":0},"end":{"line":140,"column":30}},"140":{"start":{"line":141,"column":0},"end":{"line":141,"column":9}},"142":{"start":{"line":143,"column":0},"end":{"line":143,"column":1}}},"s":{"4":1,"5":1,"6":1,"15":1,"16":8,"18":8,"19":8,"20":8,"23":8,"24":8,"25":8,"28":8,"30":8,"31":8,"33":8,"34":3,"35":8,"36":4,"37":4,"38":4,"39":4,"40":4,"41":5,"43":1,"44":1,"45":1,"46":1,"47":1,"48":1,"50":8,"51":0,"52":0,"53":0,"54":0,"55":0,"56":0,"57":0,"58":0,"59":8,"62":8,"63":8,"64":8,"65":8,"68":8,"69":8,"70":8,"71":8,"72":8,"73":8,"74":8,"77":1,"78":12,"79":12,"80":12,"81":12,"82":12,"83":8,"85":12,"86":2,"88":12,"89":1,"91":12,"93":1,"94":12,"95":12,"98":4,"99":4,"100":4,"101":4,"102":4,"103":4,"104":4,"105":4,"108":1,"109":8,"110":8,"111":8,"112":8,"115":8,"118":1,"119":8,"120":8,"121":8,"122":8,"124":8,"127":1,"128":8,"129":8,"130":8,"131":8,"133":8,"136":1,"137":8,"138":8,"139":8,"140":8,"142":8},"branchMap":{"0":{"type":"branch","line":16,"loc":{"start":{"line":16,"column":7},"end":{"line":75,"column":1}},"locations":[{"start":{"line":16,"column":7},"end":{"line":75,"column":1}}]},"1":{"type":"branch","line":31,"loc":{"start":{"line":31,"column":35},"end":{"line":60,"column":3}},"locations":[{"start":{"line":31,"column":35},"end":{"line":60,"column":3}}]},"2":{"type":"branch","line":34,"loc":{"start":{"line":34,"column":38},"end":{"line":36,"column":15}},"locations":[{"start":{"line":34,"column":38},"end":{"line":36,"column":15}}]},"3":{"type":"branch","line":35,"loc":{"start":{"line":35,"column":65},"end":{"line":35,"column":77}},"locations":[{"start":{"line":35,"column":65},"end":{"line":35,"column":77}}]},"4":{"type":"branch","line":36,"loc":{"start":{"line":36,"column":4},"end":{"line":49,"column":5}},"locations":[{"start":{"line":36,"column":4},"end":{"line":49,"column":5}}]},"5":{"type":"branch","line":36,"loc":{"start":{"line":36,"column":37},"end":{"line":36,"column":80}},"locations":[{"start":{"line":36,"column":37},"end":{"line":36,"column":80}}]},"6":{"type":"branch","line":36,"loc":{"start":{"line":36,"column":80},"end":{"line":42,"column":15}},"locations":[{"start":{"line":36,"column":80},"end":{"line":42,"column":15}}]},"7":{"type":"branch","line":40,"loc":{"start":{"line":40,"column":32},"end":{"line":40,"column":50}},"locations":[{"start":{"line":40,"column":32},"end":{"line":40,"column":50}}]},"8":{"type":"branch","line":42,"loc":{"start":{"line":42,"column":4},"end":{"line":49,"column":5}},"locations":[{"start":{"line":42,"column":4},"end":{"line":49,"column":5}}]},"9":{"type":"branch","line":51,"loc":{"start":{"line":51,"column":29},"end":{"line":59,"column":5}},"locations":[{"start":{"line":51,"column":29},"end":{"line":59,"column":5}}]},"10":{"type":"branch","line":25,"loc":{"start":{"line":25,"column":4},"end":{"line":25,"column":55}},"locations":[{"start":{"line":25,"column":4},"end":{"line":25,"column":55}}]},"11":{"type":"branch","line":25,"loc":{"start":{"line":25,"column":31},"end":{"line":25,"column":55}},"locations":[{"start":{"line":25,"column":31},"end":{"line":25,"column":55}}]},"12":{"type":"branch","line":29,"loc":{"start":{"line":29,"column":33},"end":{"line":29,"column":66}},"locations":[{"start":{"line":29,"column":33},"end":{"line":29,"column":66}}]},"13":{"type":"branch","line":78,"loc":{"start":{"line":78,"column":7},"end":{"line":96,"column":1}},"locations":[{"start":{"line":78,"column":7},"end":{"line":96,"column":1}}]},"14":{"type":"branch","line":83,"loc":{"start":{"line":83,"column":4},"end":{"line":84,"column":67}},"locations":[{"start":{"line":83,"column":4},"end":{"line":84,"column":67}}]},"15":{"type":"branch","line":86,"loc":{"start":{"line":86,"column":4},"end":{"line":87,"column":68}},"locations":[{"start":{"line":86,"column":4},"end":{"line":87,"column":68}}]},"16":{"type":"branch","line":89,"loc":{"start":{"line":89,"column":4},"end":{"line":90,"column":93}},"locations":[{"start":{"line":89,"column":4},"end":{"line":90,"column":93}}]},"17":{"type":"branch","line":92,"loc":{"start":{"line":92,"column":4},"end":{"line":94,"column":49}},"locations":[{"start":{"line":92,"column":4},"end":{"line":94,"column":49}}]},"18":{"type":"branch","line":99,"loc":{"start":{"line":99,"column":0},"end":{"line":106,"column":1}},"locations":[{"start":{"line":99,"column":0},"end":{"line":106,"column":1}}]},"19":{"type":"branch","line":104,"loc":{"start":{"line":104,"column":42},"end":{"line":104,"column":50}},"locations":[{"start":{"line":104,"column":42},"end":{"line":104,"column":50}}]},"20":{"type":"branch","line":109,"loc":{"start":{"line":109,"column":7},"end":{"line":116,"column":1}},"locations":[{"start":{"line":109,"column":7},"end":{"line":116,"column":1}}]},"21":{"type":"branch","line":119,"loc":{"start":{"line":119,"column":7},"end":{"line":125,"column":1}},"locations":[{"start":{"line":119,"column":7},"end":{"line":125,"column":1}}]},"22":{"type":"branch","line":128,"loc":{"start":{"line":128,"column":7},"end":{"line":134,"column":1}},"locations":[{"start":{"line":128,"column":7},"end":{"line":134,"column":1}}]},"23":{"type":"branch","line":137,"loc":{"start":{"line":137,"column":7},"end":{"line":143,"column":1}},"locations":[{"start":{"line":137,"column":7},"end":{"line":143,"column":1}}]}},"b":{"0":[8],"1":[8],"2":[3],"3":[0],"4":[5],"5":[1],"6":[4],"7":[0],"8":[1],"9":[0],"10":[10],"11":[9],"12":[2],"13":[12],"14":[8],"15":[2],"16":[1],"17":[1],"18":[4],"19":[3],"20":[8],"21":[8],"22":[8],"23":[8]},"fnMap":{"0":{"name":"evaluateConstraints","decl":{"start":{"line":16,"column":7},"end":{"line":75,"column":1}},"loc":{"start":{"line":16,"column":7},"end":{"line":75,"column":1}},"line":16},"1":{"name":"evaluateSingleConstraint","decl":{"start":{"line":78,"column":7},"end":{"line":96,"column":1}},"loc":{"start":{"line":78,"column":7},"end":{"line":96,"column":1}},"line":78},"2":{"name":"mergeAvailable","decl":{"start":{"line":99,"column":0},"end":{"line":106,"column":1}},"loc":{"start":{"line":99,"column":0},"end":{"line":106,"column":1}},"line":99},"3":{"name":"postProcessSizeConstraints","decl":{"start":{"line":109,"column":7},"end":{"line":116,"column":1}},"loc":{"start":{"line":109,"column":7},"end":{"line":116,"column":1}},"line":109},"4":{"name":"postProcessPaperConstraints","decl":{"start":{"line":119,"column":7},"end":{"line":125,"column":1}},"loc":{"start":{"line":119,"column":7},"end":{"line":125,"column":1}},"line":119},"5":{"name":"postProcessQuantityConstraints","decl":{"start":{"line":128,"column":7},"end":{"line":134,"column":1}},"loc":{"start":{"line":128,"column":7},"end":{"line":134,"column":1}},"line":128},"6":{"name":"postProcessCuttingConstraints","decl":{"start":{"line":137,"column":7},"end":{"line":143,"column":1}},"loc":{"start":{"line":137,"column":7},"end":{"line":143,"column":1}},"line":137}},"f":{"0":8,"1":12,"2":4,"3":8,"4":8,"5":8,"6":8}}
,"/home/innojini/dev/widget.creator/packages/core/src/constraints/merger.ts": {"path":"/home/innojini/dev/widget.creator/packages/core/src/constraints/merger.ts","all":false,"statementMap":{"9":{"start":{"line":10,"column":0},"end":{"line":10,"column":38}},"10":{"start":{"line":11,"column":0},"end":{"line":11,"column":38}},"11":{"start":{"line":12,"column":0},"end":{"line":12,"column":44}},"12":{"start":{"line":13,"column":0},"end":{"line":13,"column":24}},"13":{"start":{"line":14,"column":0},"end":{"line":14,"column":55}},"16":{"start":{"line":17,"column":0},"end":{"line":17,"column":41}},"17":{"start":{"line":18,"column":0},"end":{"line":18,"column":24}},"18":{"start":{"line":19,"column":0},"end":{"line":19,"column":25}},"19":{"start":{"line":20,"column":0},"end":{"line":20,"column":18}},"20":{"start":{"line":21,"column":0},"end":{"line":21,"column":34}},"21":{"start":{"line":22,"column":0},"end":{"line":22,"column":34}},"22":{"start":{"line":23,"column":0},"end":{"line":23,"column":30}},"23":{"start":{"line":24,"column":0},"end":{"line":24,"column":28}},"24":{"start":{"line":25,"column":0},"end":{"line":25,"column":22}},"25":{"start":{"line":26,"column":0},"end":{"line":26,"column":28}},"26":{"start":{"line":27,"column":0},"end":{"line":27,"column":28}},"27":{"start":{"line":28,"column":0},"end":{"line":28,"column":7}},"28":{"start":{"line":29,"column":0},"end":{"line":29,"column":3}},"31":{"start":{"line":32,"column":0},"end":{"line":32,"column":37}},"32":{"start":{"line":33,"column":0},"end":{"line":33,"column":70}},"33":{"start":{"line":34,"column":0},"end":{"line":34,"column":21}},"34":{"start":{"line":35,"column":0},"end":{"line":35,"column":21}},"35":{"start":{"line":36,"column":0},"end":{"line":36,"column":10}},"36":{"start":{"line":37,"column":0},"end":{"line":37,"column":34}},"37":{"start":{"line":38,"column":0},"end":{"line":38,"column":34}},"38":{"start":{"line":39,"column":0},"end":{"line":39,"column":30}},"39":{"start":{"line":40,"column":0},"end":{"line":40,"column":28}},"40":{"start":{"line":41,"column":0},"end":{"line":41,"column":22}},"41":{"start":{"line":42,"column":0},"end":{"line":42,"column":28}},"42":{"start":{"line":43,"column":0},"end":{"line":43,"column":28}},"43":{"start":{"line":44,"column":0},"end":{"line":44,"column":7}},"44":{"start":{"line":45,"column":0},"end":{"line":45,"column":3}},"46":{"start":{"line":47,"column":0},"end":{"line":47,"column":54}},"47":{"start":{"line":48,"column":0},"end":{"line":48,"column":1}}},"s":{"9":1,"10":8,"11":8,"12":8,"13":8,"16":8,"17":6,"18":6,"19":6,"20":6,"21":6,"22":6,"23":6,"24":6,"25":6,"26":6,"27":6,"28":6,"31":8,"32":5,"33":5,"34":5,"35":5,"36":5,"37":5,"38":5,"39":5,"40":5,"41":5,"42":5,"43":5,"44":5,"46":8,"47":8},"branchMap":{"0":{"type":"branch","line":10,"loc":{"start":{"line":10,"column":7},"end":{"line":48,"column":1}},"locations":[{"start":{"line":10,"column":7},"end":{"line":48,"column":1}}]},"1":{"type":"branch","line":17,"loc":{"start":{"line":17,"column":40},"end":{"line":29,"column":3}},"locations":[{"start":{"line":17,"column":40},"end":{"line":29,"column":3}}]},"2":{"type":"branch","line":32,"loc":{"start":{"line":32,"column":36},"end":{"line":45,"column":3}},"locations":[{"start":{"line":32,"column":36},"end":{"line":45,"column":3}}]}},"b":{"0":[8],"1":[6],"2":[5]},"fnMap":{"0":{"name":"mergeConstraintLayers","decl":{"start":{"line":10,"column":7},"end":{"line":48,"column":1}},"loc":{"start":{"line":10,"column":7},"end":{"line":48,"column":1}},"line":10}},"f":{"0":8}}
,"/home/innojini/dev/widget.creator/packages/core/src/constraints/types.ts": {"path":"/home/innojini/dev/widget.creator/packages/core/src/constraints/types.ts","all":true,"statementMap":{},"s":{},"branchMap":{"0":{"type":"branch","line":1,"loc":{"start":{"line":1,"column":1803},"end":{"line":69,"column":1}},"locations":[{"start":{"line":1,"column":1803},"end":{"line":69,"column":1}}]}},"b":{"0":[1]},"fnMap":{"0":{"name":"(empty-report)","decl":{"start":{"line":1,"column":1803},"end":{"line":69,"column":1}},"loc":{"start":{"line":1,"column":1803},"end":{"line":69,"column":1}},"line":1}},"f":{"0":1}}
,"/home/innojini/dev/widget.creator/packages/core/src/constraints/handlers/paper-condition.ts": {"path":"/home/innojini/dev/widget.creator/packages/core/src/constraints/handlers/paper-condition.ts","all":false,"statementMap":{"9":{"start":{"line":10,"column":0},"end":{"line":10,"column":39}},"10":{"start":{"line":11,"column":0},"end":{"line":11,"column":31}},"11":{"start":{"line":12,"column":0},"end":{"line":12,"column":42}},"12":{"start":{"line":13,"column":0},"end":{"line":13,"column":18}},"13":{"start":{"line":14,"column":0},"end":{"line":14,"column":27}},"14":{"start":{"line":15,"column":0},"end":{"line":15,"column":53}},"15":{"start":{"line":16,"column":0},"end":{"line":16,"column":24}},"16":{"start":{"line":17,"column":0},"end":{"line":17,"column":50}},"17":{"start":{"line":18,"column":0},"end":{"line":18,"column":3}},"19":{"start":{"line":20,"column":0},"end":{"line":20,"column":69}},"20":{"start":{"line":21,"column":0},"end":{"line":21,"column":15}},"21":{"start":{"line":22,"column":0},"end":{"line":22,"column":50}},"22":{"start":{"line":23,"column":0},"end":{"line":23,"column":3}},"24":{"start":{"line":25,"column":0},"end":{"line":25,"column":27}},"25":{"start":{"line":26,"column":0},"end":{"line":26,"column":40}},"26":{"start":{"line":27,"column":0},"end":{"line":27,"column":51}},"28":{"start":{"line":29,"column":0},"end":{"line":29,"column":32}},"29":{"start":{"line":30,"column":0},"end":{"line":30,"column":15}},"30":{"start":{"line":31,"column":0},"end":{"line":31,"column":52}},"31":{"start":{"line":32,"column":0},"end":{"line":32,"column":12}},"32":{"start":{"line":33,"column":0},"end":{"line":33,"column":15}},"33":{"start":{"line":34,"column":0},"end":{"line":34,"column":52}},"34":{"start":{"line":35,"column":0},"end":{"line":35,"column":12}},"35":{"start":{"line":36,"column":0},"end":{"line":36,"column":14}},"36":{"start":{"line":37,"column":0},"end":{"line":37,"column":62}},"37":{"start":{"line":38,"column":0},"end":{"line":38,"column":12}},"38":{"start":{"line":39,"column":0},"end":{"line":39,"column":12}},"39":{"start":{"line":40,"column":0},"end":{"line":40,"column":27}},"40":{"start":{"line":41,"column":0},"end":{"line":41,"column":3}},"42":{"start":{"line":43,"column":0},"end":{"line":43,"column":10}},"43":{"start":{"line":44,"column":0},"end":{"line":44,"column":48}},"44":{"start":{"line":45,"column":0},"end":{"line":45,"column":20}},"45":{"start":{"line":46,"column":0},"end":{"line":46,"column":4}},"46":{"start":{"line":47,"column":0},"end":{"line":47,"column":1}}},"s":{"9":1,"10":10,"11":10,"12":10,"13":10,"14":10,"15":10,"16":2,"17":2,"19":8,"20":9,"21":1,"22":1,"24":7,"25":9,"26":10,"28":10,"29":10,"30":3,"31":3,"32":10,"33":2,"34":2,"35":10,"36":1,"37":1,"38":10,"39":1,"40":10,"42":7,"43":10,"44":10,"45":10,"46":10},"branchMap":{"0":{"type":"branch","line":10,"loc":{"start":{"line":10,"column":7},"end":{"line":47,"column":1}},"locations":[{"start":{"line":10,"column":7},"end":{"line":47,"column":1}}]},"1":{"type":"branch","line":16,"loc":{"start":{"line":16,"column":23},"end":{"line":18,"column":3}},"locations":[{"start":{"line":16,"column":23},"end":{"line":18,"column":3}}]},"2":{"type":"branch","line":18,"loc":{"start":{"line":18,"column":2},"end":{"line":26,"column":40}},"locations":[{"start":{"line":18,"column":2},"end":{"line":26,"column":40}}]},"3":{"type":"branch","line":18,"loc":{"start":{"line":18,"column":2},"end":{"line":21,"column":14}},"locations":[{"start":{"line":18,"column":2},"end":{"line":21,"column":14}}]},"4":{"type":"branch","line":21,"loc":{"start":{"line":21,"column":14},"end":{"line":23,"column":3}},"locations":[{"start":{"line":21,"column":14},"end":{"line":23,"column":3}}]},"5":{"type":"branch","line":23,"loc":{"start":{"line":23,"column":2},"end":{"line":26,"column":38}},"locations":[{"start":{"line":23,"column":2},"end":{"line":26,"column":38}}]},"6":{"type":"branch","line":26,"loc":{"start":{"line":26,"column":28},"end":{"line":26,"column":40}},"locations":[{"start":{"line":26,"column":28},"end":{"line":26,"column":40}}]},"7":{"type":"branch","line":30,"loc":{"start":{"line":30,"column":4},"end":{"line":32,"column":12}},"locations":[{"start":{"line":30,"column":4},"end":{"line":32,"column":12}}]},"8":{"type":"branch","line":33,"loc":{"start":{"line":33,"column":4},"end":{"line":35,"column":12}},"locations":[{"start":{"line":33,"column":4},"end":{"line":35,"column":12}}]},"9":{"type":"branch","line":36,"loc":{"start":{"line":36,"column":4},"end":{"line":38,"column":12}},"locations":[{"start":{"line":36,"column":4},"end":{"line":38,"column":12}}]},"10":{"type":"branch","line":39,"loc":{"start":{"line":39,"column":4},"end":{"line":40,"column":27}},"locations":[{"start":{"line":39,"column":4},"end":{"line":40,"column":27}}]},"11":{"type":"branch","line":41,"loc":{"start":{"line":41,"column":2},"end":{"line":44,"column":38}},"locations":[{"start":{"line":41,"column":2},"end":{"line":44,"column":38}}]},"12":{"type":"branch","line":41,"loc":{"start":{"line":41,"column":2},"end":{"line":44,"column":27}},"locations":[{"start":{"line":41,"column":2},"end":{"line":44,"column":27}}]},"13":{"type":"branch","line":44,"loc":{"start":{"line":44,"column":12},"end":{"line":44,"column":38}},"locations":[{"start":{"line":44,"column":12},"end":{"line":44,"column":38}}]},"14":{"type":"branch","line":44,"loc":{"start":{"line":44,"column":27},"end":{"line":44,"column":48}},"locations":[{"start":{"line":44,"column":27},"end":{"line":44,"column":48}}]},"15":{"type":"branch","line":20,"loc":{"start":{"line":20,"column":28},"end":{"line":20,"column":67}},"locations":[{"start":{"line":20,"column":28},"end":{"line":20,"column":67}}]}},"b":{"0":[10],"1":[2],"2":[9],"3":[8],"4":[1],"5":[7],"6":[1],"7":[3],"8":[2],"9":[1],"10":[1],"11":[9],"12":[7],"13":[3],"14":[4],"15":[13]},"fnMap":{"0":{"name":"evaluatePaperCondition","decl":{"start":{"line":10,"column":7},"end":{"line":47,"column":1}},"loc":{"start":{"line":10,"column":7},"end":{"line":47,"column":1}},"line":10}},"f":{"0":10}}
,"/home/innojini/dev/widget.creator/packages/core/src/constraints/handlers/size-range.ts": {"path":"/home/innojini/dev/widget.creator/packages/core/src/constraints/handlers/size-range.ts","all":false,"statementMap":{"2":{"start":{"line":3,"column":0},"end":{"line":3,"column":50}},"10":{"start":{"line":11,"column":0},"end":{"line":11,"column":34}},"11":{"start":{"line":12,"column":0},"end":{"line":12,"column":31}},"12":{"start":{"line":13,"column":0},"end":{"line":13,"column":43}},"13":{"start":{"line":14,"column":0},"end":{"line":14,"column":27}},"14":{"start":{"line":15,"column":0},"end":{"line":15,"column":42}},"15":{"start":{"line":16,"column":0},"end":{"line":16,"column":101}},"16":{"start":{"line":17,"column":0},"end":{"line":17,"column":3}},"18":{"start":{"line":19,"column":0},"end":{"line":19,"column":55}},"19":{"start":{"line":20,"column":0},"end":{"line":20,"column":55}},"21":{"start":{"line":22,"column":0},"end":{"line":22,"column":10}},"22":{"start":{"line":23,"column":0},"end":{"line":23,"column":26}},"23":{"start":{"line":24,"column":0},"end":{"line":24,"column":20}},"24":{"start":{"line":25,"column":0},"end":{"line":25,"column":39}},"25":{"start":{"line":26,"column":0},"end":{"line":26,"column":39}},"26":{"start":{"line":27,"column":0},"end":{"line":27,"column":4}},"27":{"start":{"line":28,"column":0},"end":{"line":28,"column":1}},"30":{"start":{"line":31,"column":0},"end":{"line":31,"column":55}},"31":{"start":{"line":32,"column":0},"end":{"line":32,"column":61}},"32":{"start":{"line":33,"column":0},"end":{"line":33,"column":48}},"33":{"start":{"line":34,"column":0},"end":{"line":34,"column":51}},"34":{"start":{"line":35,"column":0},"end":{"line":35,"column":49}},"35":{"start":{"line":36,"column":0},"end":{"line":36,"column":7}},"36":{"start":{"line":37,"column":0},"end":{"line":37,"column":3}},"37":{"start":{"line":38,"column":0},"end":{"line":38,"column":32}},"38":{"start":{"line":39,"column":0},"end":{"line":39,"column":1}}},"s":{"2":1,"10":1,"11":7,"12":7,"13":7,"14":7,"15":2,"16":2,"18":5,"19":5,"21":5,"22":5,"23":5,"24":5,"25":5,"26":5,"27":5,"30":10,"31":10,"32":10,"33":0,"34":0,"35":0,"36":0,"37":10,"38":10},"branchMap":{"0":{"type":"branch","line":11,"loc":{"start":{"line":11,"column":7},"end":{"line":28,"column":1}},"locations":[{"start":{"line":11,"column":7},"end":{"line":28,"column":1}}]},"1":{"type":"branch","line":15,"loc":{"start":{"line":15,"column":41},"end":{"line":17,"column":3}},"locations":[{"start":{"line":15,"column":41},"end":{"line":17,"column":3}}]},"2":{"type":"branch","line":17,"loc":{"start":{"line":17,"column":2},"end":{"line":28,"column":1}},"locations":[{"start":{"line":17,"column":2},"end":{"line":28,"column":1}}]},"3":{"type":"branch","line":31,"loc":{"start":{"line":31,"column":0},"end":{"line":39,"column":1}},"locations":[{"start":{"line":31,"column":0},"end":{"line":39,"column":1}}]},"4":{"type":"branch","line":33,"loc":{"start":{"line":33,"column":47},"end":{"line":37,"column":3}},"locations":[{"start":{"line":33,"column":47},"end":{"line":37,"column":3}}]}},"b":{"0":[7],"1":[2],"2":[5],"3":[10],"4":[0]},"fnMap":{"0":{"name":"evaluateSizeRange","decl":{"start":{"line":11,"column":7},"end":{"line":28,"column":1}},"loc":{"start":{"line":11,"column":7},"end":{"line":28,"column":1}},"line":11},"1":{"name":"parseSize","decl":{"start":{"line":31,"column":0},"end":{"line":39,"column":1}},"loc":{"start":{"line":31,"column":0},"end":{"line":39,"column":1}},"line":31}},"f":{"0":7,"1":10}}
,"/home/innojini/dev/widget.creator/packages/core/src/constraints/handlers/size-show.ts": {"path":"/home/innojini/dev/widget.creator/packages/core/src/constraints/handlers/size-show.ts","all":false,"statementMap":{"9":{"start":{"line":10,"column":0},"end":{"line":10,"column":33}},"10":{"start":{"line":11,"column":0},"end":{"line":11,"column":31}},"11":{"start":{"line":12,"column":0},"end":{"line":12,"column":42}},"12":{"start":{"line":13,"column":0},"end":{"line":13,"column":27}},"13":{"start":{"line":14,"column":0},"end":{"line":14,"column":47}},"14":{"start":{"line":15,"column":0},"end":{"line":15,"column":23}},"15":{"start":{"line":16,"column":0},"end":{"line":16,"column":47}},"16":{"start":{"line":17,"column":0},"end":{"line":17,"column":3}},"18":{"start":{"line":19,"column":0},"end":{"line":19,"column":75}},"19":{"start":{"line":20,"column":0},"end":{"line":20,"column":46}},"20":{"start":{"line":21,"column":0},"end":{"line":21,"column":36}},"21":{"start":{"line":22,"column":0},"end":{"line":22,"column":37}},"23":{"start":{"line":24,"column":0},"end":{"line":24,"column":10}},"24":{"start":{"line":25,"column":0},"end":{"line":25,"column":38}},"25":{"start":{"line":26,"column":0},"end":{"line":26,"column":20}},"26":{"start":{"line":27,"column":0},"end":{"line":27,"column":58}},"27":{"start":{"line":28,"column":0},"end":{"line":28,"column":4}},"28":{"start":{"line":29,"column":0},"end":{"line":29,"column":1}}},"s":{"9":1,"10":14,"11":14,"12":14,"13":14,"14":14,"15":7,"16":7,"18":7,"19":7,"20":5,"21":2,"23":14,"24":14,"25":14,"26":14,"27":14,"28":14},"branchMap":{"0":{"type":"branch","line":10,"loc":{"start":{"line":10,"column":7},"end":{"line":29,"column":1}},"locations":[{"start":{"line":10,"column":7},"end":{"line":29,"column":1}}]},"1":{"type":"branch","line":15,"loc":{"start":{"line":15,"column":22},"end":{"line":17,"column":3}},"locations":[{"start":{"line":15,"column":22},"end":{"line":17,"column":3}}]},"2":{"type":"branch","line":17,"loc":{"start":{"line":17,"column":2},"end":{"line":21,"column":36}},"locations":[{"start":{"line":17,"column":2},"end":{"line":21,"column":36}}]},"3":{"type":"branch","line":17,"loc":{"start":{"line":17,"column":2},"end":{"line":20,"column":46}},"locations":[{"start":{"line":17,"column":2},"end":{"line":20,"column":46}}]},"4":{"type":"branch","line":20,"loc":{"start":{"line":20,"column":42},"end":{"line":21,"column":36}},"locations":[{"start":{"line":20,"column":42},"end":{"line":21,"column":36}}]},"5":{"type":"branch","line":21,"loc":{"start":{"line":21,"column":31},"end":{"line":22,"column":37}},"locations":[{"start":{"line":21,"column":31},"end":{"line":22,"column":37}}]},"6":{"type":"branch","line":25,"loc":{"start":{"line":25,"column":12},"end":{"line":25,"column":31}},"locations":[{"start":{"line":25,"column":12},"end":{"line":25,"column":31}}]},"7":{"type":"branch","line":25,"loc":{"start":{"line":25,"column":22},"end":{"line":25,"column":38}},"locations":[{"start":{"line":25,"column":22},"end":{"line":25,"column":38}}]},"8":{"type":"branch","line":27,"loc":{"start":{"line":27,"column":12},"end":{"line":27,"column":55}},"locations":[{"start":{"line":27,"column":12},"end":{"line":27,"column":55}}]},"9":{"type":"branch","line":27,"loc":{"start":{"line":27,"column":34},"end":{"line":27,"column":51}},"locations":[{"start":{"line":27,"column":34},"end":{"line":27,"column":51}}]},"10":{"type":"branch","line":27,"loc":{"start":{"line":27,"column":51},"end":{"line":27,"column":58}},"locations":[{"start":{"line":27,"column":51},"end":{"line":27,"column":58}}]}},"b":{"0":[14],"1":[7],"2":[9],"3":[7],"4":[5],"5":[2],"6":[5],"7":[2],"8":[5],"9":[0],"10":[2]},"fnMap":{"0":{"name":"evaluateSizeShow","decl":{"start":{"line":10,"column":7},"end":{"line":29,"column":1}},"loc":{"start":{"line":10,"column":7},"end":{"line":29,"column":1}},"line":10}},"f":{"0":14}}
,"/home/innojini/dev/widget.creator/packages/core/src/options/cascade.ts": {"path":"/home/innojini/dev/widget.creator/packages/core/src/options/cascade.ts","all":false,"statementMap":{"3":{"start":{"line":4,"column":0},"end":{"line":4,"column":65}},"4":{"start":{"line":5,"column":0},"end":{"line":5,"column":45}},"10":{"start":{"line":11,"column":0},"end":{"line":11,"column":35}},"11":{"start":{"line":12,"column":0},"end":{"line":12,"column":21}},"12":{"start":{"line":13,"column":0},"end":{"line":13,"column":27}},"13":{"start":{"line":14,"column":0},"end":{"line":14,"column":24}},"14":{"start":{"line":15,"column":0},"end":{"line":15,"column":16}},"15":{"start":{"line":16,"column":0},"end":{"line":16,"column":53}},"18":{"start":{"line":19,"column":0},"end":{"line":19,"column":77}},"20":{"start":{"line":21,"column":0},"end":{"line":21,"column":50}},"21":{"start":{"line":22,"column":0},"end":{"line":22,"column":39}},"22":{"start":{"line":23,"column":0},"end":{"line":23,"column":32}},"23":{"start":{"line":24,"column":0},"end":{"line":24,"column":30}},"24":{"start":{"line":25,"column":0},"end":{"line":25,"column":5}},"26":{"start":{"line":27,"column":0},"end":{"line":27,"column":32}},"27":{"start":{"line":28,"column":0},"end":{"line":28,"column":30}},"28":{"start":{"line":29,"column":0},"end":{"line":29,"column":3}},"31":{"start":{"line":32,"column":0},"end":{"line":32,"column":48}},"32":{"start":{"line":33,"column":0},"end":{"line":33,"column":1}},"35":{"start":{"line":36,"column":0},"end":{"line":36,"column":26}},"36":{"start":{"line":37,"column":0},"end":{"line":37,"column":21}},"37":{"start":{"line":38,"column":0},"end":{"line":38,"column":45}},"38":{"start":{"line":39,"column":0},"end":{"line":39,"column":16}},"40":{"start":{"line":41,"column":0},"end":{"line":41,"column":85}},"41":{"start":{"line":42,"column":0},"end":{"line":42,"column":82}},"43":{"start":{"line":44,"column":0},"end":{"line":44,"column":40}},"44":{"start":{"line":45,"column":0},"end":{"line":45,"column":32}},"45":{"start":{"line":46,"column":0},"end":{"line":46,"column":37}},"46":{"start":{"line":47,"column":0},"end":{"line":47,"column":19}},"47":{"start":{"line":48,"column":0},"end":{"line":48,"column":30}},"48":{"start":{"line":49,"column":0},"end":{"line":49,"column":20}},"49":{"start":{"line":50,"column":0},"end":{"line":50,"column":21}},"50":{"start":{"line":51,"column":0},"end":{"line":51,"column":4}},"52":{"start":{"line":53,"column":0},"end":{"line":53,"column":37}},"54":{"start":{"line":55,"column":0},"end":{"line":55,"column":10}},"55":{"start":{"line":56,"column":0},"end":{"line":56,"column":13}},"56":{"start":{"line":57,"column":0},"end":{"line":57,"column":24}},"57":{"start":{"line":58,"column":0},"end":{"line":58,"column":30}},"58":{"start":{"line":59,"column":0},"end":{"line":59,"column":46}},"59":{"start":{"line":60,"column":0},"end":{"line":60,"column":44}},"60":{"start":{"line":61,"column":0},"end":{"line":61,"column":19}},"61":{"start":{"line":62,"column":0},"end":{"line":62,"column":15}},"62":{"start":{"line":63,"column":0},"end":{"line":63,"column":4}},"63":{"start":{"line":64,"column":0},"end":{"line":64,"column":1}}},"s":{"3":1,"4":1,"10":1,"11":9,"12":9,"13":9,"14":9,"15":9,"18":9,"20":9,"21":9,"22":9,"23":9,"24":9,"26":9,"27":12,"28":12,"31":9,"32":9,"35":9,"36":9,"37":9,"38":9,"40":9,"41":9,"43":9,"44":9,"45":9,"46":9,"47":9,"48":9,"49":9,"50":9,"52":9,"54":9,"55":9,"56":9,"57":9,"58":9,"59":9,"60":9,"61":9,"62":9,"63":9},"branchMap":{"0":{"type":"branch","line":11,"loc":{"start":{"line":11,"column":7},"end":{"line":33,"column":1}},"locations":[{"start":{"line":11,"column":7},"end":{"line":33,"column":1}}]},"1":{"type":"branch","line":27,"loc":{"start":{"line":27,"column":31},"end":{"line":29,"column":3}},"locations":[{"start":{"line":27,"column":31},"end":{"line":29,"column":3}}]},"2":{"type":"branch","line":36,"loc":{"start":{"line":36,"column":0},"end":{"line":64,"column":1}},"locations":[{"start":{"line":36,"column":0},"end":{"line":64,"column":1}}]},"3":{"type":"branch","line":41,"loc":{"start":{"line":41,"column":66},"end":{"line":41,"column":83}},"locations":[{"start":{"line":41,"column":66},"end":{"line":41,"column":83}}]},"4":{"type":"branch","line":42,"loc":{"start":{"line":42,"column":66},"end":{"line":42,"column":80}},"locations":[{"start":{"line":42,"column":66},"end":{"line":42,"column":80}}]}},"b":{"0":[9],"1":[12],"2":[9],"3":[27],"4":[27]},"fnMap":{"0":{"name":"handleOptionChange","decl":{"start":{"line":11,"column":7},"end":{"line":33,"column":1}},"loc":{"start":{"line":11,"column":7},"end":{"line":33,"column":1}},"line":11},"1":{"name":"resolveFullState","decl":{"start":{"line":36,"column":0},"end":{"line":64,"column":1}},"loc":{"start":{"line":36,"column":0},"end":{"line":64,"column":1}},"line":36}},"f":{"0":9,"1":9}}
,"/home/innojini/dev/widget.creator/packages/core/src/options/chain.ts": {"path":"/home/innojini/dev/widget.creator/packages/core/src/options/chain.ts","all":false,"statementMap":{"4":{"start":{"line":5,"column":0},"end":{"line":5,"column":31}},"5":{"start":{"line":6,"column":0},"end":{"line":6,"column":14}},"6":{"start":{"line":7,"column":0},"end":{"line":7,"column":9}},"7":{"start":{"line":8,"column":0},"end":{"line":8,"column":10}},"8":{"start":{"line":9,"column":0},"end":{"line":9,"column":11}},"9":{"start":{"line":10,"column":0},"end":{"line":10,"column":10}},"10":{"start":{"line":11,"column":0},"end":{"line":11,"column":20}},"11":{"start":{"line":12,"column":0},"end":{"line":12,"column":11}},"16":{"start":{"line":17,"column":0},"end":{"line":17,"column":58}},"17":{"start":{"line":18,"column":0},"end":{"line":18,"column":58}},"18":{"start":{"line":19,"column":0},"end":{"line":19,"column":1}},"21":{"start":{"line":22,"column":0},"end":{"line":22,"column":35}},"22":{"start":{"line":23,"column":0},"end":{"line":23,"column":21}},"23":{"start":{"line":24,"column":0},"end":{"line":24,"column":34}},"24":{"start":{"line":25,"column":0},"end":{"line":25,"column":20}},"25":{"start":{"line":26,"column":0},"end":{"line":26,"column":23}},"26":{"start":{"line":27,"column":0},"end":{"line":27,"column":45}},"27":{"start":{"line":28,"column":0},"end":{"line":28,"column":47}},"28":{"start":{"line":29,"column":0},"end":{"line":29,"column":1}},"31":{"start":{"line":32,"column":0},"end":{"line":32,"column":37}},"32":{"start":{"line":33,"column":0},"end":{"line":33,"column":21}},"33":{"start":{"line":34,"column":0},"end":{"line":34,"column":49}},"34":{"start":{"line":35,"column":0},"end":{"line":35,"column":13}},"35":{"start":{"line":36,"column":0},"end":{"line":36,"column":32}},"37":{"start":{"line":38,"column":0},"end":{"line":38,"column":59}},"38":{"start":{"line":39,"column":0},"end":{"line":39,"column":28}},"40":{"start":{"line":41,"column":0},"end":{"line":41,"column":46}},"41":{"start":{"line":42,"column":0},"end":{"line":42,"column":74}},"42":{"start":{"line":43,"column":0},"end":{"line":43,"column":21}},"43":{"start":{"line":44,"column":0},"end":{"line":44,"column":5}},"44":{"start":{"line":45,"column":0},"end":{"line":45,"column":3}},"46":{"start":{"line":47,"column":0},"end":{"line":47,"column":14}},"47":{"start":{"line":48,"column":0},"end":{"line":48,"column":1}}},"s":{"4":1,"5":1,"6":1,"7":1,"8":1,"9":1,"10":1,"11":1,"16":1,"17":16,"18":16,"21":1,"22":105,"23":105,"24":105,"25":105,"26":105,"27":105,"28":105,"31":1,"32":12,"33":12,"34":12,"35":12,"37":9,"38":9,"40":12,"41":26,"42":14,"43":14,"44":26,"46":9,"47":9},"branchMap":{"0":{"type":"branch","line":17,"loc":{"start":{"line":17,"column":7},"end":{"line":19,"column":1}},"locations":[{"start":{"line":17,"column":7},"end":{"line":19,"column":1}}]},"1":{"type":"branch","line":22,"loc":{"start":{"line":22,"column":7},"end":{"line":29,"column":1}},"locations":[{"start":{"line":22,"column":7},"end":{"line":29,"column":1}}]},"2":{"type":"branch","line":27,"loc":{"start":{"line":27,"column":12},"end":{"line":27,"column":44}},"locations":[{"start":{"line":27,"column":12},"end":{"line":27,"column":44}}]},"3":{"type":"branch","line":28,"loc":{"start":{"line":28,"column":10},"end":{"line":28,"column":45}},"locations":[{"start":{"line":28,"column":10},"end":{"line":28,"column":45}}]},"4":{"type":"branch","line":32,"loc":{"start":{"line":32,"column":7},"end":{"line":48,"column":1}},"locations":[{"start":{"line":32,"column":7},"end":{"line":48,"column":1}}]},"5":{"type":"branch","line":36,"loc":{"start":{"line":36,"column":22},"end":{"line":36,"column":32}},"locations":[{"start":{"line":36,"column":22},"end":{"line":36,"column":32}}]},"6":{"type":"branch","line":36,"loc":{"start":{"line":36,"column":30},"end":{"line":41,"column":45}},"locations":[{"start":{"line":36,"column":30},"end":{"line":41,"column":45}}]},"7":{"type":"branch","line":41,"loc":{"start":{"line":41,"column":45},"end":{"line":45,"column":3}},"locations":[{"start":{"line":41,"column":45},"end":{"line":45,"column":3}}]},"8":{"type":"branch","line":42,"loc":{"start":{"line":42,"column":73},"end":{"line":44,"column":5}},"locations":[{"start":{"line":42,"column":73},"end":{"line":44,"column":5}}]},"9":{"type":"branch","line":45,"loc":{"start":{"line":45,"column":2},"end":{"line":48,"column":1}},"locations":[{"start":{"line":45,"column":2},"end":{"line":48,"column":1}}]}},"b":{"0":[16],"1":[105],"2":[235],"3":[5],"4":[12],"5":[3],"6":[9],"7":[26],"8":[14],"9":[9]},"fnMap":{"0":{"name":"getChainIndex","decl":{"start":{"line":17,"column":7},"end":{"line":19,"column":1}},"loc":{"start":{"line":17,"column":7},"end":{"line":19,"column":1}},"line":17},"1":{"name":"getOptionsForPhase","decl":{"start":{"line":22,"column":7},"end":{"line":29,"column":1}},"loc":{"start":{"line":22,"column":7},"end":{"line":29,"column":1}},"line":22},"2":{"name":"getOptionsAfterIndex","decl":{"start":{"line":32,"column":7},"end":{"line":48,"column":1}},"loc":{"start":{"line":32,"column":7},"end":{"line":48,"column":1}},"line":32}},"f":{"0":16,"1":105,"2":12}}
,"/home/innojini/dev/widget.creator/packages/core/src/options/dependencies.ts": {"path":"/home/innojini/dev/widget.creator/packages/core/src/options/dependencies.ts","all":false,"statementMap":{"12":{"start":{"line":13,"column":0},"end":{"line":13,"column":37}},"13":{"start":{"line":14,"column":0},"end":{"line":14,"column":24}},"14":{"start":{"line":15,"column":0},"end":{"line":15,"column":31}},"15":{"start":{"line":16,"column":0},"end":{"line":16,"column":25}},"16":{"start":{"line":17,"column":0},"end":{"line":17,"column":39}},"17":{"start":{"line":18,"column":0},"end":{"line":18,"column":54}},"18":{"start":{"line":19,"column":0},"end":{"line":19,"column":39}},"19":{"start":{"line":20,"column":0},"end":{"line":20,"column":4}},"21":{"start":{"line":22,"column":0},"end":{"line":22,"column":26}},"22":{"start":{"line":23,"column":0},"end":{"line":23,"column":29}},"23":{"start":{"line":24,"column":0},"end":{"line":24,"column":3}},"25":{"start":{"line":26,"column":0},"end":{"line":26,"column":27}},"26":{"start":{"line":27,"column":0},"end":{"line":27,"column":75}},"27":{"start":{"line":28,"column":0},"end":{"line":28,"column":37}},"28":{"start":{"line":29,"column":0},"end":{"line":29,"column":44}},"29":{"start":{"line":30,"column":0},"end":{"line":30,"column":18}},"31":{"start":{"line":32,"column":0},"end":{"line":32,"column":33}},"32":{"start":{"line":33,"column":0},"end":{"line":33,"column":24}},"33":{"start":{"line":34,"column":0},"end":{"line":34,"column":31}},"34":{"start":{"line":35,"column":0},"end":{"line":35,"column":18}},"35":{"start":{"line":36,"column":0},"end":{"line":36,"column":27}},"36":{"start":{"line":37,"column":0},"end":{"line":37,"column":88}},"37":{"start":{"line":38,"column":0},"end":{"line":38,"column":12}},"38":{"start":{"line":39,"column":0},"end":{"line":39,"column":9}},"39":{"start":{"line":40,"column":0},"end":{"line":40,"column":92}},"40":{"start":{"line":41,"column":0},"end":{"line":41,"column":18}},"41":{"start":{"line":42,"column":0},"end":{"line":42,"column":27}},"42":{"start":{"line":43,"column":0},"end":{"line":43,"column":85}},"43":{"start":{"line":44,"column":0},"end":{"line":44,"column":12}},"44":{"start":{"line":45,"column":0},"end":{"line":45,"column":9}},"45":{"start":{"line":46,"column":0},"end":{"line":46,"column":14}},"47":{"start":{"line":48,"column":0},"end":{"line":48,"column":21}},"48":{"start":{"line":49,"column":0},"end":{"line":49,"column":16}},"49":{"start":{"line":50,"column":0},"end":{"line":50,"column":24}},"50":{"start":{"line":51,"column":0},"end":{"line":51,"column":73}},"51":{"start":{"line":52,"column":0},"end":{"line":52,"column":10}},"53":{"start":{"line":54,"column":0},"end":{"line":54,"column":19}},"55":{"start":{"line":56,"column":0},"end":{"line":56,"column":14}},"56":{"start":{"line":57,"column":0},"end":{"line":57,"column":5}},"57":{"start":{"line":58,"column":0},"end":{"line":58,"column":3}},"59":{"start":{"line":60,"column":0},"end":{"line":60,"column":27}},"60":{"start":{"line":61,"column":0},"end":{"line":61,"column":1}},"63":{"start":{"line":64,"column":0},"end":{"line":64,"column":29}},"64":{"start":{"line":65,"column":0},"end":{"line":65,"column":29}},"65":{"start":{"line":66,"column":0},"end":{"line":66,"column":34}},"66":{"start":{"line":67,"column":0},"end":{"line":67,"column":23}},"67":{"start":{"line":68,"column":0},"end":{"line":68,"column":84}},"68":{"start":{"line":69,"column":0},"end":{"line":69,"column":1}},"71":{"start":{"line":72,"column":0},"end":{"line":72,"column":35}},"72":{"start":{"line":73,"column":0},"end":{"line":73,"column":24}},"73":{"start":{"line":74,"column":0},"end":{"line":74,"column":46}},"74":{"start":{"line":75,"column":0},"end":{"line":75,"column":31}},"75":{"start":{"line":76,"column":0},"end":{"line":76,"column":13}},"76":{"start":{"line":77,"column":0},"end":{"line":77,"column":34}},"79":{"start":{"line":80,"column":0},"end":{"line":80,"column":46}},"80":{"start":{"line":81,"column":0},"end":{"line":81,"column":52}},"81":{"start":{"line":82,"column":0},"end":{"line":82,"column":4}},"82":{"start":{"line":83,"column":0},"end":{"line":83,"column":30}},"84":{"start":{"line":85,"column":0},"end":{"line":85,"column":46}},"85":{"start":{"line":86,"column":0},"end":{"line":86,"column":52}},"86":{"start":{"line":87,"column":0},"end":{"line":87,"column":4}},"90":{"start":{"line":91,"column":0},"end":{"line":91,"column":35}},"91":{"start":{"line":92,"column":0},"end":{"line":92,"column":21}},"92":{"start":{"line":93,"column":0},"end":{"line":93,"column":63}},"93":{"start":{"line":94,"column":0},"end":{"line":94,"column":24}},"94":{"start":{"line":95,"column":0},"end":{"line":95,"column":3}},"96":{"start":{"line":97,"column":0},"end":{"line":97,"column":37}},"97":{"start":{"line":98,"column":0},"end":{"line":98,"column":1}},"99":{"start":{"line":100,"column":0},"end":{"line":100,"column":28}},"100":{"start":{"line":101,"column":0},"end":{"line":101,"column":23}},"101":{"start":{"line":102,"column":0},"end":{"line":102,"column":24}},"102":{"start":{"line":103,"column":0},"end":{"line":103,"column":34}},"103":{"start":{"line":104,"column":0},"end":{"line":104,"column":12}},"106":{"start":{"line":107,"column":0},"end":{"line":107,"column":72}},"107":{"start":{"line":108,"column":0},"end":{"line":108,"column":60}},"108":{"start":{"line":109,"column":0},"end":{"line":109,"column":3}},"109":{"start":{"line":110,"column":0},"end":{"line":110,"column":14}},"110":{"start":{"line":111,"column":0},"end":{"line":111,"column":1}}},"s":{"12":1,"13":81,"14":81,"15":81,"16":81,"17":81,"18":6,"19":81,"21":81,"22":75,"23":75,"25":6,"26":6,"27":6,"28":6,"29":0,"31":6,"32":6,"33":4,"34":2,"35":2,"36":2,"37":2,"38":2,"39":4,"40":1,"41":1,"42":1,"43":1,"44":1,"45":1,"47":6,"48":1,"49":1,"50":1,"51":1,"53":6,"55":1,"56":6,"57":6,"59":2,"60":2,"63":1,"64":9,"65":9,"66":9,"67":9,"68":9,"71":1,"72":1,"73":1,"74":1,"75":1,"76":1,"79":1,"80":1,"81":1,"82":1,"84":1,"85":1,"86":1,"90":1,"91":0,"92":0,"93":0,"94":0,"96":1,"97":1,"99":0,"100":0,"101":0,"102":0,"103":0,"106":0,"107":0,"108":0,"109":0,"110":0},"branchMap":{"0":{"type":"branch","line":13,"loc":{"start":{"line":13,"column":7},"end":{"line":61,"column":1}},"locations":[{"start":{"line":13,"column":7},"end":{"line":61,"column":1}}]},"1":{"type":"branch","line":22,"loc":{"start":{"line":22,"column":25},"end":{"line":24,"column":3}},"locations":[{"start":{"line":22,"column":25},"end":{"line":24,"column":3}}]},"2":{"type":"branch","line":24,"loc":{"start":{"line":24,"column":2},"end":{"line":61,"column":1}},"locations":[{"start":{"line":24,"column":2},"end":{"line":61,"column":1}}]},"3":{"type":"branch","line":24,"loc":{"start":{"line":24,"column":2},"end":{"line":58,"column":3}},"locations":[{"start":{"line":24,"column":2},"end":{"line":58,"column":3}}]},"4":{"type":"branch","line":29,"loc":{"start":{"line":29,"column":43},"end":{"line":30,"column":18}},"locations":[{"start":{"line":29,"column":43},"end":{"line":30,"column":18}}]},"5":{"type":"branch","line":33,"loc":{"start":{"line":33,"column":6},"end":{"line":46,"column":14}},"locations":[{"start":{"line":33,"column":6},"end":{"line":46,"column":14}}]},"6":{"type":"branch","line":34,"loc":{"start":{"line":34,"column":30},"end":{"line":39,"column":9}},"locations":[{"start":{"line":34,"column":30},"end":{"line":39,"column":9}}]},"7":{"type":"branch","line":39,"loc":{"start":{"line":39,"column":8},"end":{"line":40,"column":91}},"locations":[{"start":{"line":39,"column":8},"end":{"line":40,"column":91}}]},"8":{"type":"branch","line":39,"loc":{"start":{"line":39,"column":8},"end":{"line":40,"column":42}},"locations":[{"start":{"line":39,"column":8},"end":{"line":40,"column":42}}]},"9":{"type":"branch","line":40,"loc":{"start":{"line":40,"column":34},"end":{"line":40,"column":91}},"locations":[{"start":{"line":40,"column":34},"end":{"line":40,"column":91}}]},"10":{"type":"branch","line":40,"loc":{"start":{"line":40,"column":91},"end":{"line":46,"column":14}},"locations":[{"start":{"line":40,"column":91},"end":{"line":46,"column":14}}]},"11":{"type":"branch","line":48,"loc":{"start":{"line":48,"column":6},"end":{"line":52,"column":10}},"locations":[{"start":{"line":48,"column":6},"end":{"line":52,"column":10}}]},"12":{"type":"branch","line":54,"loc":{"start":{"line":54,"column":6},"end":{"line":56,"column":14}},"locations":[{"start":{"line":54,"column":6},"end":{"line":56,"column":14}}]},"13":{"type":"branch","line":58,"loc":{"start":{"line":58,"column":2},"end":{"line":61,"column":1}},"locations":[{"start":{"line":58,"column":2},"end":{"line":61,"column":1}}]},"14":{"type":"branch","line":18,"loc":{"start":{"line":18,"column":4},"end":{"line":19,"column":39}},"locations":[{"start":{"line":18,"column":4},"end":{"line":19,"column":39}}]},"15":{"type":"branch","line":18,"loc":{"start":{"line":18,"column":36},"end":{"line":19,"column":39}},"locations":[{"start":{"line":18,"column":36},"end":{"line":19,"column":39}}]},"16":{"type":"branch","line":64,"loc":{"start":{"line":64,"column":7},"end":{"line":69,"column":1}},"locations":[{"start":{"line":64,"column":7},"end":{"line":69,"column":1}}]},"17":{"type":"branch","line":68,"loc":{"start":{"line":68,"column":77},"end":{"line":68,"column":84}},"locations":[{"start":{"line":68,"column":77},"end":{"line":68,"column":84}}]},"18":{"type":"branch","line":68,"loc":{"start":{"line":68,"column":29},"end":{"line":68,"column":77}},"locations":[{"start":{"line":68,"column":29},"end":{"line":68,"column":77}}]},"19":{"type":"branch","line":72,"loc":{"start":{"line":72,"column":7},"end":{"line":98,"column":1}},"locations":[{"start":{"line":72,"column":7},"end":{"line":98,"column":1}}]},"20":{"type":"branch","line":77,"loc":{"start":{"line":77,"column":24},"end":{"line":77,"column":34}},"locations":[{"start":{"line":77,"column":24},"end":{"line":77,"column":34}}]},"21":{"type":"branch","line":83,"loc":{"start":{"line":83,"column":20},"end":{"line":83,"column":30}},"locations":[{"start":{"line":83,"column":20},"end":{"line":83,"column":30}}]},"22":{"type":"branch","line":91,"loc":{"start":{"line":91,"column":34},"end":{"line":95,"column":3}},"locations":[{"start":{"line":91,"column":34},"end":{"line":95,"column":3}}]},"23":{"type":"branch","line":81,"loc":{"start":{"line":81,"column":4},"end":{"line":81,"column":52}},"locations":[{"start":{"line":81,"column":4},"end":{"line":81,"column":52}}]},"24":{"type":"branch","line":86,"loc":{"start":{"line":86,"column":4},"end":{"line":86,"column":52}},"locations":[{"start":{"line":86,"column":4},"end":{"line":86,"column":52}}]},"25":{"type":"branch","line":97,"loc":{"start":{"line":97,"column":24},"end":{"line":97,"column":35}},"locations":[{"start":{"line":97,"column":24},"end":{"line":97,"column":35}}]}},"b":{"0":[81],"1":[75],"2":[21],"3":[6],"4":[0],"5":[4],"6":[2],"7":[3],"8":[2],"9":[1],"10":[1],"11":[1],"12":[1],"13":[2],"14":[8],"15":[6],"16":[9],"17":[8],"18":[10],"19":[1],"20":[0],"21":[0],"22":[0],"23":[2],"24":[2],"25":[2]},"fnMap":{"0":{"name":"evaluateDependencies","decl":{"start":{"line":13,"column":7},"end":{"line":61,"column":1}},"loc":{"start":{"line":13,"column":7},"end":{"line":61,"column":1}},"line":13},"1":{"name":"getOptionKey","decl":{"start":{"line":64,"column":7},"end":{"line":69,"column":1}},"loc":{"start":{"line":64,"column":7},"end":{"line":69,"column":1}},"line":64},"2":{"name":"getFilteredChoices","decl":{"start":{"line":72,"column":7},"end":{"line":98,"column":1}},"loc":{"start":{"line":72,"column":7},"end":{"line":98,"column":1}},"line":72},"3":{"name":"isChoiceCompatible","decl":{"start":{"line":100,"column":0},"end":{"line":111,"column":1}},"loc":{"start":{"line":100,"column":0},"end":{"line":111,"column":1}},"line":100}},"f":{"0":81,"1":9,"2":1,"3":0}}
,"/home/innojini/dev/widget.creator/packages/core/src/options/engine.ts": {"path":"/home/innojini/dev/widget.creator/packages/core/src/options/engine.ts","all":false,"statementMap":{"10":{"start":{"line":11,"column":0},"end":{"line":11,"column":64}},"11":{"start":{"line":12,"column":0},"end":{"line":12,"column":57}},"12":{"start":{"line":13,"column":0},"end":{"line":13,"column":63}},"18":{"start":{"line":19,"column":0},"end":{"line":19,"column":86}},"19":{"start":{"line":20,"column":0},"end":{"line":20,"column":62}},"20":{"start":{"line":21,"column":0},"end":{"line":21,"column":60}},"21":{"start":{"line":22,"column":0},"end":{"line":22,"column":54}},"22":{"start":{"line":23,"column":0},"end":{"line":23,"column":49}},"24":{"start":{"line":25,"column":0},"end":{"line":25,"column":39}},"25":{"start":{"line":26,"column":0},"end":{"line":26,"column":71}},"27":{"start":{"line":28,"column":0},"end":{"line":28,"column":37}},"29":{"start":{"line":30,"column":0},"end":{"line":30,"column":55}},"30":{"start":{"line":31,"column":0},"end":{"line":31,"column":31}},"31":{"start":{"line":32,"column":0},"end":{"line":32,"column":31}},"32":{"start":{"line":33,"column":0},"end":{"line":33,"column":57}},"33":{"start":{"line":34,"column":0},"end":{"line":34,"column":9}},"34":{"start":{"line":35,"column":0},"end":{"line":35,"column":17}},"35":{"start":{"line":36,"column":0},"end":{"line":36,"column":7}},"38":{"start":{"line":39,"column":0},"end":{"line":39,"column":55}},"41":{"start":{"line":42,"column":0},"end":{"line":42,"column":57}},"42":{"start":{"line":43,"column":0},"end":{"line":43,"column":51}},"45":{"start":{"line":46,"column":0},"end":{"line":46,"column":60}},"46":{"start":{"line":47,"column":0},"end":{"line":47,"column":60}},"47":{"start":{"line":48,"column":0},"end":{"line":48,"column":7}},"50":{"start":{"line":51,"column":0},"end":{"line":51,"column":71}},"51":{"start":{"line":52,"column":0},"end":{"line":52,"column":31}},"52":{"start":{"line":53,"column":0},"end":{"line":53,"column":29}},"53":{"start":{"line":54,"column":0},"end":{"line":54,"column":42}},"54":{"start":{"line":55,"column":0},"end":{"line":55,"column":68}},"55":{"start":{"line":56,"column":0},"end":{"line":56,"column":11}},"56":{"start":{"line":57,"column":0},"end":{"line":57,"column":7}},"58":{"start":{"line":59,"column":0},"end":{"line":59,"column":37}},"59":{"start":{"line":60,"column":0},"end":{"line":60,"column":24}},"60":{"start":{"line":61,"column":0},"end":{"line":61,"column":34}},"61":{"start":{"line":62,"column":0},"end":{"line":62,"column":17}},"62":{"start":{"line":63,"column":0},"end":{"line":63,"column":35}},"63":{"start":{"line":64,"column":0},"end":{"line":64,"column":9}},"64":{"start":{"line":65,"column":0},"end":{"line":65,"column":5}},"65":{"start":{"line":66,"column":0},"end":{"line":66,"column":3}},"67":{"start":{"line":68,"column":0},"end":{"line":68,"column":10}},"68":{"start":{"line":69,"column":0},"end":{"line":69,"column":21}},"69":{"start":{"line":70,"column":0},"end":{"line":70,"column":20}},"70":{"start":{"line":71,"column":0},"end":{"line":71,"column":22}},"71":{"start":{"line":72,"column":0},"end":{"line":72,"column":21}},"72":{"start":{"line":73,"column":0},"end":{"line":73,"column":4}},"73":{"start":{"line":74,"column":0},"end":{"line":74,"column":1}}},"s":{"10":1,"11":1,"12":1,"18":1,"19":17,"20":17,"21":17,"22":17,"24":17,"25":102,"27":102,"29":38,"30":38,"31":1,"32":1,"33":1,"34":1,"35":1,"38":37,"41":37,"42":21,"45":38,"46":21,"47":21,"50":38,"51":0,"52":0,"53":0,"54":0,"55":0,"56":0,"58":37,"59":37,"60":37,"61":37,"62":37,"63":37,"64":37,"65":102,"67":17,"68":17,"69":17,"70":17,"71":17,"72":17,"73":17},"branchMap":{"0":{"type":"branch","line":19,"loc":{"start":{"line":19,"column":7},"end":{"line":74,"column":1}},"locations":[{"start":{"line":19,"column":7},"end":{"line":74,"column":1}}]},"1":{"type":"branch","line":25,"loc":{"start":{"line":25,"column":38},"end":{"line":66,"column":3}},"locations":[{"start":{"line":25,"column":38},"end":{"line":66,"column":3}}]},"2":{"type":"branch","line":28,"loc":{"start":{"line":28,"column":36},"end":{"line":65,"column":5}},"locations":[{"start":{"line":28,"column":36},"end":{"line":65,"column":5}}]},"3":{"type":"branch","line":31,"loc":{"start":{"line":31,"column":30},"end":{"line":36,"column":7}},"locations":[{"start":{"line":31,"column":30},"end":{"line":36,"column":7}}]},"4":{"type":"branch","line":36,"loc":{"start":{"line":36,"column":6},"end":{"line":42,"column":57}},"locations":[{"start":{"line":36,"column":6},"end":{"line":42,"column":57}}]},"5":{"type":"branch","line":42,"loc":{"start":{"line":42,"column":56},"end":{"line":43,"column":51}},"locations":[{"start":{"line":42,"column":56},"end":{"line":43,"column":51}}]},"6":{"type":"branch","line":46,"loc":{"start":{"line":46,"column":44},"end":{"line":46,"column":59}},"locations":[{"start":{"line":46,"column":44},"end":{"line":46,"column":59}}]},"7":{"type":"branch","line":46,"loc":{"start":{"line":46,"column":59},"end":{"line":48,"column":7}},"locations":[{"start":{"line":46,"column":59},"end":{"line":48,"column":7}}]},"8":{"type":"branch","line":48,"loc":{"start":{"line":48,"column":6},"end":{"line":51,"column":28}},"locations":[{"start":{"line":48,"column":6},"end":{"line":51,"column":28}}]},"9":{"type":"branch","line":51,"loc":{"start":{"line":51,"column":14},"end":{"line":51,"column":41}},"locations":[{"start":{"line":51,"column":14},"end":{"line":51,"column":41}}]},"10":{"type":"branch","line":51,"loc":{"start":{"line":51,"column":29},"end":{"line":51,"column":70}},"locations":[{"start":{"line":51,"column":29},"end":{"line":51,"column":70}}]},"11":{"type":"branch","line":51,"loc":{"start":{"line":51,"column":70},"end":{"line":57,"column":7}},"locations":[{"start":{"line":51,"column":70},"end":{"line":57,"column":7}}]},"12":{"type":"branch","line":57,"loc":{"start":{"line":57,"column":6},"end":{"line":65,"column":5}},"locations":[{"start":{"line":57,"column":6},"end":{"line":65,"column":5}}]}},"b":{"0":[17],"1":[102],"2":[38],"3":[1],"4":[37],"5":[21],"6":[21],"7":[21],"8":[37],"9":[4],"10":[0],"11":[0],"12":[37]},"fnMap":{"0":{"name":"resolveOptions","decl":{"start":{"line":19,"column":7},"end":{"line":74,"column":1}},"loc":{"start":{"line":19,"column":7},"end":{"line":74,"column":1}},"line":19}},"f":{"0":17}}
[...]
11,"column":125}},"13":{"start":{"line":14,"column":0},"end":{"line":14,"column":55}},"14":{"start":{"line":15,"column":0},"end":{"line":15,"column":116}},"17":{"start":{"line":18,"column":0},"end":{"line":18,"column":63}},"20":{"start":{"line":21,"column":0},"end":{"line":21,"column":98}},"21":{"start":{"line":22,"column":0},"end":{"line":22,"column":27}},"22":{"start":{"line":23,"column":0},"end":{"line":23,"column":46}},"23":{"start":{"line":24,"column":0},"end":{"line":24,"column":26}},"24":{"start":{"line":25,"column":0},"end":{"line":25,"column":4}},"27":{"start":{"line":28,"column":0},"end":{"line":28,"column":36}},"28":{"start":{"line":29,"column":0},"end":{"line":29,"column":26}},"29":{"start":{"line":30,"column":0},"end":{"line":30,"column":24}},"30":{"start":{"line":31,"column":0},"end":{"line":31,"column":19}},"31":{"start":{"line":32,"column":0},"end":{"line":32,"column":18}},"32":{"start":{"line":33,"column":0},"end":{"line":33,"column":4}},"33":{"start":{"line":34,"column":0},"end":{"line":34,"column":52}},"36":{"start":{"line":37,"column":0},"end":{"line":37,"column":27}},"37":{"start":{"line":38,"column":0},"end":{"line":38,"column":35}},"38":{"start":{"line":39,"column":0},"end":{"line":39,"column":35}},"39":{"start":{"line":40,"column":0},"end":{"line":40,"column":28}},"40":{"start":{"line":41,"column":0},"end":{"line":41,"column":19}},"41":{"start":{"line":42,"column":0},"end":{"line":42,"column":21}},"42":{"start":{"line":43,"column":0},"end":{"line":43,"column":20}},"43":{"start":{"line":44,"column":0},"end":{"line":44,"column":6}},"44":{"start":{"line":45,"column":0},"end":{"line":45,"column":53}},"45":{"start":{"line":46,"column":0},"end":{"line":46,"column":3}},"48":{"start":{"line":49,"column":0},"end":{"line":49,"column":48}},"49":{"start":{"line":50,"column":0},"end":{"line":50,"column":30}},"50":{"start":{"line":51,"column":0},"end":{"line":51,"column":64}},"51":{"start":{"line":52,"column":0},"end":{"line":52,"column":4}},"54":{"start":{"line":55,"column":0},"end":{"line":55,"column":22}},"55":{"start":{"line":56,"column":0},"end":{"line":56,"column":16}},"56":{"start":{"line":57,"column":0},"end":{"line":57,"column":40}},"57":{"start":{"line":58,"column":0},"end":{"line":58,"column":28}},"58":{"start":{"line":59,"column":0},"end":{"line":59,"column":24}},"59":{"start":{"line":60,"column":0},"end":{"line":60,"column":21}},"60":{"start":{"line":61,"column":0},"end":{"line":61,"column":20}},"61":{"start":{"line":62,"column":0},"end":{"line":62,"column":6}},"62":{"start":{"line":63,"column":0},"end":{"line":63,"column":52}},"63":{"start":{"line":64,"column":0},"end":{"line":64,"column":3}},"66":{"start":{"line":67,"column":0},"end":{"line":67,"column":26}},"67":{"start":{"line":68,"column":0},"end":{"line":68,"column":35}},"68":{"start":{"line":69,"column":0},"end":{"line":69,"column":40}},"69":{"start":{"line":70,"column":0},"end":{"line":70,"column":37}},"70":{"start":{"line":71,"column":0},"end":{"line":71,"column":75}},"71":{"start":{"line":72,"column":0},"end":{"line":72,"column":8}},"72":{"start":{"line":73,"column":0},"end":{"line":73,"column":54}},"73":{"start":{"line":74,"column":0},"end":{"line":74,"column":12}},"74":{"start":{"line":75,"column":0},"end":{"line":75,"column":37}},"75":{"start":{"line":76,"column":0},"end":{"line":76,"column":69}},"76":{"start":{"line":77,"column":0},"end":{"line":77,"column":8}},"77":{"start":{"line":78,"column":0},"end":{"line":78,"column":48}},"78":{"start":{"line":79,"column":0},"end":{"line":79,"column":5}},"79":{"start":{"line":80,"column":0},"end":{"line":80,"column":3}},"81":{"start":{"line":82,"column":0},"end":{"line":82,"column":94}},"83":{"start":{"line":84,"column":0},"end":{"line":84,"column":65}},"84":{"start":{"line":85,"column":0},"end":{"line":85,"column":14}},"85":{"start":{"line":86,"column":0},"end":{"line":86,"column":21}},"86":{"start":{"line":87,"column":0},"end":{"line":87,"column":14}},"87":{"start":{"line":88,"column":0},"end":{"line":88,"column":16}},"88":{"start":{"line":89,"column":0},"end":{"line":89,"column":20}},"89":{"start":{"line":90,"column":0},"end":{"line":90,"column":5}},"90":{"start":{"line":91,"column":0},"end":{"line":91,"column":1}}},"s":{"3":1,"4":1,"5":1,"8":1,"9":23,"10":23,"13":23,"14":1,"17":23,"20":23,"21":23,"22":23,"23":23,"24":23,"27":23,"28":23,"29":23,"30":23,"31":23,"32":23,"33":23,"36":23,"37":23,"38":1,"39":1,"40":1,"41":1,"42":1,"43":1,"44":1,"45":1,"48":23,"49":23,"50":23,"51":23,"54":23,"55":23,"56":1,"57":1,"58":1,"59":1,"60":1,"61":1,"62":1,"63":1,"66":23,"67":23,"68":2,"69":1,"70":1,"71":1,"72":1,"73":1,"74":1,"75":1,"76":1,"77":1,"78":1,"79":2,"81":23,"83":23,"84":23,"85":23,"86":23,"87":23,"88":23,"89":23,"90":23},"branchMap":{"0":{"type":"branch","line":9,"loc":{"start":{"line":9,"column":7},"end":{"line":91,"column":1}},"locations":[{"start":{"line":9,"column":7},"end":{"line":91,"column":1}}]},"1":{"type":"branch","line":14,"loc":{"start":{"line":14,"column":40},"end":{"line":15,"column":116}},"locations":[{"start":{"line":14,"column":40},"end":{"line":15,"column":116}}]},"2":{"type":"branch","line":38,"loc":{"start":{"line":38,"column":34},"end":{"line":46,"column":3}},"locations":[{"start":{"line":38,"column":34},"end":{"line":46,"column":3}}]},"3":{"type":"branch","line":56,"loc":{"start":{"line":56,"column":15},"end":{"line":64,"column":3}},"locations":[{"start":{"line":56,"column":15},"end":{"line":64,"column":3}}]},"4":{"type":"branch","line":68,"loc":{"start":{"line":68,"column":34},"end":{"line":80,"column":3}},"locations":[{"start":{"line":68,"column":34},"end":{"line":80,"column":3}}]},"5":{"type":"branch","line":69,"loc":{"start":{"line":69,"column":39},"end":{"line":79,"column":5}},"locations":[{"start":{"line":69,"column":39},"end":{"line":79,"column":5}}]}},"b":{"0":[23],"1":[1],"2":[1],"3":[1],"4":[2],"5":[1]},"fnMap":{"0":{"name":"calculateFormula","decl":{"start":{"line":9,"column":7},"end":{"line":91,"column":1}},"loc":{"start":{"line":9,"column":7},"end":{"line":91,"column":1}},"line":9}},"f":{"0":23}}
,"/home/innojini/dev/widget.creator/packages/core/src/pricing/models/package.ts": {"path":"/home/innojini/dev/widget.creator/packages/core/src/pricing/models/package.ts","all":false,"statementMap":{"3":{"start":{"line":4,"column":0},"end":{"line":4,"column":50}},"4":{"start":{"line":5,"column":0},"end":{"line":5,"column":52}},"7":{"start":{"line":8,"column":0},"end":{"line":8,"column":70}},"8":{"start":{"line":9,"column":0},"end":{"line":9,"column":35}},"10":{"start":{"line":11,"column":0},"end":{"line":11,"column":42}},"11":{"start":{"line":12,"column":0},"end":{"line":12,"column":17}},"12":{"start":{"line":13,"column":0},"end":{"line":13,"column":28}},"13":{"start":{"line":14,"column":0},"end":{"line":14,"column":29}},"14":{"start":{"line":15,"column":0},"end":{"line":15,"column":17}},"15":{"start":{"line":16,"column":0},"end":{"line":16,"column":16}},"16":{"start":{"line":17,"column":0},"end":{"line":17,"column":32}},"17":{"start":{"line":18,"column":0},"end":{"line":18,"column":4}},"19":{"start":{"line":20,"column":0},"end":{"line":20,"column":70}},"20":{"start":{"line":21,"column":0},"end":{"line":21,"column":28}},"21":{"start":{"line":22,"column":0},"end":{"line":22,"column":5}},"22":{"start":{"line":23,"column":0},"end":{"line":23,"column":1}}},"s":{"3":1,"4":1,"7":1,"8":7,"10":7,"11":7,"12":7,"13":7,"14":7,"15":7,"16":7,"17":7,"19":7,"20":7,"21":7,"22":7},"branchMap":{"0":{"type":"branch","line":8,"loc":{"start":{"line":8,"column":7},"end":{"line":23,"column":1}},"locations":[{"start":{"line":8,"column":7},"end":{"line":23,"column":1}}]}},"b":{"0":[7]},"fnMap":{"0":{"name":"calculatePackage","decl":{"start":{"line":8,"column":7},"end":{"line":23,"column":1}},"loc":{"start":{"line":8,"column":7},"end":{"line":23,"column":1}},"line":8}},"f":{"0":7}}
,"/home/innojini/dev/widget.creator/packages/core/src/quote/calculator.ts": {"path":"/home/innojini/dev/widget.creator/packages/core/src/quote/calculator.ts","all":false,"statementMap":{"3":{"start":{"line":4,"column":0},"end":{"line":4,"column":52}},"6":{"start":{"line":7,"column":0},"end":{"line":7,"column":79}},"7":{"start":{"line":8,"column":0},"end":{"line":8,"column":21}},"8":{"start":{"line":9,"column":0},"end":{"line":9,"column":21}},"9":{"start":{"line":10,"column":0},"end":{"line":10,"column":36}},"10":{"start":{"line":11,"column":0},"end":{"line":11,"column":25}},"11":{"start":{"line":12,"column":0},"end":{"line":12,"column":34}},"12":{"start":{"line":13,"column":0},"end":{"line":13,"column":25}},"13":{"start":{"line":14,"column":0},"end":{"line":14,"column":19}},"14":{"start":{"line":15,"column":0},"end":{"line":15,"column":29}},"15":{"start":{"line":16,"column":0},"end":{"line":16,"column":25}},"16":{"start":{"line":17,"column":0},"end":{"line":17,"column":29}},"17":{"start":{"line":18,"column":0},"end":{"line":18,"column":2}},"19":{"start":{"line":20,"column":0},"end":{"line":20,"column":64}},"20":{"start":{"line":21,"column":0},"end":{"line":21,"column":26}},"21":{"start":{"line":22,"column":0},"end":{"line":22,"column":26}},"22":{"start":{"line":23,"column":0},"end":{"line":23,"column":41}},"23":{"start":{"line":24,"column":0},"end":{"line":24,"column":30}},"24":{"start":{"line":25,"column":0},"end":{"line":25,"column":39}},"25":{"start":{"line":26,"column":0},"end":{"line":26,"column":30}},"26":{"start":{"line":27,"column":0},"end":{"line":27,"column":33}},"27":{"start":{"line":28,"column":0},"end":{"line":28,"column":34}},"28":{"start":{"line":29,"column":0},"end":{"line":29,"column":30}},"29":{"start":{"line":30,"column":0},"end":{"line":30,"column":29}},"30":{"start":{"line":31,"column":0},"end":{"line":31,"column":2}},"32":{"start":{"line":33,"column":0},"end":{"line":33,"column":76}},"33":{"start":{"line":34,"column":0},"end":{"line":34,"column":36}},"35":{"start":{"line":36,"column":0},"end":{"line":36,"column":58}},"36":{"start":{"line":37,"column":0},"end":{"line":37,"column":31}},"38":{"start":{"line":39,"column":0},"end":{"line":39,"column":53}},"39":{"start":{"line":40,"column":0},"end":{"line":40,"column":16}},"40":{"start":{"line":41,"column":0},"end":{"line":41,"column":52}},"41":{"start":{"line":42,"column":0},"end":{"line":42,"column":44}},"42":{"start":{"line":43,"column":0},"end":{"line":43,"column":50}},"43":{"start":{"line":44,"column":0},"end":{"line":44,"column":24}},"44":{"start":{"line":45,"column":0},"end":{"line":45,"column":18}},"45":{"start":{"line":46,"column":0},"end":{"line":46,"column":13}},"46":{"start":{"line":47,"column":0},"end":{"line":47,"column":7}},"47":{"start":{"line":48,"column":0},"end":{"line":48,"column":3}},"49":{"start":{"line":50,"column":0},"end":{"line":50,"column":15}},"50":{"start":{"line":51,"column":0},"end":{"line":51,"column":1}},"52":{"start":{"line":53,"column":0},"end":{"line":53,"column":64}},"53":{"start":{"line":54,"column":0},"end":{"line":54,"column":22}},"54":{"start":{"line":55,"column":0},"end":{"line":55,"column":59}},"55":{"start":{"line":56,"column":0},"end":{"line":56,"column":3}},"56":{"start":{"line":57,"column":0},"end":{"line":57,"column":51}},"57":{"start":{"line":58,"column":0},"end":{"line":58,"column":1}},"59":{"start":{"line":60,"column":0},"end":{"line":60,"column":79}},"60":{"start":{"line":61,"column":0},"end":{"line":61,"column":59}},"61":{"start":{"line":62,"column":0},"end":{"line":62,"column":1}},"63":{"start":{"line":64,"column":0},"end":{"line":64,"column":78}},"64":{"start":{"line":65,"column":0},"end":{"line":65,"column":61}},"65":{"start":{"line":66,"column":0},"end":{"line":66,"column":60}},"67":{"start":{"line":68,"column":0},"end":{"line":68,"column":44}},"68":{"start":{"line":69,"column":0},"end":{"line":69,"column":47}},"69":{"start":{"line":70,"column":0},"end":{"line":70,"column":42}},"70":{"start":{"line":71,"column":0},"end":{"line":71,"column":52}},"72":{"start":{"line":73,"column":0},"end":{"line":73,"column":31}},"73":{"start":{"line":74,"column":0},"end":{"line":74,"column":47}},"74":{"start":{"line":75,"column":0},"end":{"line":75,"column":56}},"76":{"start":{"line":77,"column":0},"end":{"line":77,"column":10}},"77":{"start":{"line":78,"column":0},"end":{"line":78,"column":33}},"78":{"start":{"line":79,"column":0},"end":{"line":79,"column":31}},"79":{"start":{"line":80,"column":0},"end":{"line":80,"column":35}},"80":{"start":{"line":81,"column":0},"end":{"line":81,"column":14}},"81":{"start":{"line":82,"column":0},"end":{"line":82,"column":13}},"82":{"start":{"line":83,"column":0},"end":{"line":83,"column":14}},"83":{"start":{"line":84,"column":0},"end":{"line":84,"column":15}},"84":{"start":{"line":85,"column":0},"end":{"line":85,"column":14}},"85":{"start":{"line":86,"column":0},"end":{"line":86,"column":13}},"86":{"start":{"line":87,"column":0},"end":{"line":87,"column":56}},"87":{"start":{"line":88,"column":0},"end":{"line":88,"column":55}},"88":{"start":{"line":89,"column":0},"end":{"line":89,"column":14}},"89":{"start":{"line":90,"column":0},"end":{"line":90,"column":14}},"90":{"start":{"line":91,"column":0},"end":{"line":91,"column":17}},"91":{"start":{"line":92,"column":0},"end":{"line":92,"column":4}},"92":{"start":{"line":93,"column":0},"end":{"line":93,"column":1}}},"s":{"3":1,"6":1,"7":1,"8":1,"9":1,"10":1,"11":1,"12":1,"13":1,"14":1,"15":1,"16":1,"17":1,"19":1,"20":1,"21":1,"22":1,"23":1,"24":1,"25":1,"26":1,"27":1,"28":1,"29":1,"30":1,"32":1,"33":22,"35":22,"36":220,"38":47,"39":47,"40":47,"41":47,"42":47,"43":47,"44":47,"45":47,"46":47,"47":47,"49":22,"50":22,"52":1,"53":18,"54":1,"55":1,"56":17,"57":17,"59":1,"60":19,"61":19,"63":16,"64":16,"65":16,"67":16,"68":16,"69":16,"70":16,"72":16,"73":16,"74":16,"76":16,"77":16,"78":16,"79":16,"80":16,"81":16,"82":16,"83":16,"84":16,"85":16,"86":16,"87":16,"88":16,"89":16,"90":16,"91":16,"92":16},"branchMap":{"0":{"type":"branch","line":33,"loc":{"start":{"line":33,"column":7},"end":{"line":51,"column":1}},"locations":[{"start":{"line":33,"column":7},"end":{"line":51,"column":1}}]},"1":{"type":"branch","line":36,"loc":{"start":{"line":36,"column":57},"end":{"line":48,"column":3}},"locations":[{"start":{"line":36,"column":57},"end":{"line":48,"column":3}}]},"2":{"type":"branch","line":37,"loc":{"start":{"line":37,"column":22},"end":{"line":37,"column":31}},"locations":[{"start":{"line":37,"column":22},"end":{"line":37,"column":31}}]},"3":{"type":"branch","line":37,"loc":{"start":{"line":37,"column":22},"end":{"line":48,"column":3}},"locations":[{"start":{"line":37,"column":22},"end":{"line":48,"column":3}}]},"4":{"type":"branch","line":53,"loc":{"start":{"line":53,"column":7},"end":{"line":58,"column":1}},"locations":[{"start":{"line":53,"column":7},"end":{"line":58,"column":1}}]},"5":{"type":"branch","line":54,"loc":{"start":{"line":54,"column":21},"end":{"line":56,"column":3}},"locations":[{"start":{"line":54,"column":21},"end":{"line":56,"column":3}}]},"6":{"type":"branch","line":56,"loc":{"start":{"line":56,"column":2},"end":{"line":58,"column":1}},"locations":[{"start":{"line":56,"column":2},"end":{"line":58,"column":1}}]},"7":{"type":"branch","line":60,"loc":{"start":{"line":60,"column":7},"end":{"line":62,"column":1}},"locations":[{"start":{"line":60,"column":7},"end":{"line":62,"column":1}}]},"8":{"type":"branch","line":61,"loc":{"start":{"line":61,"column":29},"end":{"line":61,"column":46}},"locations":[{"start":{"line":61,"column":29},"end":{"line":61,"column":46}}]},"9":{"type":"branch","line":64,"loc":{"start":{"line":64,"column":0},"end":{"line":93,"column":1}},"locations":[{"start":{"line":64,"column":0},"end":{"line":93,"column":1}}]}},"b":{"0":[22],"1":[220],"2":[173],"3":[47],"4":[18],"5":[1],"6":[17],"7":[19],"8":[31],"9":[16]},"fnMap":{"0":{"name":"buildLineItems","decl":{"start":{"line":33,"column":7},"end":{"line":51,"column":1}},"loc":{"start":{"line":33,"column":7},"end":{"line":51,"column":1}},"line":33},"1":{"name":"formatSizeDisplay","decl":{"start":{"line":53,"column":7},"end":{"line":58,"column":1}},"loc":{"start":{"line":53,"column":7},"end":{"line":58,"column":1}},"line":53},"2":{"name":"buildOptionSummary","decl":{"start":{"line":60,"column":7},"end":{"line":62,"column":1}},"loc":{"start":{"line":60,"column":7},"end":{"line":62,"column":1}},"line":60},"3":{"name":"assembleQuote","decl":{"start":{"line":64,"column":0},"end":{"line":93,"column":1}},"loc":{"start":{"line":64,"column":0},"end":{"line":93,"column":1}},"line":64}},"f":{"0":22,"1":18,"2":19,"3":16}}
,"/home/innojini/dev/widget.creator/packages/core/src/quote/expiry.ts": {"path":"/home/innojini/dev/widget.creator/packages/core/src/quote/expiry.ts","all":false,"statementMap":{"4":{"start":{"line":5,"column":0},"end":{"line":5,"column":59}},"5":{"start":{"line":6,"column":0},"end":{"line":6,"column":38}},"6":{"start":{"line":7,"column":0},"end":{"line":7,"column":1}}},"s":{"4":1,"5":7,"6":7},"branchMap":{"0":{"type":"branch","line":5,"loc":{"start":{"line":5,"column":7},"end":{"line":7,"column":1}},"locations":[{"start":{"line":5,"column":7},"end":{"line":7,"column":1}}]}},"b":{"0":[7]},"fnMap":{"0":{"name":"isQuoteValid","decl":{"start":{"line":5,"column":7},"end":{"line":7,"column":1}},"loc":{"start":{"line":5,"column":7},"end":{"line":7,"column":1}},"line":5}},"f":{"0":7}}
,"/home/innojini/dev/widget.creator/packages/core/src/quote/snapshot.ts": {"path":"/home/innojini/dev/widget.creator/packages/core/src/quote/snapshot.ts","all":false,"statementMap":{"2":{"start":{"line":3,"column":0},"end":{"line":3,"column":38}},"5":{"start":{"line":6,"column":0},"end":{"line":6,"column":79}},"6":{"start":{"line":7,"column":0},"end":{"line":7,"column":37}},"7":{"start":{"line":8,"column":0},"end":{"line":8,"column":31}},"8":{"start":{"line":9,"column":0},"end":{"line":9,"column":29}},"9":{"start":{"line":10,"column":0},"end":{"line":10,"column":39}},"10":{"start":{"line":11,"column":0},"end":{"line":11,"column":54}},"11":{"start":{"line":12,"column":0},"end":{"line":12,"column":29}},"12":{"start":{"line":13,"column":0},"end":{"line":13,"column":31}},"13":{"start":{"line":14,"column":0},"end":{"line":14,"column":8}},"14":{"start":{"line":15,"column":0},"end":{"line":15,"column":20}},"15":{"start":{"line":16,"column":0},"end":{"line":16,"column":49}},"16":{"start":{"line":17,"column":0},"end":{"line":17,"column":39}},"17":{"start":{"line":18,"column":0},"end":{"line":18,"column":47}},"18":{"start":{"line":19,"column":0},"end":{"line":19,"column":6}},"19":{"start":{"line":20,"column":0},"end":{"line":20,"column":5}},"21":{"start":{"line":22,"column":0},"end":{"line":22,"column":28}},"22":{"start":{"line":23,"column":0},"end":{"line":23,"column":1}}},"s":{"2":1,"5":35,"6":35,"7":35,"8":35,"9":35,"10":35,"11":47,"12":47,"13":35,"14":35,"15":35,"16":35,"17":35,"18":35,"19":35,"21":35,"22":35},"branchMap":{"0":{"type":"branch","line":6,"loc":{"start":{"line":6,"column":0},"end":{"line":23,"column":1}},"locations":[{"start":{"line":6,"column":0},"end":{"line":23,"column":1}}]},"1":{"type":"branch","line":11,"loc":{"start":{"line":11,"column":47},"end":{"line":14,"column":6}},"locations":[{"start":{"line":11,"column":47},"end":{"line":14,"column":6}}]}},"b":{"0":[35],"1":[47]},"fnMap":{"0":{"name":"computeSnapshotHash","decl":{"start":{"line":6,"column":0},"end":{"line":23,"column":1}},"loc":{"start":{"line":6,"column":0},"end":{"line":23,"column":1}},"line":6}},"f":{"0":35}}
,"/home/innojini/dev/widget.creator/packages/core/src/quote/types.ts": {"path":"/home/innojini/dev/widget.creator/packages/core/src/quote/types.ts","all":true,"statementMap":{},"s":{},"branchMap":{"0":{"type":"branch","line":1,"loc":{"start":{"line":1,"column":1046},"end":{"line":51,"column":15}},"locations":[{"start":{"line":1,"column":1046},"end":{"line":51,"column":15}}]}},"b":{"0":[1]},"fnMap":{"0":{"name":"(empty-report)","decl":{"start":{"line":1,"column":1046},"end":{"line":51,"column":15}},"loc":{"start":{"line":1,"column":1046},"end":{"line":51,"column":15}},"line":1}},"f":{"0":1}}
}
