<?xml version="1.0" encoding="UTF-8"?>
<coverage generated="1771815463943" clover="3.2.0">
  <project timestamp="1771815463943" name="All files">
    <metrics statements="45" coveredstatements="45" conditionals="26" coveredconditionals="26" methods="2" coveredmethods="2" elements="73" coveredelements="73" complexity="0" loc="45" ncloc="45" packages="1" files="1" classes="1"/>
    <file name="circular-check.ts" path="/home/innojini/dev/widget.creator/apps/admin/src/lib/validations/circular-check.ts">
      <metrics statements="45" coveredstatements="45" conditionals="26" coveredconditionals="26" methods="2" coveredmethods="2"/>
      <line num="18" count="1" type="cond" truecount="1" falsecount="0"/>
      <line num="19" count="16" type="stmt"/>
      <line num="20" count="16" type="stmt"/>
      <line num="21" count="16" type="stmt"/>
      <line num="22" count="16" type="cond" truecount="2" falsecount="0"/>
      <line num="23" count="4" type="stmt"/>
      <line num="24" count="4" type="cond" truecount="1" falsecount="0"/>
      <line num="27" count="16" type="cond" truecount="1" falsecount="0"/>
      <line num="28" count="1" type="stmt"/>
      <line num="29" count="1" type="cond" truecount="1" falsecount="0"/>
      <line num="32" count="11" type="stmt"/>
      <line num="34" count="16" type="cond" truecount="1" falsecount="0"/>
      <line num="35" count="20" type="cond" truecount="3" falsecount="0"/>
      <line num="36" count="20" type="cond" truecount="1" falsecount="0"/>
      <line num="37" count="17" type="stmt"/>
      <line num="38" count="17" type="cond" truecount="1" falsecount="0"/>
      <line num="39" count="18" type="stmt"/>
      <line num="40" count="18" type="cond" truecount="1" falsecount="0"/>
      <line num="43" count="11" type="stmt"/>
      <line num="44" count="11" type="stmt"/>
      <line num="45" count="11" type="stmt"/>
      <line num="46" count="11" type="stmt"/>
      <line num="49" count="11" type="stmt"/>
      <line num="50" count="11" type="stmt"/>
      <line num="52" count="11" type="cond" truecount="1" falsecount="0"/>
      <line num="53" count="51" type="cond" truecount="2" falsecount="0"/>
      <line num="54" count="51" type="cond" truecount="2" falsecount="0"/>
      <line num="56" count="46" type="stmt"/>
      <line num="57" count="46" type="stmt"/>
      <line num="59" count="46" type="stmt"/>
      <line num="60" count="51" type="cond" truecount="1" falsecount="0"/>
      <line num="61" count="32" type="cond" truecount="1" falsecount="0"/>
      <line num="62" count="33" type="cond" truecount="1" falsecount="0"/>
      <line num="63" count="33" type="cond" truecount="1" falsecount="0"/>
      <line num="64" count="19" type="cond" truecount="1" falsecount="0"/>
      <line num="66" count="33" type="stmt"/>
      <line num="67" count="33" type="stmt"/>
      <line num="68" count="51" type="stmt"/>
      <line num="71" count="16" type="cond" truecount="1" falsecount="0"/>
      <line num="72" count="18" type="stmt"/>
      <line num="73" count="18" type="stmt"/>
      <line num="74" count="18" type="cond" truecount="1" falsecount="0"/>
      <line num="75" count="18" type="cond" truecount="1" falsecount="0"/>
      <line num="77" count="7" type="stmt"/>
      <line num="78" count="7" type="stmt"/>
    </file>
  </project>
</coverage>
