{"/home/innojini/dev/widget.creator/apps/admin/src/lib/validations/circular-check.ts": {"path":"/home/innojini/dev/widget.creator/apps/admin/src/lib/validations/circular-check.ts","all":false,"statementMap":{"17":{"start":{"line":18,"column":0},"end":{"line":18,"column":41}},"18":{"start":{"line":19,"column":0},"end":{"line":19,"column":29}},"19":{"start":{"line":20,"column":0},"end":{"line":20,"column":26}},"20":{"start":{"line":21,"column":0},"end":{"line":21,"column":12}},"21":{"start":{"line":22,"column":0},"end":{"line":22,"column":73}},"22":{"start":{"line":23,"column":0},"end":{"line":23,"column":17}},"23":{"start":{"line":24,"column":0},"end":{"line":24,"column":3}},"26":{"start":{"line":27,"column":0},"end":{"line":27,"column":58}},"27":{"start":{"line":28,"column":0},"end":{"line":28,"column":16}},"28":{"start":{"line":29,"column":0},"end":{"line":29,"column":3}},"31":{"start":{"line":32,"column":0},"end":{"line":32,"column":47}},"33":{"start":{"line":34,"column":0},"end":{"line":34,"column":32}},"34":{"start":{"line":35,"column":0},"end":{"line":35,"column":77}},"35":{"start":{"line":36,"column":0},"end":{"line":36,"column":42}},"36":{"start":{"line":37,"column":0},"end":{"line":37,"column":48}},"37":{"start":{"line":38,"column":0},"end":{"line":38,"column":5}},"38":{"start":{"line":39,"column":0},"end":{"line":39,"column":61}},"39":{"start":{"line":40,"column":0},"end":{"line":40,"column":3}},"42":{"start":{"line":43,"column":0},"end":{"line":43,"column":43}},"43":{"start":{"line":44,"column":0},"end":{"line":44,"column":49}},"44":{"start":{"line":45,"column":0},"end":{"line":45,"column":3}},"45":{"start":{"line":46,"column":0},"end":{"line":46,"column":65}},"48":{"start":{"line":49,"column":0},"end":{"line":49,"column":36}},"49":{"start":{"line":50,"column":0},"end":{"line":50,"column":36}},"51":{"start":{"line":52,"column":0},"end":{"line":52,"column":44}},"52":{"start":{"line":53,"column":0},"end":{"line":53,"column":39}},"53":{"start":{"line":54,"column":0},"end":{"line":54,"column":40}},"55":{"start":{"line":56,"column":0},"end":{"line":56,"column":22}},"56":{"start":{"line":57,"column":0},"end":{"line":57,"column":22}},"58":{"start":{"line":59,"column":0},"end":{"line":59,"column":38}},"59":{"start":{"line":60,"column":0},"end":{"line":60,"column":20}},"60":{"start":{"line":61,"column":0},"end":{"line":61,"column":41}},"61":{"start":{"line":62,"column":0},"end":{"line":62,"column":44}},"62":{"start":{"line":63,"column":0},"end":{"line":63,"column":7}},"63":{"start":{"line":64,"column":0},"end":{"line":64,"column":5}},"65":{"start":{"line":66,"column":0},"end":{"line":66,"column":25}},"66":{"start":{"line":67,"column":0},"end":{"line":67,"column":17}},"67":{"start":{"line":68,"column":0},"end":{"line":68,"column":3}},"70":{"start":{"line":71,"column":0},"end":{"line":71,"column":36}},"71":{"start":{"line":72,"column":0},"end":{"line":72,"column":20}},"72":{"start":{"line":73,"column":0},"end":{"line":73,"column":20}},"73":{"start":{"line":74,"column":0},"end":{"line":74,"column":36}},"74":{"start":{"line":75,"column":0},"end":{"line":75,"column":3}},"76":{"start":{"line":77,"column":0},"end":{"line":77,"column":15}},"77":{"start":{"line":78,"column":0},"end":{"line":78,"column":1}}},"s":{"17":1,"18":16,"19":16,"20":16,"21":16,"22":4,"23":4,"26":16,"27":1,"28":1,"31":11,"33":16,"34":20,"35":20,"36":17,"37":17,"38":18,"39":18,"42":11,"43":11,"44":11,"45":11,"48":11,"49":11,"51":11,"52":51,"53":51,"55":46,"56":46,"58":46,"59":51,"60":32,"61":33,"62":33,"63":19,"65":33,"66":33,"67":51,"70":16,"71":18,"72":18,"73":18,"74":18,"76":7,"77":7},"branchMap":{"0":{"type":"branch","line":18,"loc":{"start":{"line":18,"column":7},"end":{"line":78,"column":1}},"locations":[{"start":{"line":18,"column":7},"end":{"line":78,"column":1}}]},"1":{"type":"branch","line":22,"loc":{"start":{"line":22,"column":32},"end":{"line":22,"column":72}},"locations":[{"start":{"line":22,"column":32},"end":{"line":22,"column":72}}]},"2":{"type":"branch","line":22,"loc":{"start":{"line":22,"column":72},"end":{"line":24,"column":3}},"locations":[{"start":{"line":22,"column":72},"end":{"line":24,"column":3}}]},"3":{"type":"branch","line":24,"loc":{"start":{"line":24,"column":2},"end":{"line":27,"column":57}},"locations":[{"start":{"line":24,"column":2},"end":{"line":27,"column":57}}]},"4":{"type":"branch","line":27,"loc":{"start":{"line":27,"column":57},"end":{"line":29,"column":3}},"locations":[{"start":{"line":27,"column":57},"end":{"line":29,"column":3}}]},"5":{"type":"branch","line":29,"loc":{"start":{"line":29,"column":2},"end":{"line":34,"column":31}},"locations":[{"start":{"line":29,"column":2},"end":{"line":34,"column":31}}]},"6":{"type":"branch","line":34,"loc":{"start":{"line":34,"column":31},"end":{"line":40,"column":3}},"locations":[{"start":{"line":34,"column":31},"end":{"line":40,"column":3}}]},"7":{"type":"branch","line":35,"loc":{"start":{"line":35,"column":31},"end":{"line":35,"column":68}},"locations":[{"start":{"line":35,"column":31},"end":{"line":35,"column":68}}]},"8":{"type":"branch","line":35,"loc":{"start":{"line":35,"column":68},"end":{"line":35,"column":77}},"locations":[{"start":{"line":35,"column":68},"end":{"line":35,"column":77}}]},"9":{"type":"branch","line":35,"loc":{"start":{"line":35,"column":68},"end":{"line":36,"column":41}},"locations":[{"start":{"line":35,"column":68},"end":{"line":36,"column":41}}]},"10":{"type":"branch","line":36,"loc":{"start":{"line":36,"column":41},"end":{"line":38,"column":5}},"locations":[{"start":{"line":36,"column":41},"end":{"line":38,"column":5}}]},"11":{"type":"branch","line":38,"loc":{"start":{"line":38,"column":4},"end":{"line":40,"column":3}},"locations":[{"start":{"line":38,"column":4},"end":{"line":40,"column":3}}]},"12":{"type":"branch","line":40,"loc":{"start":{"line":40,"column":2},"end":{"line":71,"column":35}},"locations":[{"start":{"line":40,"column":2},"end":{"line":71,"column":35}}]},"13":{"type":"branch","line":71,"loc":{"start":{"line":71,"column":35},"end":{"line":75,"column":3}},"locations":[{"start":{"line":71,"column":35},"end":{"line":75,"column":3}}]},"14":{"type":"branch","line":74,"loc":{"start":{"line":74,"column":24},"end":{"line":74,"column":36}},"locations":[{"start":{"line":74,"column":24},"end":{"line":74,"column":36}}]},"15":{"type":"branch","line":75,"loc":{"start":{"line":75,"column":2},"end":{"line":78,"column":1}},"locations":[{"start":{"line":75,"column":2},"end":{"line":78,"column":1}}]},"16":{"type":"branch","line":52,"loc":{"start":{"line":52,"column":2},"end":{"line":68,"column":3}},"locations":[{"start":{"line":52,"column":2},"end":{"line":68,"column":3}}]},"17":{"type":"branch","line":53,"loc":{"start":{"line":53,"column":27},"end":{"line":53,"column":39}},"locations":[{"start":{"line":53,"column":27},"end":{"line":53,"column":39}}]},"18":{"type":"branch","line":53,"loc":{"start":{"line":53,"column":34},"end":{"line":54,"column":34}},"locations":[{"start":{"line":53,"column":34},"end":{"line":54,"column":34}}]},"19":{"type":"branch","line":54,"loc":{"start":{"line":54,"column":27},"end":{"line":54,"column":40}},"locations":[{"start":{"line":54,"column":27},"end":{"line":54,"column":40}}]},"20":{"type":"branch","line":54,"loc":{"start":{"line":54,"column":34},"end":{"line":60,"column":19}},"locations":[{"start":{"line":54,"column":34},"end":{"line":60,"column":19}}]},"21":{"type":"branch","line":60,"loc":{"start":{"line":60,"column":19},"end":{"line":64,"column":5}},"locations":[{"start":{"line":60,"column":19},"end":{"line":64,"column":5}}]},"22":{"type":"branch","line":61,"loc":{"start":{"line":61,"column":40},"end":{"line":63,"column":7}},"locations":[{"start":{"line":61,"column":40},"end":{"line":63,"column":7}}]},"23":{"type":"branch","line":62,"loc":{"start":{"line":62,"column":32},"end":{"line":62,"column":44}},"locations":[{"start":{"line":62,"column":32},"end":{"line":62,"column":44}}]},"24":{"type":"branch","line":63,"loc":{"start":{"line":63,"column":6},"end":{"line":64,"column":5}},"locations":[{"start":{"line":63,"column":6},"end":{"line":64,"column":5}}]},"25":{"type":"branch","line":64,"loc":{"start":{"line":64,"column":4},"end":{"line":67,"column":17}},"locations":[{"start":{"line":64,"column":4},"end":{"line":67,"column":17}}]}},"b":{"0":[16],"1":[13],"2":[4],"3":[12],"4":[1],"5":[11],"6":[20],"7":[19],"8":[2],"9":[18],"10":[17],"11":[18],"12":[11],"13":[18],"14":[4],"15":[7],"16":[51],"17":[4],"18":[47],"19":[1],"20":[46],"21":[32],"22":[33],"23":[13],"24":[19],"25":[33]},"fnMap":{"0":{"name":"detectCircularDependency","decl":{"start":{"line":18,"column":7},"end":{"line":78,"column":1}},"loc":{"start":{"line":18,"column":7},"end":{"line":78,"column":1}},"line":18},"1":{"name":"hasCycle","decl":{"start":{"line":52,"column":2},"end":{"line":68,"column":3}},"loc":{"start":{"line":52,"column":2},"end":{"line":68,"column":3}},"line":52}},"f":{"0":16,"1":51}}
}
