TN:
SF:src/index.ts
FNF:0
FNH:0
DA:1,1
DA:2,1
LF:2
LH:2
BRF:0
BRH:0
end_of_record
TN:
SF:src/schema/index.ts
FNF:0
FNH:0
DA:1,1
LF:1
LH:1
BRF:0
BRH:0
end_of_record
TN:
SF:src/schema/widget/01-element-types.ts
FNF:0
FNH:0
DA:1,1
DA:2,1
DA:34,1
DA:35,1
DA:36,1
DA:37,1
DA:38,1
DA:39,1
DA:40,1
DA:41,1
DA:42,1
DA:43,1
DA:44,1
DA:45,1
DA:46,1
DA:47,1
DA:48,1
DA:49,1
DA:50,1
DA:51,0
DA:52,0
DA:53,0
DA:54,0
DA:55,1
LF:24
LH:20
BRF:0
BRH:0
end_of_record
TN:
SF:src/schema/widget/02-element-choices.ts
FN:26,optionElementChoices.typeId.notNull.references.onDelete
FNF:1
FNH:0
FNDA:0,optionElementChoices.typeId.notNull.references.onDelete
DA:1,1
DA:2,1
DA:14,1
DA:20,1
DA:21,1
DA:22,1
DA:23,1
DA:24,1
DA:25,1
DA:26,1
DA:27,1
DA:28,1
DA:29,1
DA:30,1
DA:31,1
DA:32,1
DA:33,1
DA:36,1
DA:37,1
DA:38,1
DA:41,1
DA:44,1
DA:47,1
DA:48,1
DA:49,1
DA:52,1
DA:54,1
DA:55,1
DA:56,1
DA:57,1
DA:58,1
DA:59,0
DA:60,0
DA:61,0
DA:62,0
DA:63,0
DA:64,1
LF:37
LH:32
BRF:0
BRH:0
end_of_record
TN:
SF:src/schema/widget/02-product-categories.ts
FNF:0
FNH:0
DA:1,1
DA:2,1
DA:18,1
DA:19,1
DA:20,1
DA:21,1
DA:25,1
DA:26,1
DA:27,1
DA:28,1
DA:29,1
DA:30,1
DA:31,1
DA:32,1
DA:33,1
DA:34,1
DA:35,0
DA:36,0
DA:37,1
LF:19
LH:17
BRF:0
BRH:0
end_of_record
TN:
SF:src/schema/widget/02-product-recipes.ts
FNF:0
FNH:0
DA:1,1
DA:12,1
DA:19,1
DA:20,1
DA:21,1
DA:22,1
DA:23,1
DA:24,1
DA:25,1
DA:26,1
DA:27,1
DA:28,1
DA:29,1
DA:30,1
DA:31,1
DA:32,1
DA:33,1
DA:34,1
DA:35,0
DA:36,0
DA:37,0
DA:38,0
DA:39,1
LF:23
LH:19
BRF:0
BRH:0
end_of_record
TN:
SF:src/schema/widget/02-products.ts
FNF:0
FNH:0
DA:1,1
DA:2,1
DA:12,1
DA:19,1
DA:20,1
DA:21,1
DA:22,1
DA:25,1
DA:29,1
DA:30,1
DA:31,1
DA:42,1
DA:44,1
DA:45,1
DA:46,1
DA:47,1
DA:48,1
DA:49,1
DA:50,1
DA:51,1
DA:52,1
DA:53,1
DA:54,1
DA:55,1
DA:56,1
DA:57,1
DA:58,1
DA:59,1
DA:60,1
DA:61,1
DA:62,1
DA:63,0
DA:64,0
DA:65,0
DA:66,0
DA:67,0
DA:68,0
DA:69,0
DA:70,0
DA:71,1
LF:40
LH:32
BRF:0
BRH:0
end_of_record
TN:
SF:src/schema/widget/02-recipe-choice-restrictions.ts
FN:20,recipeChoiceRestrictions.recipeBindingId.notNull.references.onDelete
FNF:1
FNH:0
FNDA:0,recipeChoiceRestrictions.recipeBindingId.notNull.references.onDelete
DA:1,1
DA:9,1
DA:10,1
DA:14,1
DA:15,1
DA:16,1
DA:17,1
DA:18,1
DA:19,1
DA:20,1
DA:21,1
DA:22,1
DA:23,1
DA:25,1
DA:26,1
DA:27,1
DA:28,0
DA:29,0
DA:30,0
DA:31,1
LF:20
LH:17
BRF:0
BRH:0
end_of_record
TN:
SF:src/schema/widget/02-recipe-option-bindings.ts
FN:24,recipeOptionBindings.recipeId.notNull.references.onDelete
FNF:1
FNH:0
FNDA:0,recipeOptionBindings.recipeId.notNull.references.onDelete
DA:1,1
DA:9,1
DA:10,1
DA:11,1
DA:18,1
DA:19,1
DA:20,1
DA:21,1
DA:22,1
DA:23,1
DA:24,1
DA:25,1
DA:26,1
DA:27,1
DA:28,1
DA:29,1
DA:30,1
DA:31,1
DA:32,1
DA:33,1
DA:34,1
DA:35,0
DA:36,0
DA:37,0
DA:38,0
DA:39,0
DA:40,1
LF:27
LH:22
BRF:0
BRH:0
end_of_record
TN:
SF:src/schema/widget/03-addon-group-items.ts
FN:21,addonGroupItems.groupId.notNull.references.onDelete
FNF:1
FNH:0
FNDA:0,addonGroupItems.groupId.notNull.references.onDelete
DA:1,1
DA:10,1
DA:11,1
DA:15,1
DA:16,1
DA:17,1
DA:18,1
DA:19,1
DA:20,1
DA:21,1
DA:22,1
DA:23,1
DA:24,1
DA:25,1
DA:26,1
DA:27,1
DA:28,1
DA:29,1
DA:30,1
DA:31,0
DA:32,0
DA:33,0
DA:34,1
LF:23
LH:20
BRF:0
BRH:0
end_of_record
TN:
SF:src/schema/widget/03-addon-groups.ts
FNF:0
FNH:0
DA:1,1
DA:2,1
DA:16,1
DA:17,1
DA:18,1
DA:19,1
DA:20,1
DA:21,1
DA:23,1
DA:24,1
DA:25,1
DA:26,1
DA:27,1
DA:28,1
DA:29,1
DA:30,1
DA:31,1
DA:32,0
DA:33,0
DA:34,1
LF:20
LH:18
BRF:0
BRH:0
end_of_record
TN:
SF:src/schema/widget/03-constraint-nl-history.ts
FN:22,constraintNlHistory.constraintId.references.onDelete
FNF:1
FNH:0
FNDA:0,constraintNlHistory.constraintId.references.onDelete
DA:1,1
DA:13,1
DA:14,1
DA:18,1
DA:19,1
DA:20,1
DA:21,1
DA:22,1
DA:23,1
DA:24,1
DA:25,1
DA:26,1
DA:27,1
DA:28,1
DA:29,1
DA:30,1
DA:31,1
DA:32,1
DA:33,1
DA:34,1
DA:35,1
DA:36,1
DA:37,1
DA:38,1
DA:39,1
DA:40,0
DA:41,0
DA:42,0
DA:43,1
LF:29
LH:26
BRF:0
BRH:0
end_of_record
TN:
SF:src/schema/widget/03-constraint-templates.ts
FNF:0
FNH:0
DA:1,1
DA:2,1
DA:16,1
DA:17,1
DA:18,1
DA:19,1
DA:20,1
DA:21,1
DA:22,1
DA:23,1
DA:24,1
DA:25,1
DA:26,1
DA:27,1
DA:29,1
DA:30,1
DA:31,1
DA:32,1
DA:33,1
DA:34,1
DA:35,0
DA:36,0
DA:37,1
LF:23
LH:21
BRF:0
BRH:0
end_of_record
TN:
SF:src/schema/widget/03-recipe-constraints.ts
FN:28,recipeConstraints.recipeId.notNull.references.onDelete
FNF:1
FNH:0
FNDA:0,recipeConstraints.recipeId.notNull.references.onDelete
DA:1,1
DA:2,1
DA:13,1
DA:14,1
DA:22,1
DA:23,1
DA:24,1
DA:25,1
DA:26,1
DA:27,1
DA:28,1
DA:29,1
DA:30,1
DA:31,1
DA:33,1
DA:34,1
DA:36,1
DA:37,1
DA:38,1
DA:40,1
DA:41,1
DA:42,1
DA:43,1
DA:44,1
DA:45,1
DA:46,1
DA:47,1
DA:48,0
DA:49,0
DA:50,0
DA:51,0
DA:52,0
DA:53,1
LF:33
LH:28
BRF:0
BRH:0
end_of_record
TN:
SF:src/schema/widget/04-postprocess-cost.ts
FNF:0
FNH:0
DA:1,1
DA:11,1
DA:18,1
DA:19,1
DA:20,1
DA:21,1
DA:24,1
DA:27,1
DA:30,1
DA:33,1
DA:34,1
DA:37,1
DA:40,1
DA:42,1
DA:43,1
DA:44,1
DA:45,1
DA:46,1
DA:47,0
DA:48,0
DA:49,0
DA:50,1
LF:22
LH:19
BRF:0
BRH:0
end_of_record
TN:
SF:src/schema/widget/04-print-cost-base.ts
FNF:0
FNH:0
DA:1,1
DA:11,1
DA:18,1
DA:19,1
DA:20,1
DA:21,1
DA:23,1
DA:24,1
DA:25,1
DA:28,1
DA:31,1
DA:34,1
DA:37,1
DA:40,1
DA:42,1
DA:43,1
DA:44,1
DA:45,1
DA:46,1
DA:47,0
DA:48,0
DA:49,0
DA:50,1
LF:23
LH:20
BRF:0
BRH:0
end_of_record
TN:
SF:src/schema/widget/04-product-price-configs.ts
FN:28,productPriceConfigs.productId.notNull.references.onDelete
FNF:1
FNH:0
FNDA:0,productPriceConfigs.productId.notNull.references.onDelete
DA:1,1
DA:13,1
DA:20,1
DA:21,1
DA:22,1
DA:23,1
DA:26,1
DA:27,1
DA:28,1
DA:31,1
DA:34,1
DA:37,1
DA:40,1
DA:43,1
DA:46,1
DA:49,1
DA:52,1
DA:54,1
DA:55,1
DA:56,1
DA:57,1
DA:58,1
DA:59,0
DA:60,0
DA:61,0
DA:62,1
LF:26
LH:23
BRF:0
BRH:0
end_of_record
TN:
SF:src/schema/widget/04-qty-discount.ts
FNF:0
FNH:0
DA:1,1
DA:12,1
DA:19,1
DA:20,1
DA:21,1
DA:22,1
DA:25,1
DA:28,1
DA:29,1
DA:32,1
DA:35,1
DA:37,1
DA:39,1
DA:40,1
DA:41,1
DA:42,1
DA:43,0
DA:44,0
DA:45,0
DA:46,1
LF:20
LH:17
BRF:0
BRH:0
end_of_record
TN:
SF:src/schema/widget/index.ts
FNF:0
FNH:0
DA:1,1
DA:2,1
DA:3,1
DA:4,1
DA:5,1
DA:6,1
DA:7,1
DA:8,1
DA:9,1
DA:10,1
DA:11,1
DA:12,1
DA:13,1
DA:14,1
DA:15,1
DA:16,1
LF:16
LH:16
BRF:0
BRH:0
end_of_record
