{"/home/innojini/dev/widget.creator/packages/widget/dist/embed.iife.js": {"path":"/home/innojini/dev/widget.creator/packages/widget/dist/embed.iife.js","all":true,"statementMap":{"0":{"start":{"line":1,"column":0},"end":{"line":1,"column":44434}}},"s":{"0":0},"branchMap":{"0":{"type":"branch","line":1,"loc":{"start":{"line":1,"column":0},"end":{"line":1,"column":27397}},"locations":[{"start":{"line":1,"column":0},"end":{"line":1,"column":27397}}]}},"b":{"0":[0]},"fnMap":{"0":{"name":"(empty-report)","decl":{"start":{"line":1,"column":0},"end":{"line":1,"column":27397}},"loc":{"start":{"line":1,"column":0},"end":{"line":1,"column":27397}},"line":1}},"f":{"0":0}}
,"/home/innojini/dev/widget.creator/packages/widget/src/app.tsx": {"path":"/home/innojini/dev/widget.creator/packages/widget/src/app.tsx","all":true,"statementMap":{"6":{"start":{"line":7,"column":0},"end":{"line":7,"column":59}},"7":{"start":{"line":8,"column":0},"end":{"line":8,"column":43}},"8":{"start":{"line":9,"column":0},"end":{"line":9,"column":8}},"14":{"start":{"line":15,"column":0},"end":{"line":15,"column":39}},"16":{"start":{"line":17,"column":0},"end":{"line":17,"column":3}},"63":{"start":{"line":64,"column":0},"end":{"line":64,"column":52}},"64":{"start":{"line":65,"column":0},"end":{"line":65,"column":31}},"65":{"start":{"line":66,"column":0},"end":{"line":66,"column":54}},"66":{"start":{"line":67,"column":0},"end":{"line":67,"column":52}},"67":{"start":{"line":68,"column":0},"end":{"line":68,"column":52}},"68":{"start":{"line":69,"column":0},"end":{"line":69,"column":52}},"69":{"start":{"line":70,"column":0},"end":{"line":70,"column":52}},"70":{"start":{"line":71,"column":0},"end":{"line":71,"column":8}},"76":{"start":{"line":77,"column":0},"end":{"line":77,"column":87}},"77":{"start":{"line":78,"column":0},"end":{"line":78,"column":10}},"78":{"start":{"line":79,"column":0},"end":{"line":79,"column":10}},"79":{"start":{"line":80,"column":0},"end":{"line":80,"column":7}},"80":{"start":{"line":81,"column":0},"end":{"line":81,"column":28}},"81":{"start":{"line":82,"column":0},"end":{"line":82,"column":44}},"82":{"start":{"line":83,"column":0},"end":{"line":83,"column":54}},"83":{"start":{"line":84,"column":0},"end":{"line":84,"column":17}},"84":{"start":{"line":85,"column":0},"end":{"line":85,"column":60}},"86":{"start":{"line":87,"column":0},"end":{"line":87,"column":15}},"87":{"start":{"line":88,"column":0},"end":{"line":88,"column":6}},"88":{"start":{"line":89,"column":0},"end":{"line":89,"column":8}},"94":{"start":{"line":95,"column":0},"end":{"line":95,"column":68}},"95":{"start":{"line":96,"column":0},"end":{"line":96,"column":9}},"96":{"start":{"line":97,"column":0},"end":{"line":97,"column":14}},"97":{"start":{"line":98,"column":0},"end":{"line":98,"column":11}},"98":{"start":{"line":99,"column":0},"end":{"line":99,"column":13}},"99":{"start":{"line":100,"column":0},"end":{"line":100,"column":8}},"100":{"start":{"line":101,"column":0},"end":{"line":101,"column":13}},"101":{"start":{"line":102,"column":0},"end":{"line":102,"column":7}},"102":{"start":{"line":103,"column":0},"end":{"line":103,"column":49}},"105":{"start":{"line":106,"column":0},"end":{"line":106,"column":19}},"106":{"start":{"line":107,"column":0},"end":{"line":107,"column":25}},"107":{"start":{"line":108,"column":0},"end":{"line":108,"column":32}},"108":{"start":{"line":109,"column":0},"end":{"line":109,"column":34}},"109":{"start":{"line":110,"column":0},"end":{"line":110,"column":36}},"110":{"start":{"line":111,"column":0},"end":{"line":111,"column":7}},"112":{"start":{"line":113,"column":0},"end":{"line":113,"column":29}},"113":{"start":{"line":114,"column":0},"end":{"line":114,"column":15}},"116":{"start":{"line":117,"column":0},"end":{"line":117,"column":14}},"117":{"start":{"line":118,"column":0},"end":{"line":118,"column":55}},"118":{"start":{"line":119,"column":0},"end":{"line":119,"column":12}},"119":{"start":{"line":120,"column":0},"end":{"line":120,"column":19}},"120":{"start":{"line":121,"column":0},"end":{"line":121,"column":37}},"121":{"start":{"line":122,"column":0},"end":{"line":122,"column":24}},"122":{"start":{"line":123,"column":0},"end":{"line":123,"column":23}},"123":{"start":{"line":124,"column":0},"end":{"line":124,"column":37}},"124":{"start":{"line":125,"column":0},"end":{"line":125,"column":10}},"125":{"start":{"line":126,"column":0},"end":{"line":126,"column":8}},"127":{"start":{"line":128,"column":0},"end":{"line":128,"column":3}},"130":{"start":{"line":131,"column":0},"end":{"line":131,"column":40}},"131":{"start":{"line":132,"column":0},"end":{"line":132,"column":31}},"132":{"start":{"line":133,"column":0},"end":{"line":133,"column":3}},"135":{"start":{"line":136,"column":0},"end":{"line":136,"column":23}},"136":{"start":{"line":137,"column":0},"end":{"line":137,"column":12}},"137":{"start":{"line":138,"column":0},"end":{"line":138,"column":19}},"138":{"start":{"line":139,"column":0},"end":{"line":139,"column":36}},"139":{"start":{"line":140,"column":0},"end":{"line":140,"column":50}},"140":{"start":{"line":141,"column":0},"end":{"line":141,"column":8}},"142":{"start":{"line":143,"column":0},"end":{"line":143,"column":3}},"145":{"start":{"line":146,"column":0},"end":{"line":146,"column":10}},"146":{"start":{"line":147,"column":0},"end":{"line":147,"column":30}},"147":{"start":{"line":148,"column":0},"end":{"line":148,"column":40}},"148":{"start":{"line":149,"column":0},"end":{"line":149,"column":53}},"149":{"start":{"line":150,"column":0},"end":{"line":150,"column":12}},"150":{"start":{"line":151,"column":0},"end":{"line":151,"column":41}},"151":{"start":{"line":152,"column":0},"end":{"line":152,"column":23}},"152":{"start":{"line":153,"column":0},"end":{"line":153,"column":40}},"153":{"start":{"line":154,"column":0},"end":{"line":154,"column":35}},"154":{"start":{"line":155,"column":0},"end":{"line":155,"column":37}},"155":{"start":{"line":156,"column":0},"end":{"line":156,"column":44}},"156":{"start":{"line":157,"column":0},"end":{"line":157,"column":46}},"157":{"start":{"line":158,"column":0},"end":{"line":158,"column":26}},"158":{"start":{"line":159,"column":0},"end":{"line":159,"column":40}},"159":{"start":{"line":160,"column":0},"end":{"line":160,"column":59}},"160":{"start":{"line":161,"column":0},"end":{"line":161,"column":29}},"161":{"start":{"line":162,"column":0},"end":{"line":162,"column":42}},"162":{"start":{"line":163,"column":0},"end":{"line":163,"column":34}},"163":{"start":{"line":164,"column":0},"end":{"line":164,"column":36}},"164":{"start":{"line":165,"column":0},"end":{"line":165,"column":45}},"165":{"start":{"line":166,"column":0},"end":{"line":166,"column":33}},"166":{"start":{"line":167,"column":0},"end":{"line":167,"column":46}},"167":{"start":{"line":168,"column":0},"end":{"line":168,"column":48}},"168":{"start":{"line":169,"column":0},"end":{"line":169,"column":38}},"169":{"start":{"line":170,"column":0},"end":{"line":170,"column":54}},"170":{"start":{"line":171,"column":0},"end":{"line":171,"column":60}},"171":{"start":{"line":172,"column":0},"end":{"line":172,"column":37}},"172":{"start":{"line":173,"column":0},"end":{"line":173,"column":38}},"173":{"start":{"line":174,"column":0},"end":{"line":174,"column":38}},"174":{"start":{"line":175,"column":0},"end":{"line":175,"column":44}},"175":{"start":{"line":176,"column":0},"end":{"line":176,"column":36}},"176":{"start":{"line":177,"column":0},"end":{"line":177,"column":10}},"177":{"start":{"line":178,"column":0},"end":{"line":178,"column":12}},"178":{"start":{"line":179,"column":0},"end":{"line":179,"column":10}},"180":{"start":{"line":181,"column":0},"end":{"line":181,"column":2}},"182":{"start":{"line":183,"column":0},"end":{"line":183,"column":27}}},"s":{"6":0,"7":0,"8":0,"14":0,"16":0,"63":0,"64":0,"65":0,"66":0,"67":0,"68":0,"69":0,"70":0,"76":0,"77":0,"78":0,"79":0,"80":0,"81":0,"82":0,"83":0,"84":0,"86":0,"87":0,"88":0,"94":0,"95":0,"96":0,"97":0,"98":0,"99":0,"100":0,"101":0,"102":0,"105":0,"106":0,"107":0,"108":0,"109":0,"110":0,"112":0,"113":0,"116":0,"117":0,"118":0,"119":0,"120":0,"121":0,"122":0,"123":0,"124":0,"125":0,"127":0,"130":0,"131":0,"132":0,"135":0,"136":0,"137":0,"138":0,"139":0,"140":0,"142":0,"145":0,"146":0,"147":0,"148":0,"149":0,"150":0,"151":0,"152":0,"153":0,"154":0,"155":0,"156":0,"157":0,"158":0,"159":0,"160":0,"161":0,"162":0,"163":0,"164":0,"165":0,"166":0,"167":0,"168":0,"169":0,"170":0,"171":0,"172":0,"173":0,"174":0,"175":0,"176":0,"177":0,"178":0,"180":0,"182":0},"branchMap":{"0":{"type":"branch","line":1,"loc":{"start":{"line":1,"column":4724},"end":{"line":183,"column":27}},"locations":[{"start":{"line":1,"column":4724},"end":{"line":183,"column":27}}]}},"b":{"0":[1]},"fnMap":{"0":{"name":"(empty-report)","decl":{"start":{"line":1,"column":4724},"end":{"line":183,"column":27}},"loc":{"start":{"line":1,"column":4724},"end":{"line":183,"column":27}},"line":1}},"f":{"0":1}}
,"/home/innojini/dev/widget.creator/packages/widget/src/embed.ts": {"path":"/home/innojini/dev/widget.creator/packages/widget/src/embed.ts","all":true,"statementMap":{"10":{"start":{"line":11,"column":0},"end":{"line":11,"column":61}},"15":{"start":{"line":16,"column":0},"end":{"line":16,"column":62}},"17":{"start":{"line":18,"column":0},"end":{"line":18,"column":71}},"18":{"start":{"line":19,"column":0},"end":{"line":19,"column":85}},"20":{"start":{"line":21,"column":0},"end":{"line":21,"column":23}},"21":{"start":{"line":22,"column":0},"end":{"line":22,"column":66}},"22":{"start":{"line":23,"column":0},"end":{"line":23,"column":16}},"23":{"start":{"line":24,"column":0},"end":{"line":24,"column":3}},"26":{"start":{"line":27,"column":0},"end":{"line":27,"column":50}},"27":{"start":{"line":28,"column":0},"end":{"line":28,"column":52}},"29":{"start":{"line":30,"column":0},"end":{"line":30,"column":32}},"30":{"start":{"line":31,"column":0},"end":{"line":31,"column":95}},"31":{"start":{"line":32,"column":0},"end":{"line":32,"column":16}},"32":{"start":{"line":33,"column":0},"end":{"line":33,"column":3}},"35":{"start":{"line":36,"column":0},"end":{"line":36,"column":32}},"36":{"start":{"line":37,"column":0},"end":{"line":37,"column":13}},"37":{"start":{"line":38,"column":0},"end":{"line":38,"column":39}},"38":{"start":{"line":39,"column":0},"end":{"line":39,"column":4}},"41":{"start":{"line":42,"column":0},"end":{"line":42,"column":43}},"42":{"start":{"line":43,"column":0},"end":{"line":43,"column":61}},"43":{"start":{"line":44,"column":0},"end":{"line":44,"column":3}},"45":{"start":{"line":46,"column":0},"end":{"line":46,"column":42}},"46":{"start":{"line":47,"column":0},"end":{"line":47,"column":59}},"47":{"start":{"line":48,"column":0},"end":{"line":48,"column":3}},"49":{"start":{"line":50,"column":0},"end":{"line":50,"column":37}},"50":{"start":{"line":51,"column":0},"end":{"line":51,"column":49}},"51":{"start":{"line":52,"column":0},"end":{"line":52,"column":3}},"53":{"start":{"line":54,"column":0},"end":{"line":54,"column":16}},"54":{"start":{"line":55,"column":0},"end":{"line":55,"column":1}},"59":{"start":{"line":60,"column":0},"end":{"line":60,"column":41}},"62":{"start":{"line":63,"column":0},"end":{"line":63,"column":38}},"63":{"start":{"line":64,"column":0},"end":{"line":64,"column":42}},"64":{"start":{"line":65,"column":0},"end":{"line":65,"column":55}},"65":{"start":{"line":66,"column":0},"end":{"line":66,"column":41}},"66":{"start":{"line":67,"column":0},"end":{"line":67,"column":5}},"67":{"start":{"line":68,"column":0},"end":{"line":68,"column":3}},"68":{"start":{"line":69,"column":0},"end":{"line":69,"column":34}},"69":{"start":{"line":70,"column":0},"end":{"line":70,"column":1}},"74":{"start":{"line":75,"column":0},"end":{"line":75,"column":67}},"75":{"start":{"line":76,"column":0},"end":{"line":76,"column":84}},"76":{"start":{"line":77,"column":0},"end":{"line":77,"column":1}},"78":{"start":{"line":79,"column":0},"end":{"line":79,"column":16}},"79":{"start":{"line":80,"column":0},"end":{"line":80,"column":24}},"80":{"start":{"line":81,"column":0},"end":{"line":81,"column":16}},"81":{"start":{"line":82,"column":0},"end":{"line":82,"column":22}},"82":{"start":{"line":83,"column":0},"end":{"line":83,"column":2}}},"s":{"10":0,"15":0,"17":0,"18":0,"20":0,"21":0,"22":0,"23":0,"26":0,"27":0,"29":0,"30":0,"31":0,"32":0,"35":0,"36":0,"37":0,"38":0,"41":0,"42":0,"43":0,"45":0,"46":0,"47":0,"49":0,"50":0,"51":0,"53":0,"54":0,"59":0,"62":0,"63":0,"64":0,"65":0,"66":0,"67":0,"68":0,"69":0,"74":0,"75":0,"76":0,"78":0,"79":0,"80":0,"81":0,"82":0},"branchMap":{"0":{"type":"branch","line":1,"loc":{"start":{"line":1,"column":2137},"end":{"line":83,"column":2}},"locations":[{"start":{"line":1,"column":2137},"end":{"line":83,"column":2}}]}},"b":{"0":[1]},"fnMap":{"0":{"name":"(empty-report)","decl":{"start":{"line":1,"column":2137},"end":{"line":83,"column":2}},"loc":{"start":{"line":1,"column":2137},"end":{"line":83,"column":2}},"line":1}},"f":{"0":1}}
,"/home/innojini/dev/widget.creator/packages/widget/src/index.tsx": {"path":"/home/innojini/dev/widget.creator/packages/widget/src/index.tsx","all":true,"statementMap":{"5":{"start":{"line":6,"column":0},"end":{"line":6,"column":35}},"6":{"start":{"line":7,"column":0},"end":{"line":7,"column":36}},"7":{"start":{"line":8,"column":0},"end":{"line":8,"column":69}},"8":{"start":{"line":9,"column":0},"end":{"line":9,"column":8}},"15":{"start":{"line":16,"column":0},"end":{"line":16,"column":8}},"25":{"start":{"line":26,"column":0},"end":{"line":26,"column":17}},"31":{"start":{"line":32,"column":0},"end":{"line":32,"column":53}},"32":{"start":{"line":33,"column":0},"end":{"line":33,"column":10}},"33":{"start":{"line":34,"column":0},"end":{"line":34,"column":12}},"34":{"start":{"line":35,"column":0},"end":{"line":35,"column":70}},"35":{"start":{"line":36,"column":0},"end":{"line":36,"column":70}},"36":{"start":{"line":37,"column":0},"end":{"line":37,"column":70}},"38":{"start":{"line":39,"column":0},"end":{"line":39,"column":13}},"39":{"start":{"line":40,"column":0},"end":{"line":40,"column":68}},"40":{"start":{"line":41,"column":0},"end":{"line":41,"column":69}},"41":{"start":{"line":42,"column":0},"end":{"line":42,"column":69}},"43":{"start":{"line":44,"column":0},"end":{"line":44,"column":24}},"44":{"start":{"line":45,"column":0},"end":{"line":45,"column":7}},"45":{"start":{"line":46,"column":0},"end":{"line":46,"column":20}},"46":{"start":{"line":47,"column":0},"end":{"line":47,"column":19}},"47":{"start":{"line":48,"column":0},"end":{"line":48,"column":18}},"48":{"start":{"line":49,"column":0},"end":{"line":49,"column":79}},"49":{"start":{"line":50,"column":0},"end":{"line":50,"column":81}},"51":{"start":{"line":52,"column":0},"end":{"line":52,"column":27}},"52":{"start":{"line":53,"column":0},"end":{"line":53,"column":8}},"53":{"start":{"line":54,"column":0},"end":{"line":54,"column":7}},"54":{"start":{"line":55,"column":0},"end":{"line":55,"column":22}},"55":{"start":{"line":56,"column":0},"end":{"line":56,"column":20}},"56":{"start":{"line":57,"column":0},"end":{"line":57,"column":18}},"57":{"start":{"line":58,"column":0},"end":{"line":58,"column":83}},"59":{"start":{"line":60,"column":0},"end":{"line":60,"column":27}},"60":{"start":{"line":61,"column":0},"end":{"line":61,"column":8}},"62":{"start":{"line":63,"column":0},"end":{"line":63,"column":4}},"63":{"start":{"line":64,"column":0},"end":{"line":64,"column":1}},"68":{"start":{"line":69,"column":0},"end":{"line":69,"column":43}},"70":{"start":{"line":71,"column":0},"end":{"line":71,"column":41}},"72":{"start":{"line":73,"column":0},"end":{"line":73,"column":16}},"73":{"start":{"line":74,"column":0},"end":{"line":74,"column":71}},"74":{"start":{"line":75,"column":0},"end":{"line":75,"column":11}},"75":{"start":{"line":76,"column":0},"end":{"line":76,"column":3}},"78":{"start":{"line":79,"column":0},"end":{"line":79,"column":55}},"81":{"start":{"line":82,"column":0},"end":{"line":82,"column":52}},"82":{"start":{"line":83,"column":0},"end":{"line":83,"column":45}},"85":{"start":{"line":86,"column":0},"end":{"line":86,"column":50}},"88":{"start":{"line":89,"column":0},"end":{"line":89,"column":48}},"91":{"start":{"line":92,"column":0},"end":{"line":92,"column":38}},"92":{"start":{"line":93,"column":0},"end":{"line":93,"column":29}},"95":{"start":{"line":96,"column":0},"end":{"line":96,"column":20}},"99":{"start":{"line":100,"column":0},"end":{"line":100,"column":18}},"101":{"start":{"line":102,"column":0},"end":{"line":102,"column":7}},"103":{"start":{"line":104,"column":0},"end":{"line":104,"column":63}},"105":{"start":{"line":106,"column":0},"end":{"line":106,"column":22}},"106":{"start":{"line":107,"column":0},"end":{"line":107,"column":51}},"107":{"start":{"line":108,"column":0},"end":{"line":108,"column":12}},"108":{"start":{"line":109,"column":0},"end":{"line":109,"column":64}},"109":{"start":{"line":110,"column":0},"end":{"line":110,"column":25}},"110":{"start":{"line":111,"column":0},"end":{"line":111,"column":57}},"111":{"start":{"line":112,"column":0},"end":{"line":112,"column":7}},"112":{"start":{"line":113,"column":0},"end":{"line":113,"column":41}},"113":{"start":{"line":114,"column":0},"end":{"line":114,"column":25}},"114":{"start":{"line":115,"column":0},"end":{"line":115,"column":5}},"116":{"start":{"line":117,"column":0},"end":{"line":117,"column":29}},"117":{"start":{"line":118,"column":0},"end":{"line":118,"column":19}},"118":{"start":{"line":119,"column":0},"end":{"line":119,"column":73}},"119":{"start":{"line":120,"column":0},"end":{"line":120,"column":29}},"120":{"start":{"line":121,"column":0},"end":{"line":121,"column":3}},"123":{"start":{"line":124,"column":0},"end":{"line":124,"column":20}},"124":{"start":{"line":125,"column":0},"end":{"line":125,"column":48}},"125":{"start":{"line":126,"column":0},"end":{"line":126,"column":50}},"126":{"start":{"line":127,"column":0},"end":{"line":127,"column":56}},"127":{"start":{"line":128,"column":0},"end":{"line":128,"column":92}},"128":{"start":{"line":129,"column":0},"end":{"line":129,"column":21}},"129":{"start":{"line":130,"column":0},"end":{"line":130,"column":33}},"130":{"start":{"line":131,"column":0},"end":{"line":131,"column":31}},"131":{"start":{"line":132,"column":0},"end":{"line":132,"column":23}},"132":{"start":{"line":133,"column":0},"end":{"line":133,"column":36}},"133":{"start":{"line":134,"column":0},"end":{"line":134,"column":41}},"134":{"start":{"line":135,"column":0},"end":{"line":135,"column":9}},"135":{"start":{"line":136,"column":0},"end":{"line":136,"column":6}},"136":{"start":{"line":137,"column":0},"end":{"line":137,"column":21}},"137":{"start":{"line":138,"column":0},"end":{"line":138,"column":57}},"138":{"start":{"line":139,"column":0},"end":{"line":139,"column":6}},"139":{"start":{"line":140,"column":0},"end":{"line":140,"column":24}},"140":{"start":{"line":141,"column":0},"end":{"line":141,"column":33}},"141":{"start":{"line":142,"column":0},"end":{"line":142,"column":30}},"142":{"start":{"line":143,"column":0},"end":{"line":143,"column":36}},"143":{"start":{"line":144,"column":0},"end":{"line":144,"column":27}},"144":{"start":{"line":145,"column":0},"end":{"line":145,"column":21}},"145":{"start":{"line":146,"column":0},"end":{"line":146,"column":35}},"146":{"start":{"line":147,"column":0},"end":{"line":147,"column":37}},"147":{"start":{"line":148,"column":0},"end":{"line":148,"column":39}},"148":{"start":{"line":149,"column":0},"end":{"line":149,"column":10}},"149":{"start":{"line":150,"column":0},"end":{"line":150,"column":29}},"150":{"start":{"line":151,"column":0},"end":{"line":151,"column":53}},"151":{"start":{"line":152,"column":0},"end":{"line":152,"column":65}},"152":{"start":{"line":153,"column":0},"end":{"line":153,"column":9}},"153":{"start":{"line":154,"column":0},"end":{"line":154,"column":6}},"154":{"start":{"line":155,"column":0},"end":{"line":155,"column":20}},"155":{"start":{"line":156,"column":0},"end":{"line":156,"column":35}},"156":{"start":{"line":157,"column":0},"end":{"line":157,"column":39}},"157":{"start":{"line":158,"column":0},"end":{"line":158,"column":23}},"158":{"start":{"line":159,"column":0},"end":{"line":159,"column":65}},"159":{"start":{"line":160,"column":0},"end":{"line":160,"column":9}},"160":{"start":{"line":161,"column":0},"end":{"line":161,"column":6}},"161":{"start":{"line":162,"column":0},"end":{"line":162,"column":4}},"164":{"start":{"line":165,"column":0},"end":{"line":165,"column":33}},"165":{"start":{"line":166,"column":0},"end":{"line":166,"column":11}},"166":{"start":{"line":167,"column":0},"end":{"line":167,"column":18}},"167":{"start":{"line":168,"column":0},"end":{"line":168,"column":17}},"168":{"start":{"line":169,"column":0},"end":{"line":169,"column":36}},"169":{"start":{"line":170,"column":0},"end":{"line":170,"column":38}},"170":{"start":{"line":171,"column":0},"end":{"line":171,"column":21}},"171":{"start":{"line":172,"column":0},"end":{"line":172,"column":10}},"172":{"start":{"line":173,"column":0},"end":{"line":173,"column":33}},"173":{"start":{"line":174,"column":0},"end":{"line":174,"column":27}},"174":{"start":{"line":175,"column":0},"end":{"line":175,"column":21}},"175":{"start":{"line":176,"column":0},"end":{"line":176,"column":42}},"176":{"start":{"line":177,"column":0},"end":{"line":177,"column":44}},"177":{"start":{"line":178,"column":0},"end":{"line":178,"column":46}},"178":{"start":{"line":179,"column":0},"end":{"line":179,"column":10}},"179":{"start":{"line":180,"column":0},"end":{"line":180,"column":16}},"180":{"start":{"line":181,"column":0},"end":{"line":181,"column":43}},"181":{"start":{"line":182,"column":0},"end":{"line":182,"column":35}},"182":{"start":{"line":183,"column":0},"end":{"line":183,"column":43}},"183":{"start":{"line":184,"column":0},"end":{"line":184,"column":51}},"184":{"start":{"line":185,"column":0},"end":{"line":185,"column":10}},"185":{"start":{"line":186,"column":0},"end":{"line":186,"column":48}},"186":{"start":{"line":187,"column":0},"end":{"line":187,"column":9}},"187":{"start":{"line":188,"column":0},"end":{"line":188,"column":16}},"188":{"start":{"line":189,"column":0},"end":{"line":189,"column":6}},"189":{"start":{"line":190,"column":0},"end":{"line":190,"column":3}},"192":{"start":{"line":193,"column":0},"end":{"line":193,"column":17}},"196":{"start":{"line":197,"column":0},"end":{"line":197,"column":1}},"199":{"start":{"line":200,"column":0},"end":{"line":200,"column":38}},"200":{"start":{"line":201,"column":0},"end":{"line":201,"column":42}},"201":{"start":{"line":202,"column":0},"end":{"line":202,"column":61}},"202":{"start":{"line":203,"column":0},"end":{"line":203,"column":10}},"203":{"start":{"line":204,"column":0},"end":{"line":204,"column":16}},"204":{"start":{"line":205,"column":0},"end":{"line":205,"column":3}},"205":{"start":{"line":206,"column":0},"end":{"line":206,"column":1}},"209":{"start":{"line":210,"column":0},"end":{"line":210,"column":36}},"210":{"start":{"line":211,"column":0},"end":{"line":211,"column":24}},"211":{"start":{"line":212,"column":0},"end":{"line":212,"column":24}},"212":{"start":{"line":213,"column":0},"end":{"line":213,"column":24}}},"s":{"5":0,"6":0,"7":0,"8":0,"15":0,"25":0,"31":0,"32":0,"33":0,"34":0,"35":0,"36":0,"38":0,"39":0,"40":0,"41":0,"43":0,"44":0,"45":0,"46":0,"47":0,"48":0,"49":0,"51":0,"52":0,"53":0,"54":0,"55":0,"56":0,"57":0,"59":0,"60":0,"62":0,"63":0,"68":0,"70":0,"72":0,"73":0,"74":0,"75":0,"78":0,"81":0,"82":0,"85":0,"88":0,"91":0,"92":0,"95":0,"99":0,"101":0,"103":0,"105":0,"106":0,"107":0,"108":0,"109":0,"110":0,"111":0,"112":0,"113":0,"114":0,"116":0,"117":0,"118":0,"119":0,"120":0,"123":0,"124":0,"125":0,"126":0,"127":0,"128":0,"129":0,"130":0,"131":0,"132":0,"133":0,"134":0,"135":0,"136":0,"137":0,"138":0,"139":0,"140":0,"141":0,"142":0,"143":0,"144":0,"145":0,"146":0,"147":0,"148":0,"149":0,"150":0,"151":0,"152":0,"153":0,"154":0,"155":0,"156":0,"157":0,"158":0,"159":0,"160":0,"161":0,"164":0,"165":0,"166":0,"167":0,"168":0,"169":0,"170":0,"171":0,"172":0,"173":0,"174":0,"175":0,"176":0,"177":0,"178":0,"179":0,"180":0,"181":0,"182":0,"183":0,"184":0,"185":0,"186":0,"187":0,"188":0,"189":0,"192":0,"196":0,"199":0,"200":0,"201":0,"202":0,"203":0,"204":0,"205":0,"209":0,"210":0,"211":0,"212":0},"branchMap":{"0":{"type":"branch","line":1,"loc":{"start":{"line":1,"column":5957},"end":{"line":213,"column":24}},"locations":[{"start":{"line":1,"column":5957},"end":{"line":213,"column":24}}]}},"b":{"0":[1]},"fnMap":{"0":{"name":"(empty-report)","decl":{"start":{"line":1,"column":5957},"end":{"line":213,"column":24}},"loc":{"start":{"line":1,"column":5957},"end":{"line":213,"column":24}},"line":1}},"f":{"0":1}}
,"/home/innojini/dev/widget.creator/packages/widget/src/components/ColorChipGroup.tsx": {"path":"/home/innojini/dev/widget.creator/packages/widget/src/components/ColorChipGroup.tsx","all":false,"statementMap":{"7":{"start":{"line":8,"column":0},"end":{"line":8,"column":64}},"38":{"start":{"line":39,"column":0},"end":{"line":39,"column":74}},"39":{"start":{"line":40,"column":0},"end":{"line":40,"column":12}},"40":{"start":{"line":41,"column":0},"end":{"line":41,"column":8}},"41":{"start":{"line":42,"column":0},"end":{"line":42,"column":10}},"42":{"start":{"line":43,"column":0},"end":{"line":43,"column":15}},"43":{"start":{"line":44,"column":0},"end":{"line":44,"column":11}},"44":{"start":{"line":45,"column":0},"end":{"line":45,"column":7}},"45":{"start":{"line":46,"column":0},"end":{"line":46,"column":60}},"46":{"start":{"line":47,"column":0},"end":{"line":47,"column":22}},"47":{"start":{"line":48,"column":0},"end":{"line":48,"column":22}},"48":{"start":{"line":49,"column":0},"end":{"line":49,"column":24}},"49":{"start":{"line":50,"column":0},"end":{"line":50,"column":20}},"50":{"start":{"line":51,"column":0},"end":{"line":51,"column":6}},"52":{"start":{"line":53,"column":0},"end":{"line":53,"column":10}},"53":{"start":{"line":54,"column":0},"end":{"line":54,"column":15}},"54":{"start":{"line":55,"column":0},"end":{"line":55,"column":27}},"55":{"start":{"line":56,"column":0},"end":{"line":56,"column":19}},"56":{"start":{"line":57,"column":0},"end":{"line":57,"column":19}},"57":{"start":{"line":58,"column":0},"end":{"line":58,"column":26}},"58":{"start":{"line":59,"column":0},"end":{"line":59,"column":25}},"59":{"start":{"line":60,"column":0},"end":{"line":60,"column":26}},"60":{"start":{"line":61,"column":0},"end":{"line":61,"column":14}},"61":{"start":{"line":62,"column":0},"end":{"line":62,"column":6}},"63":{"start":{"line":64,"column":0},"end":{"line":64,"column":2}},"65":{"start":{"line":66,"column":0},"end":{"line":66,"column":30}}},"s":{"7":1,"38":1,"39":17,"40":17,"41":17,"42":17,"43":17,"44":17,"45":17,"46":63,"47":63,"48":63,"49":63,"50":17,"52":17,"53":17,"54":17,"55":17,"56":17,"57":17,"58":17,"59":17,"60":17,"61":17,"63":17,"65":1},"branchMap":{"0":{"type":"branch","line":39,"loc":{"start":{"line":39,"column":72},"end":{"line":64,"column":2}},"locations":[{"start":{"line":39,"column":72},"end":{"line":64,"column":2}}]},"1":{"type":"branch","line":46,"loc":{"start":{"line":46,"column":47},"end":{"line":51,"column":4}},"locations":[{"start":{"line":46,"column":47},"end":{"line":51,"column":4}}]}},"b":{"0":[17],"1":[63]},"fnMap":{"0":{"name":"ColorChipGroup","decl":{"start":{"line":39,"column":72},"end":{"line":64,"column":2}},"loc":{"start":{"line":39,"column":72},"end":{"line":64,"column":2}},"line":39}},"f":{"0":17}}
,"/home/innojini/dev/widget.creator/packages/widget/src/components/DualInput.tsx": {"path":"/home/innojini/dev/widget.creator/packages/widget/src/components/DualInput.tsx","all":false,"statementMap":{"7":{"start":{"line":8,"column":0},"end":{"line":8,"column":38}},"42":{"start":{"line":43,"column":0},"end":{"line":43,"column":64}},"43":{"start":{"line":44,"column":0},"end":{"line":44,"column":12}},"44":{"start":{"line":45,"column":0},"end":{"line":45,"column":8}},"45":{"start":{"line":46,"column":0},"end":{"line":46,"column":8}},"46":{"start":{"line":47,"column":0},"end":{"line":47,"column":9}},"47":{"start":{"line":48,"column":0},"end":{"line":48,"column":16}},"48":{"start":{"line":49,"column":0},"end":{"line":49,"column":17}},"49":{"start":{"line":50,"column":0},"end":{"line":50,"column":14}},"50":{"start":{"line":51,"column":0},"end":{"line":51,"column":7}},"51":{"start":{"line":52,"column":0},"end":{"line":52,"column":10}},"52":{"start":{"line":53,"column":0},"end":{"line":53,"column":10}},"53":{"start":{"line":54,"column":0},"end":{"line":54,"column":27}},"54":{"start":{"line":55,"column":0},"end":{"line":55,"column":19}},"55":{"start":{"line":56,"column":0},"end":{"line":56,"column":19}},"56":{"start":{"line":57,"column":0},"end":{"line":57,"column":85}},"57":{"start":{"line":58,"column":0},"end":{"line":58,"column":20}},"58":{"start":{"line":59,"column":0},"end":{"line":59,"column":28}},"59":{"start":{"line":60,"column":0},"end":{"line":60,"column":28}},"60":{"start":{"line":61,"column":0},"end":{"line":61,"column":21}},"61":{"start":{"line":62,"column":0},"end":{"line":62,"column":32}},"62":{"start":{"line":63,"column":0},"end":{"line":63,"column":29}},"63":{"start":{"line":64,"column":0},"end":{"line":64,"column":29}},"64":{"start":{"line":65,"column":0},"end":{"line":65,"column":17}},"65":{"start":{"line":66,"column":0},"end":{"line":66,"column":14}},"66":{"start":{"line":67,"column":0},"end":{"line":67,"column":6}},"68":{"start":{"line":69,"column":0},"end":{"line":69,"column":2}},"70":{"start":{"line":71,"column":0},"end":{"line":71,"column":25}}},"s":{"7":1,"42":1,"43":18,"44":18,"45":18,"46":18,"47":18,"48":18,"49":18,"50":18,"51":18,"52":18,"53":18,"54":18,"55":18,"56":18,"57":18,"58":18,"59":18,"60":18,"61":18,"62":18,"63":18,"64":18,"65":18,"66":18,"68":18,"70":1},"branchMap":{"0":{"type":"branch","line":43,"loc":{"start":{"line":43,"column":62},"end":{"line":69,"column":2}},"locations":[{"start":{"line":43,"column":62},"end":{"line":69,"column":2}}]},"1":{"type":"branch","line":57,"loc":{"start":{"line":57,"column":17},"end":{"line":57,"column":85}},"locations":[{"start":{"line":57,"column":17},"end":{"line":57,"column":85}}]},"2":{"type":"branch","line":57,"loc":{"start":{"line":57,"column":61},"end":{"line":57,"column":83}},"locations":[{"start":{"line":57,"column":61},"end":{"line":57,"column":83}}]}},"b":{"0":[18],"1":[3],"2":[0]},"fnMap":{"0":{"name":"DualInput","decl":{"start":{"line":43,"column":62},"end":{"line":69,"column":2}},"loc":{"start":{"line":43,"column":62},"end":{"line":69,"column":2}},"line":43},"1":{"name":"onChange","decl":{"start":{"line":57,"column":17},"end":{"line":57,"column":85}},"loc":{"start":{"line":57,"column":17},"end":{"line":57,"column":85}},"line":57}},"f":{"0":18,"1":3}}
,"/home/innojini/dev/widget.creator/packages/widget/src/components/FinishSection.tsx": {"path":"/home/innojini/dev/widget.creator/packages/widget/src/components/FinishSection.tsx","all":false,"statementMap":{"7":{"start":{"line":8,"column":0},"end":{"line":8,"column":79}},"23":{"start":{"line":24,"column":0},"end":{"line":24,"column":72}},"24":{"start":{"line":25,"column":0},"end":{"line":25,"column":9}},"25":{"start":{"line":26,"column":0},"end":{"line":26,"column":17}},"26":{"start":{"line":27,"column":0},"end":{"line":27,"column":7}},"28":{"start":{"line":29,"column":0},"end":{"line":29,"column":77}},"30":{"start":{"line":31,"column":0},"end":{"line":31,"column":10}},"31":{"start":{"line":32,"column":0},"end":{"line":32,"column":16}},"32":{"start":{"line":33,"column":0},"end":{"line":33,"column":17}},"33":{"start":{"line":34,"column":0},"end":{"line":34,"column":25}},"34":{"start":{"line":35,"column":0},"end":{"line":35,"column":25}},"35":{"start":{"line":36,"column":0},"end":{"line":36,"column":27}},"37":{"start":{"line":38,"column":0},"end":{"line":38,"column":43}},"38":{"start":{"line":39,"column":0},"end":{"line":39,"column":32}},"39":{"start":{"line":40,"column":0},"end":{"line":40,"column":44}},"40":{"start":{"line":41,"column":0},"end":{"line":41,"column":54}},"41":{"start":{"line":42,"column":0},"end":{"line":42,"column":44}},"42":{"start":{"line":43,"column":0},"end":{"line":43,"column":29}},"43":{"start":{"line":44,"column":0},"end":{"line":44,"column":29}},"44":{"start":{"line":45,"column":0},"end":{"line":45,"column":37}},"45":{"start":{"line":46,"column":0},"end":{"line":46,"column":16}},"48":{"start":{"line":49,"column":0},"end":{"line":49,"column":18}},"49":{"start":{"line":50,"column":0},"end":{"line":50,"column":63}},"50":{"start":{"line":51,"column":0},"end":{"line":51,"column":26}},"51":{"start":{"line":52,"column":0},"end":{"line":52,"column":49}},"52":{"start":{"line":53,"column":0},"end":{"line":53,"column":35}},"53":{"start":{"line":54,"column":0},"end":{"line":54,"column":29}},"54":{"start":{"line":55,"column":0},"end":{"line":55,"column":48}},"55":{"start":{"line":56,"column":0},"end":{"line":56,"column":68}},"56":{"start":{"line":57,"column":0},"end":{"line":57,"column":33}},"57":{"start":{"line":58,"column":0},"end":{"line":58,"column":32}},"58":{"start":{"line":59,"column":0},"end":{"line":59,"column":16}},"59":{"start":{"line":60,"column":0},"end":{"line":60,"column":18}},"61":{"start":{"line":62,"column":0},"end":{"line":62,"column":11}},"62":{"start":{"line":63,"column":0},"end":{"line":63,"column":12}},"63":{"start":{"line":64,"column":0},"end":{"line":64,"column":18}},"65":{"start":{"line":66,"column":0},"end":{"line":66,"column":2}},"67":{"start":{"line":68,"column":0},"end":{"line":68,"column":29}}},"s":{"7":1,"23":1,"24":19,"25":19,"26":19,"28":19,"30":19,"31":19,"32":19,"33":19,"34":19,"35":19,"37":19,"38":19,"39":48,"40":48,"41":48,"42":94,"43":94,"44":94,"45":48,"48":48,"49":48,"50":48,"51":48,"52":48,"53":48,"54":48,"55":48,"56":48,"57":48,"58":48,"59":48,"61":19,"62":19,"63":19,"65":19,"67":1},"branchMap":{"0":{"type":"branch","line":24,"loc":{"start":{"line":24,"column":70},"end":{"line":66,"column":2}},"locations":[{"start":{"line":24,"column":70},"end":{"line":66,"column":2}}]},"1":{"type":"branch","line":29,"loc":{"start":{"line":29,"column":39},"end":{"line":29,"column":68}},"locations":[{"start":{"line":29,"column":39},"end":{"line":29,"column":68}}]},"2":{"type":"branch","line":39,"loc":{"start":{"line":39,"column":21},"end":{"line":62,"column":9}},"locations":[{"start":{"line":39,"column":21},"end":{"line":62,"column":9}}]},"3":{"type":"branch","line":55,"loc":{"start":{"line":55,"column":29},"end":{"line":55,"column":48}},"locations":[{"start":{"line":55,"column":29},"end":{"line":55,"column":48}}]},"4":{"type":"branch","line":42,"loc":{"start":{"line":42,"column":34},"end":{"line":46,"column":14}},"locations":[{"start":{"line":42,"column":34},"end":{"line":46,"column":14}}]},"5":{"type":"branch","line":56,"loc":{"start":{"line":56,"column":27},"end":{"line":56,"column":68}},"locations":[{"start":{"line":56,"column":27},"end":{"line":56,"column":68}}]}},"b":{"0":[19],"1":[48],"2":[48],"3":[33],"4":[94],"5":[3]},"fnMap":{"0":{"name":"FinishSection","decl":{"start":{"line":24,"column":70},"end":{"line":66,"column":2}},"loc":{"start":{"line":24,"column":70},"end":{"line":66,"column":2}},"line":24},"1":{"name":"onChange","decl":{"start":{"line":56,"column":27},"end":{"line":56,"column":68}},"loc":{"start":{"line":56,"column":27},"end":{"line":56,"column":68}},"line":56}},"f":{"0":19,"1":3}}
,"/home/innojini/dev/widget.creator/packages/widget/src/components/ImageChipGroup.tsx": {"path":"/home/innojini/dev/widget.creator/packages/widget/src/components/ImageChipGroup.tsx","all":false,"statementMap":{"7":{"start":{"line":8,"column":0},"end":{"line":8,"column":64}},"38":{"start":{"line":39,"column":0},"end":{"line":39,"column":74}},"39":{"start":{"line":40,"column":0},"end":{"line":40,"column":12}},"40":{"start":{"line":41,"column":0},"end":{"line":41,"column":8}},"41":{"start":{"line":42,"column":0},"end":{"line":42,"column":10}},"42":{"start":{"line":43,"column":0},"end":{"line":43,"column":15}},"43":{"start":{"line":44,"column":0},"end":{"line":44,"column":11}},"44":{"start":{"line":45,"column":0},"end":{"line":45,"column":7}},"45":{"start":{"line":46,"column":0},"end":{"line":46,"column":60}},"46":{"start":{"line":47,"column":0},"end":{"line":47,"column":22}},"47":{"start":{"line":48,"column":0},"end":{"line":48,"column":22}},"48":{"start":{"line":49,"column":0},"end":{"line":49,"column":30}},"49":{"start":{"line":50,"column":0},"end":{"line":50,"column":20}},"50":{"start":{"line":51,"column":0},"end":{"line":51,"column":6}},"52":{"start":{"line":53,"column":0},"end":{"line":53,"column":10}},"53":{"start":{"line":54,"column":0},"end":{"line":54,"column":15}},"54":{"start":{"line":55,"column":0},"end":{"line":55,"column":27}},"55":{"start":{"line":56,"column":0},"end":{"line":56,"column":19}},"56":{"start":{"line":57,"column":0},"end":{"line":57,"column":19}},"57":{"start":{"line":58,"column":0},"end":{"line":58,"column":26}},"58":{"start":{"line":59,"column":0},"end":{"line":59,"column":25}},"59":{"start":{"line":60,"column":0},"end":{"line":60,"column":26}},"60":{"start":{"line":61,"column":0},"end":{"line":61,"column":14}},"61":{"start":{"line":62,"column":0},"end":{"line":62,"column":6}},"63":{"start":{"line":64,"column":0},"end":{"line":64,"column":2}},"65":{"start":{"line":66,"column":0},"end":{"line":66,"column":30}}},"s":{"7":1,"38":1,"39":18,"40":18,"41":18,"42":18,"43":18,"44":18,"45":18,"46":56,"47":56,"48":56,"49":56,"50":18,"52":18,"53":18,"54":18,"55":18,"56":18,"57":18,"58":18,"59":18,"60":18,"61":18,"63":18,"65":1},"branchMap":{"0":{"type":"branch","line":39,"loc":{"start":{"line":39,"column":72},"end":{"line":64,"column":2}},"locations":[{"start":{"line":39,"column":72},"end":{"line":64,"column":2}}]},"1":{"type":"branch","line":46,"loc":{"start":{"line":46,"column":47},"end":{"line":51,"column":4}},"locations":[{"start":{"line":46,"column":47},"end":{"line":51,"column":4}}]}},"b":{"0":[18],"1":[56]},"fnMap":{"0":{"name":"ImageChipGroup","decl":{"start":{"line":39,"column":72},"end":{"line":64,"column":2}},"loc":{"start":{"line":39,"column":72},"end":{"line":64,"column":2}},"line":39}},"f":{"0":18}}
,"/home/innojini/dev/widget.creator/packages/widget/src/components/NumberInput.tsx": {"path":"/home/innojini/dev/widget.creator/packages/widget/src/components/NumberInput.tsx","all":false,"statementMap":{"7":{"start":{"line":8,"column":0},"end":{"line":8,"column":38}},"38":{"start":{"line":39,"column":0},"end":{"line":39,"column":68}},"39":{"start":{"line":40,"column":0},"end":{"line":40,"column":12}},"40":{"start":{"line":41,"column":0},"end":{"line":41,"column":8}},"41":{"start":{"line":42,"column":0},"end":{"line":42,"column":8}},"42":{"start":{"line":43,"column":0},"end":{"line":43,"column":11}},"43":{"start":{"line":44,"column":0},"end":{"line":44,"column":14}},"44":{"start":{"line":45,"column":0},"end":{"line":45,"column":7}},"45":{"start":{"line":46,"column":0},"end":{"line":46,"column":7}},"46":{"start":{"line":47,"column":0},"end":{"line":47,"column":10}},"47":{"start":{"line":48,"column":0},"end":{"line":48,"column":10}},"48":{"start":{"line":49,"column":0},"end":{"line":49,"column":27}},"49":{"start":{"line":50,"column":0},"end":{"line":50,"column":19}},"50":{"start":{"line":51,"column":0},"end":{"line":51,"column":19}},"51":{"start":{"line":52,"column":0},"end":{"line":52,"column":80}},"52":{"start":{"line":53,"column":0},"end":{"line":53,"column":22}},"53":{"start":{"line":54,"column":0},"end":{"line":54,"column":27}},"54":{"start":{"line":55,"column":0},"end":{"line":55,"column":27}},"55":{"start":{"line":56,"column":0},"end":{"line":56,"column":29}},"56":{"start":{"line":57,"column":0},"end":{"line":57,"column":17}},"57":{"start":{"line":58,"column":0},"end":{"line":58,"column":14}},"58":{"start":{"line":59,"column":0},"end":{"line":59,"column":6}},"60":{"start":{"line":61,"column":0},"end":{"line":61,"column":2}},"62":{"start":{"line":63,"column":0},"end":{"line":63,"column":27}}},"s":{"7":1,"38":1,"39":24,"40":24,"41":24,"42":24,"43":24,"44":24,"45":24,"46":24,"47":24,"48":24,"49":24,"50":24,"51":24,"52":24,"53":24,"54":24,"55":24,"56":24,"57":24,"58":24,"60":24,"62":1},"branchMap":{"0":{"type":"branch","line":39,"loc":{"start":{"line":39,"column":66},"end":{"line":61,"column":2}},"locations":[{"start":{"line":39,"column":66},"end":{"line":61,"column":2}}]},"1":{"type":"branch","line":52,"loc":{"start":{"line":52,"column":17},"end":{"line":52,"column":80}},"locations":[{"start":{"line":52,"column":17},"end":{"line":52,"column":80}}]},"2":{"type":"branch","line":52,"loc":{"start":{"line":52,"column":56},"end":{"line":52,"column":78}},"locations":[{"start":{"line":52,"column":56},"end":{"line":52,"column":78}}]}},"b":{"0":[24],"1":[8],"2":[0]},"fnMap":{"0":{"name":"NumberInput","decl":{"start":{"line":39,"column":66},"end":{"line":61,"column":2}},"loc":{"start":{"line":39,"column":66},"end":{"line":61,"column":2}},"line":39},"1":{"name":"onChange","decl":{"start":{"line":52,"column":17},"end":{"line":52,"column":80}},"loc":{"start":{"line":52,"column":17},"end":{"line":52,"column":80}},"line":52}},"f":{"0":24,"1":8}}
,"/home/innojini/dev/widget.creator/packages/widget/src/components/PaperSelect.tsx": {"path":"/home/innojini/dev/widget.creator/packages/widget/src/components/PaperSelect.tsx","all":false,"statementMap":{"7":{"start":{"line":8,"column":0},"end":{"line":8,"column":56}},"26":{"start":{"line":27,"column":0},"end":{"line":27,"column":68}},"27":{"start":{"line":28,"column":0},"end":{"line":28,"column":9}},"28":{"start":{"line":29,"column":0},"end":{"line":29,"column":18}},"29":{"start":{"line":30,"column":0},"end":{"line":30,"column":11}},"30":{"start":{"line":31,"column":0},"end":{"line":31,"column":12}},"31":{"start":{"line":32,"column":0},"end":{"line":32,"column":7}},"33":{"start":{"line":34,"column":0},"end":{"line":34,"column":34}},"34":{"start":{"line":35,"column":0},"end":{"line":35,"column":53}},"35":{"start":{"line":36,"column":0},"end":{"line":36,"column":13}},"37":{"start":{"line":38,"column":0},"end":{"line":38,"column":62}},"38":{"start":{"line":39,"column":0},"end":{"line":39,"column":27}},"39":{"start":{"line":40,"column":0},"end":{"line":40,"column":21}},"40":{"start":{"line":41,"column":0},"end":{"line":41,"column":27}},"41":{"start":{"line":42,"column":0},"end":{"line":42,"column":20}},"42":{"start":{"line":43,"column":0},"end":{"line":43,"column":6}},"44":{"start":{"line":45,"column":0},"end":{"line":45,"column":42}},"45":{"start":{"line":46,"column":0},"end":{"line":46,"column":33}},"46":{"start":{"line":47,"column":0},"end":{"line":47,"column":4}},"48":{"start":{"line":49,"column":0},"end":{"line":49,"column":89}},"50":{"start":{"line":51,"column":0},"end":{"line":51,"column":10}},"51":{"start":{"line":52,"column":0},"end":{"line":52,"column":11}},"52":{"start":{"line":53,"column":0},"end":{"line":53,"column":60}},"53":{"start":{"line":54,"column":0},"end":{"line":54,"column":19}},"54":{"start":{"line":55,"column":0},"end":{"line":55,"column":19}},"55":{"start":{"line":56,"column":0},"end":{"line":56,"column":71}},"56":{"start":{"line":57,"column":0},"end":{"line":57,"column":29}},"57":{"start":{"line":58,"column":0},"end":{"line":58,"column":25}},"58":{"start":{"line":59,"column":0},"end":{"line":59,"column":30}},"59":{"start":{"line":60,"column":0},"end":{"line":60,"column":14}},"60":{"start":{"line":61,"column":0},"end":{"line":61,"column":6}},"62":{"start":{"line":63,"column":0},"end":{"line":63,"column":2}},"64":{"start":{"line":65,"column":0},"end":{"line":65,"column":27}}},"s":{"7":1,"26":1,"27":23,"28":23,"29":23,"30":23,"31":23,"33":23,"34":7,"35":16,"37":23,"38":43,"39":43,"40":43,"41":43,"42":23,"44":23,"45":2,"46":2,"48":23,"50":23,"51":23,"52":23,"53":23,"54":23,"55":23,"56":23,"57":23,"58":23,"59":23,"60":23,"62":23,"64":1},"branchMap":{"0":{"type":"branch","line":27,"loc":{"start":{"line":27,"column":66},"end":{"line":63,"column":2}},"locations":[{"start":{"line":27,"column":66},"end":{"line":63,"column":2}}]},"1":{"type":"branch","line":34,"loc":{"start":{"line":34,"column":25},"end":{"line":35,"column":53}},"locations":[{"start":{"line":34,"column":25},"end":{"line":35,"column":53}}]},"2":{"type":"branch","line":35,"loc":{"start":{"line":35,"column":52},"end":{"line":36,"column":13}},"locations":[{"start":{"line":35,"column":52},"end":{"line":36,"column":13}}]},"3":{"type":"branch","line":49,"loc":{"start":{"line":49,"column":30},"end":{"line":49,"column":50}},"locations":[{"start":{"line":49,"column":30},"end":{"line":49,"column":50}}]},"4":{"type":"branch","line":49,"loc":{"start":{"line":49,"column":40},"end":{"line":49,"column":89}},"locations":[{"start":{"line":49,"column":40},"end":{"line":49,"column":89}}]},"5":{"type":"branch","line":49,"loc":{"start":{"line":49,"column":64},"end":{"line":49,"column":84}},"locations":[{"start":{"line":49,"column":64},"end":{"line":49,"column":84}}]},"6":{"type":"branch","line":49,"loc":{"start":{"line":49,"column":74},"end":{"line":49,"column":89}},"locations":[{"start":{"line":49,"column":74},"end":{"line":49,"column":89}}]},"7":{"type":"branch","line":53,"loc":{"start":{"line":53,"column":17},"end":{"line":53,"column":52}},"locations":[{"start":{"line":53,"column":17},"end":{"line":53,"column":52}}]},"8":{"type":"branch","line":53,"loc":{"start":{"line":53,"column":47},"end":{"line":53,"column":60}},"locations":[{"start":{"line":53,"column":47},"end":{"line":53,"column":60}}]},"9":{"type":"branch","line":56,"loc":{"start":{"line":56,"column":33},"end":{"line":56,"column":66}},"locations":[{"start":{"line":56,"column":33},"end":{"line":56,"column":66}}]},"10":{"type":"branch","line":56,"loc":{"start":{"line":56,"column":62},"end":{"line":56,"column":71}},"locations":[{"start":{"line":56,"column":62},"end":{"line":56,"column":71}}]},"11":{"type":"branch","line":35,"loc":{"start":{"line":35,"column":21},"end":{"line":35,"column":52}},"locations":[{"start":{"line":35,"column":21},"end":{"line":35,"column":52}}]},"12":{"type":"branch","line":38,"loc":{"start":{"line":38,"column":50},"end":{"line":43,"column":4}},"locations":[{"start":{"line":38,"column":50},"end":{"line":43,"column":4}}]},"13":{"type":"branch","line":45,"loc":{"start":{"line":45,"column":23},"end":{"line":47,"column":4}},"locations":[{"start":{"line":45,"column":23},"end":{"line":47,"column":4}}]}},"b":{"0":[23],"1":[7],"2":[16],"3":[4],"4":[19],"5":[3],"6":[16],"7":[7],"8":[16],"9":[6],"10":[17],"11":[19],"12":[43],"13":[2]},"fnMap":{"0":{"name":"PaperSelect","decl":{"start":{"line":27,"column":66},"end":{"line":63,"column":2}},"loc":{"start":{"line":27,"column":66},"end":{"line":63,"column":2}},"line":27},"1":{"name":"handleChange","decl":{"start":{"line":45,"column":23},"end":{"line":47,"column":4}},"loc":{"start":{"line":45,"column":23},"end":{"line":47,"column":4}},"line":45}},"f":{"0":23,"1":2}}
,"/home/innojini/dev/widget.creator/packages/widget/src/components/PriceSummary.tsx": {"path":"/home/innojini/dev/widget.creator/packages/widget/src/components/PriceSummary.tsx","all":false,"statementMap":{"7":{"start":{"line":8,"column":0},"end":{"line":8,"column":48}},"27":{"start":{"line":28,"column":0},"end":{"line":28,"column":70}},"28":{"start":{"line":29,"column":0},"end":{"line":29,"column":12}},"29":{"start":{"line":30,"column":0},"end":{"line":30,"column":8}},"30":{"start":{"line":31,"column":0},"end":{"line":31,"column":12}},"31":{"start":{"line":32,"column":0},"end":{"line":32,"column":16}},"32":{"start":{"line":33,"column":0},"end":{"line":33,"column":7}},"33":{"start":{"line":34,"column":0},"end":{"line":34,"column":39}},"35":{"start":{"line":36,"column":0},"end":{"line":36,"column":10}},"36":{"start":{"line":37,"column":0},"end":{"line":37,"column":31}},"37":{"start":{"line":38,"column":0},"end":{"line":38,"column":51}},"39":{"start":{"line":40,"column":0},"end":{"line":40,"column":24}},"40":{"start":{"line":41,"column":0},"end":{"line":41,"column":44}},"41":{"start":{"line":42,"column":0},"end":{"line":42,"column":49}},"43":{"start":{"line":44,"column":0},"end":{"line":44,"column":14}},"45":{"start":{"line":46,"column":0},"end":{"line":46,"column":10}},"46":{"start":{"line":47,"column":0},"end":{"line":47,"column":47}},"47":{"start":{"line":48,"column":0},"end":{"line":48,"column":45}},"48":{"start":{"line":49,"column":0},"end":{"line":49,"column":58}},"49":{"start":{"line":50,"column":0},"end":{"line":50,"column":75}},"50":{"start":{"line":51,"column":0},"end":{"line":51,"column":33}},"51":{"start":{"line":52,"column":0},"end":{"line":52,"column":79}},"53":{"start":{"line":54,"column":0},"end":{"line":54,"column":57}},"54":{"start":{"line":55,"column":0},"end":{"line":55,"column":42}},"55":{"start":{"line":56,"column":0},"end":{"line":56,"column":23}},"56":{"start":{"line":57,"column":0},"end":{"line":57,"column":19}},"57":{"start":{"line":58,"column":0},"end":{"line":58,"column":15}},"58":{"start":{"line":59,"column":0},"end":{"line":59,"column":15}},"60":{"start":{"line":61,"column":0},"end":{"line":61,"column":48}},"62":{"start":{"line":63,"column":0},"end":{"line":63,"column":42}},"63":{"start":{"line":64,"column":0},"end":{"line":64,"column":27}},"64":{"start":{"line":65,"column":0},"end":{"line":65,"column":43}},"65":{"start":{"line":66,"column":0},"end":{"line":66,"column":16}},"67":{"start":{"line":68,"column":0},"end":{"line":68,"column":42}},"68":{"start":{"line":69,"column":0},"end":{"line":69,"column":34}},"69":{"start":{"line":70,"column":0},"end":{"line":70,"column":47}},"70":{"start":{"line":71,"column":0},"end":{"line":71,"column":16}},"72":{"start":{"line":73,"column":0},"end":{"line":73,"column":44}},"73":{"start":{"line":74,"column":0},"end":{"line":74,"column":29}},"74":{"start":{"line":75,"column":0},"end":{"line":75,"column":54}},"75":{"start":{"line":76,"column":0},"end":{"line":76,"column":37}},"76":{"start":{"line":77,"column":0},"end":{"line":77,"column":19}},"77":{"start":{"line":78,"column":0},"end":{"line":78,"column":16}},"78":{"start":{"line":79,"column":0},"end":{"line":79,"column":11}},"79":{"start":{"line":80,"column":0},"end":{"line":80,"column":8}},"80":{"start":{"line":81,"column":0},"end":{"line":81,"column":10}},"82":{"start":{"line":83,"column":0},"end":{"line":83,"column":2}},"84":{"start":{"line":85,"column":0},"end":{"line":85,"column":28}}},"s":{"7":1,"27":1,"28":17,"29":17,"30":17,"31":17,"32":17,"33":17,"35":17,"36":17,"37":17,"39":17,"40":3,"41":3,"43":3,"45":14,"46":14,"47":14,"48":47,"49":47,"50":47,"51":1,"53":47,"54":47,"55":47,"56":47,"57":14,"58":14,"60":14,"62":14,"63":14,"64":14,"65":14,"67":14,"68":14,"69":14,"70":14,"72":14,"73":14,"74":14,"75":14,"76":14,"77":14,"78":14,"79":17,"80":17,"82":17,"84":1},"branchMap":{"0":{"type":"branch","line":28,"loc":{"start":{"line":28,"column":68},"end":{"line":83,"column":2}},"locations":[{"start":{"line":28,"column":68},"end":{"line":83,"column":2}}]},"1":{"type":"branch","line":40,"loc":{"start":{"line":40,"column":7},"end":{"line":44,"column":14}},"locations":[{"start":{"line":40,"column":7},"end":{"line":44,"column":14}}]},"2":{"type":"branch","line":44,"loc":{"start":{"line":44,"column":13},"end":{"line":79,"column":11}},"locations":[{"start":{"line":44,"column":13},"end":{"line":79,"column":11}}]},"3":{"type":"branch","line":48,"loc":{"start":{"line":48,"column":27},"end":{"line":57,"column":19}},"locations":[{"start":{"line":48,"column":27},"end":{"line":57,"column":19}}]},"4":{"type":"branch","line":51,"loc":{"start":{"line":51,"column":22},"end":{"line":52,"column":79}},"locations":[{"start":{"line":51,"column":22},"end":{"line":52,"column":79}}]}},"b":{"0":[17],"1":[3],"2":[14],"3":[47],"4":[1]},"fnMap":{"0":{"name":"PriceSummary","decl":{"start":{"line":28,"column":68},"end":{"line":83,"column":2}},"loc":{"start":{"line":28,"column":68},"end":{"line":83,"column":2}},"line":28}},"f":{"0":17}}
,"/home/innojini/dev/widget.creator/packages/widget/src/components/QuantitySlider.tsx": {"path":"/home/innojini/dev/widget.creator/packages/widget/src/components/QuantitySlider.tsx","all":false,"statementMap":{"7":{"start":{"line":8,"column":0},"end":{"line":8,"column":56}},"33":{"start":{"line":34,"column":0},"end":{"line":34,"column":74}},"34":{"start":{"line":35,"column":0},"end":{"line":35,"column":8}},"35":{"start":{"line":36,"column":0},"end":{"line":36,"column":11}},"36":{"start":{"line":37,"column":0},"end":{"line":37,"column":8}},"37":{"start":{"line":38,"column":0},"end":{"line":38,"column":7}},"39":{"start":{"line":40,"column":0},"end":{"line":40,"column":65}},"40":{"start":{"line":41,"column":0},"end":{"line":41,"column":21}},"41":{"start":{"line":42,"column":0},"end":{"line":42,"column":30}},"42":{"start":{"line":43,"column":0},"end":{"line":43,"column":22}},"43":{"start":{"line":44,"column":0},"end":{"line":44,"column":40}},"44":{"start":{"line":45,"column":0},"end":{"line":45,"column":29}},"45":{"start":{"line":46,"column":0},"end":{"line":46,"column":6}},"47":{"start":{"line":48,"column":0},"end":{"line":48,"column":10}},"48":{"start":{"line":49,"column":0},"end":{"line":49,"column":11}},"49":{"start":{"line":50,"column":0},"end":{"line":50,"column":26}},"50":{"start":{"line":51,"column":0},"end":{"line":51,"column":22}},"51":{"start":{"line":52,"column":0},"end":{"line":52,"column":19}},"52":{"start":{"line":53,"column":0},"end":{"line":53,"column":25}},"53":{"start":{"line":54,"column":0},"end":{"line":54,"column":28}},"54":{"start":{"line":55,"column":0},"end":{"line":55,"column":25}},"55":{"start":{"line":56,"column":0},"end":{"line":56,"column":22}},"56":{"start":{"line":57,"column":0},"end":{"line":57,"column":6}},"58":{"start":{"line":59,"column":0},"end":{"line":59,"column":2}},"60":{"start":{"line":61,"column":0},"end":{"line":61,"column":30}}},"s":{"7":1,"33":1,"34":15,"35":15,"36":15,"37":15,"39":15,"40":44,"41":44,"42":44,"43":31,"44":13,"45":15,"47":15,"48":15,"49":15,"50":15,"51":15,"52":15,"53":15,"54":15,"55":15,"56":15,"58":15,"60":1},"branchMap":{"0":{"type":"branch","line":34,"loc":{"start":{"line":34,"column":72},"end":{"line":59,"column":2}},"locations":[{"start":{"line":34,"column":72},"end":{"line":59,"column":2}}]},"1":{"type":"branch","line":40,"loc":{"start":{"line":40,"column":46},"end":{"line":46,"column":4}},"locations":[{"start":{"line":40,"column":46},"end":{"line":46,"column":4}}]},"2":{"type":"branch","line":43,"loc":{"start":{"line":43,"column":16},"end":{"line":44,"column":40}},"locations":[{"start":{"line":43,"column":16},"end":{"line":44,"column":40}}]},"3":{"type":"branch","line":44,"loc":{"start":{"line":44,"column":37},"end":{"line":45,"column":29}},"locations":[{"start":{"line":44,"column":37},"end":{"line":45,"column":29}}]}},"b":{"0":[15],"1":[44],"2":[31],"3":[13]},"fnMap":{"0":{"name":"QuantitySlider","decl":{"start":{"line":34,"column":72},"end":{"line":59,"column":2}},"loc":{"start":{"line":34,"column":72},"end":{"line":59,"column":2}},"line":34}},"f":{"0":15}}
,"/home/innojini/dev/widget.creator/packages/widget/src/components/SizeSelector.tsx": {"path":"/home/innojini/dev/widget.creator/packages/widget/src/components/SizeSelector.tsx","all":false,"statementMap":{"7":{"start":{"line":8,"column":0},"end":{"line":8,"column":66}},"23":{"start":{"line":24,"column":0},"end":{"line":24,"column":70}},"24":{"start":{"line":25,"column":0},"end":{"line":25,"column":8}},"25":{"start":{"line":26,"column":0},"end":{"line":26,"column":17}},"26":{"start":{"line":27,"column":0},"end":{"line":27,"column":11}},"27":{"start":{"line":28,"column":0},"end":{"line":28,"column":7}},"28":{"start":{"line":29,"column":0},"end":{"line":29,"column":57}},"29":{"start":{"line":30,"column":0},"end":{"line":30,"column":26}},"30":{"start":{"line":31,"column":0},"end":{"line":31,"column":20}},"31":{"start":{"line":32,"column":0},"end":{"line":32,"column":20}},"32":{"start":{"line":33,"column":0},"end":{"line":33,"column":6}},"34":{"start":{"line":35,"column":0},"end":{"line":35,"column":42}},"35":{"start":{"line":36,"column":0},"end":{"line":36,"column":33}},"36":{"start":{"line":37,"column":0},"end":{"line":37,"column":4}},"38":{"start":{"line":39,"column":0},"end":{"line":39,"column":10}},"39":{"start":{"line":40,"column":0},"end":{"line":40,"column":16}},"40":{"start":{"line":41,"column":0},"end":{"line":41,"column":22}},"41":{"start":{"line":42,"column":0},"end":{"line":42,"column":17}},"42":{"start":{"line":43,"column":0},"end":{"line":43,"column":19}},"43":{"start":{"line":44,"column":0},"end":{"line":44,"column":69}},"44":{"start":{"line":45,"column":0},"end":{"line":45,"column":29}},"45":{"start":{"line":46,"column":0},"end":{"line":46,"column":23}},"46":{"start":{"line":47,"column":0},"end":{"line":47,"column":14}},"47":{"start":{"line":48,"column":0},"end":{"line":48,"column":6}},"49":{"start":{"line":50,"column":0},"end":{"line":50,"column":2}},"51":{"start":{"line":52,"column":0},"end":{"line":52,"column":28}}},"s":{"7":1,"23":1,"24":18,"25":18,"26":18,"27":18,"28":18,"29":81,"30":81,"31":81,"32":18,"34":18,"35":5,"36":5,"38":18,"39":18,"40":18,"41":18,"42":18,"43":18,"44":18,"45":18,"46":18,"47":18,"49":18,"51":1},"branchMap":{"0":{"type":"branch","line":24,"loc":{"start":{"line":24,"column":68},"end":{"line":50,"column":2}},"locations":[{"start":{"line":24,"column":68},"end":{"line":50,"column":2}}]},"1":{"type":"branch","line":44,"loc":{"start":{"line":44,"column":32},"end":{"line":44,"column":64}},"locations":[{"start":{"line":44,"column":32},"end":{"line":44,"column":64}}]},"2":{"type":"branch","line":44,"loc":{"start":{"line":44,"column":60},"end":{"line":44,"column":69}},"locations":[{"start":{"line":44,"column":60},"end":{"line":44,"column":69}}]},"3":{"type":"branch","line":29,"loc":{"start":{"line":29,"column":46},"end":{"line":33,"column":4}},"locations":[{"start":{"line":29,"column":46},"end":{"line":33,"column":4}}]},"4":{"type":"branch","line":35,"loc":{"start":{"line":35,"column":23},"end":{"line":37,"column":4}},"locations":[{"start":{"line":35,"column":23},"end":{"line":37,"column":4}}]}},"b":{"0":[18],"1":[5],"2":[13],"3":[81],"4":[5]},"fnMap":{"0":{"name":"SizeSelector","decl":{"start":{"line":24,"column":68},"end":{"line":50,"column":2}},"loc":{"start":{"line":24,"column":68},"end":{"line":50,"column":2}},"line":24},"1":{"name":"handleChange","decl":{"start":{"line":35,"column":23},"end":{"line":37,"column":4}},"loc":{"start":{"line":35,"column":23},"end":{"line":37,"column":4}},"line":35}},"f":{"0":18,"1":5}}
,"/home/innojini/dev/widget.creator/packages/widget/src/components/UploadActions.tsx": {"path":"/home/innojini/dev/widget.creator/packages/widget/src/components/UploadActions.tsx","all":false,"statementMap":{"7":{"start":{"line":8,"column":0},"end":{"line":8,"column":39}},"35":{"start":{"line":36,"column":0},"end":{"line":36,"column":72}},"36":{"start":{"line":37,"column":0},"end":{"line":37,"column":10}},"37":{"start":{"line":38,"column":0},"end":{"line":38,"column":11}},"38":{"start":{"line":39,"column":0},"end":{"line":39,"column":11}},"39":{"start":{"line":40,"column":0},"end":{"line":40,"column":14}},"40":{"start":{"line":41,"column":0},"end":{"line":41,"column":10}},"41":{"start":{"line":42,"column":0},"end":{"line":42,"column":11}},"42":{"start":{"line":43,"column":0},"end":{"line":43,"column":7}},"43":{"start":{"line":44,"column":0},"end":{"line":44,"column":10}},"44":{"start":{"line":45,"column":0},"end":{"line":45,"column":32}},"45":{"start":{"line":46,"column":0},"end":{"line":46,"column":39}},"46":{"start":{"line":47,"column":0},"end":{"line":47,"column":63}},"47":{"start":{"line":48,"column":0},"end":{"line":48,"column":17}},"48":{"start":{"line":49,"column":0},"end":{"line":49,"column":26}},"49":{"start":{"line":50,"column":0},"end":{"line":50,"column":28}},"50":{"start":{"line":51,"column":0},"end":{"line":51,"column":30}},"51":{"start":{"line":52,"column":0},"end":{"line":52,"column":31}},"52":{"start":{"line":53,"column":0},"end":{"line":53,"column":21}},"53":{"start":{"line":54,"column":0},"end":{"line":54,"column":12}},"55":{"start":{"line":56,"column":0},"end":{"line":56,"column":63}},"56":{"start":{"line":57,"column":0},"end":{"line":57,"column":17}},"57":{"start":{"line":58,"column":0},"end":{"line":58,"column":28}},"58":{"start":{"line":59,"column":0},"end":{"line":59,"column":28}},"59":{"start":{"line":60,"column":0},"end":{"line":60,"column":30}},"60":{"start":{"line":61,"column":0},"end":{"line":61,"column":31}},"61":{"start":{"line":62,"column":0},"end":{"line":62,"column":21}},"62":{"start":{"line":63,"column":0},"end":{"line":63,"column":12}},"63":{"start":{"line":64,"column":0},"end":{"line":64,"column":10}},"64":{"start":{"line":65,"column":0},"end":{"line":65,"column":12}},"66":{"start":{"line":67,"column":0},"end":{"line":67,"column":39}},"67":{"start":{"line":68,"column":0},"end":{"line":68,"column":92}},"68":{"start":{"line":69,"column":0},"end":{"line":69,"column":17}},"69":{"start":{"line":70,"column":0},"end":{"line":70,"column":27}},"70":{"start":{"line":71,"column":0},"end":{"line":71,"column":31}},"71":{"start":{"line":72,"column":0},"end":{"line":72,"column":33}},"72":{"start":{"line":73,"column":0},"end":{"line":73,"column":31}},"73":{"start":{"line":74,"column":0},"end":{"line":74,"column":21}},"74":{"start":{"line":75,"column":0},"end":{"line":75,"column":12}},"76":{"start":{"line":77,"column":0},"end":{"line":77,"column":37}},"77":{"start":{"line":78,"column":0},"end":{"line":78,"column":17}},"78":{"start":{"line":79,"column":0},"end":{"line":79,"column":27}},"79":{"start":{"line":80,"column":0},"end":{"line":80,"column":29}},"80":{"start":{"line":81,"column":0},"end":{"line":81,"column":33}},"81":{"start":{"line":82,"column":0},"end":{"line":82,"column":31}},"82":{"start":{"line":83,"column":0},"end":{"line":83,"column":21}},"83":{"start":{"line":84,"column":0},"end":{"line":84,"column":12}},"85":{"start":{"line":86,"column":0},"end":{"line":86,"column":32}},"86":{"start":{"line":87,"column":0},"end":{"line":87,"column":17}},"87":{"start":{"line":88,"column":0},"end":{"line":88,"column":27}},"88":{"start":{"line":89,"column":0},"end":{"line":89,"column":29}},"89":{"start":{"line":90,"column":0},"end":{"line":90,"column":29}},"90":{"start":{"line":91,"column":0},"end":{"line":91,"column":31}},"91":{"start":{"line":92,"column":0},"end":{"line":92,"column":21}},"92":{"start":{"line":93,"column":0},"end":{"line":93,"column":12}},"93":{"start":{"line":94,"column":0},"end":{"line":94,"column":10}},"94":{"start":{"line":95,"column":0},"end":{"line":95,"column":12}},"95":{"start":{"line":96,"column":0},"end":{"line":96,"column":10}},"97":{"start":{"line":98,"column":0},"end":{"line":98,"column":2}},"99":{"start":{"line":100,"column":0},"end":{"line":100,"column":29}}},"s":{"7":1,"35":1,"36":27,"37":27,"38":27,"39":27,"40":27,"41":27,"42":27,"43":27,"44":27,"45":27,"46":27,"47":19,"48":19,"49":19,"50":19,"51":19,"52":19,"53":19,"55":27,"56":19,"57":19,"58":19,"59":19,"60":19,"61":19,"62":19,"63":27,"64":27,"66":27,"67":27,"68":23,"69":23,"70":23,"71":23,"72":23,"73":23,"74":23,"76":27,"77":4,"78":4,"79":4,"80":4,"81":4,"82":4,"83":4,"85":27,"86":15,"87":15,"88":15,"89":15,"90":15,"91":15,"92":15,"93":27,"94":27,"95":27,"97":27,"99":1},"branchMap":{"0":{"type":"branch","line":36,"loc":{"start":{"line":36,"column":70},"end":{"line":98,"column":2}},"locations":[{"start":{"line":36,"column":70},"end":{"line":98,"column":2}}]},"1":{"type":"branch","line":47,"loc":{"start":{"line":47,"column":22},"end":{"line":47,"column":63}},"locations":[{"start":{"line":47,"column":22},"end":{"line":47,"column":63}}]},"2":{"type":"branch","line":47,"loc":{"start":{"line":47,"column":44},"end":{"line":54,"column":12}},"locations":[{"start":{"line":47,"column":44},"end":{"line":54,"column":12}}]},"3":{"type":"branch","line":56,"loc":{"start":{"line":56,"column":22},"end":{"line":56,"column":63}},"locations":[{"start":{"line":56,"column":22},"end":{"line":56,"column":63}}]},"4":{"type":"branch","line":56,"loc":{"start":{"line":56,"column":44},"end":{"line":63,"column":12}},"locations":[{"start":{"line":56,"column":44},"end":{"line":63,"column":12}}]},"5":{"type":"branch","line":68,"loc":{"start":{"line":68,"column":22},"end":{"line":68,"column":61}},"locations":[{"start":{"line":68,"column":22},"end":{"line":68,"column":61}}]},"6":{"type":"branch","line":68,"loc":{"start":{"line":68,"column":44},"end":{"line":68,"column":92}},"locations":[{"start":{"line":68,"column":44},"end":{"line":68,"column":92}}]},"7":{"type":"branch","line":68,"loc":{"start":{"line":68,"column":73},"end":{"line":75,"column":12}},"locations":[{"start":{"line":68,"column":73},"end":{"line":75,"column":12}}]},"8":{"type":"branch","line":77,"loc":{"start":{"line":77,"column":21},"end":{"line":84,"column":12}},"locations":[{"start":{"line":77,"column":21},"end":{"line":84,"column":12}}]},"9":{"type":"branch","line":86,"loc":{"start":{"line":86,"column":21},"end":{"line":93,"column":12}},"locations":[{"start":{"line":86,"column":21},"end":{"line":93,"column":12}}]}},"b":{"0":[27],"1":[12],"2":[19],"3":[12],"4":[19],"5":[12],"6":[8],"7":[23],"8":[4],"9":[15]},"fnMap":{"0":{"name":"UploadActions","decl":{"start":{"line":36,"column":70},"end":{"line":98,"column":2}},"loc":{"start":{"line":36,"column":70},"end":{"line":98,"column":2}},"line":36}},"f":{"0":27}}
,"/home/innojini/dev/widget.creator/packages/widget/src/components/index.ts": {"path":"/home/innojini/dev/widget.creator/packages/widget/src/components/index.ts","all":true,"statementMap":{"4":{"start":{"line":5,"column":0},"end":{"line":5,"column":70}},"5":{"start":{"line":6,"column":0},"end":{"line":6,"column":67}},"6":{"start":{"line":7,"column":0},"end":{"line":7,"column":91}},"7":{"start":{"line":8,"column":0},"end":{"line":8,"column":98}},"8":{"start":{"line":9,"column":0},"end":{"line":9,"column":98}},"9":{"start":{"line":10,"column":0},"end":{"line":10,"column":73}},"10":{"start":{"line":11,"column":0},"end":{"line":11,"column":83}},"11":{"start":{"line":12,"column":0},"end":{"line":12,"column":95}},"12":{"start":{"line":13,"column":0},"end":{"line":13,"column":70}},"13":{"start":{"line":14,"column":0},"end":{"line":14,"column":73}}},"s":{"4":0,"5":0,"6":0,"7":0,"8":0,"9":0,"10":0,"11":0,"12":0,"13":0},"branchMap":{"0":{"type":"branch","line":1,"loc":{"start":{"line":1,"column":874},"end":{"line":14,"column":73}},"locations":[{"start":{"line":1,"column":874},"end":{"line":14,"column":73}}]}},"b":{"0":[1]},"fnMap":{"0":{"name":"(empty-report)","decl":{"start":{"line":1,"column":874},"end":{"line":14,"column":73}},"loc":{"start":{"line":1,"column":874},"end":{"line":14,"column":73}},"line":1}},"f":{"0":1}}
,"/home/innojini/dev/widget.creator/packages/widget/src/engine/index.ts": {"path":"/home/innojini/dev/widget.creator/packages/widget/src/engine/index.ts","all":true,"statementMap":{"4":{"start":{"line":5,"column":0},"end":{"line":5,"column":8}},"10":{"start":{"line":11,"column":0},"end":{"line":11,"column":8}}},"s":{"4":0,"10":0},"branchMap":{"0":{"type":"branch","line":1,"loc":{"start":{"line":1,"column":265},"end":{"line":16,"column":24}},"locations":[{"start":{"line":1,"column":265},"end":{"line":16,"column":24}}]}},"b":{"0":[1]},"fnMap":{"0":{"name":"(empty-report)","decl":{"start":{"line":1,"column":265},"end":{"line":16,"column":24}},"loc":{"start":{"line":1,"column":265},"end":{"line":16,"column":24}},"line":1}},"f":{"0":1}}
,"/home/innojini/dev/widget.creator/packages/widget/src/engine/option-engine.ts": {"path":"/home/innojini/dev/widget.creator/packages/widget/src/engine/option-engine.ts","all":true,"statementMap":{"31":{"start":{"line":32,"column":0},"end":{"line":32,"column":27}},"32":{"start":{"line":33,"column":0},"end":{"line":33,"column":33}},"33":{"start":{"line":34,"column":0},"end":{"line":34,"column":40}},"34":{"start":{"line":35,"column":0},"end":{"line":35,"column":41}},"36":{"start":{"line":37,"column":0},"end":{"line":37,"column":14}},"37":{"start":{"line":38,"column":0},"end":{"line":38,"column":27}},"38":{"start":{"line":39,"column":0},"end":{"line":39,"column":34}},"39":{"start":{"line":40,"column":0},"end":{"line":40,"column":34}},"40":{"start":{"line":41,"column":0},"end":{"line":41,"column":5}},"41":{"start":{"line":42,"column":0},"end":{"line":42,"column":33}},"42":{"start":{"line":43,"column":0},"end":{"line":43,"column":80}},"43":{"start":{"line":44,"column":0},"end":{"line":44,"column":37}},"44":{"start":{"line":45,"column":0},"end":{"line":45,"column":3}},"49":{"start":{"line":50,"column":0},"end":{"line":50,"column":52}},"50":{"start":{"line":51,"column":0},"end":{"line":51,"column":59}},"51":{"start":{"line":52,"column":0},"end":{"line":52,"column":49}},"52":{"start":{"line":53,"column":0},"end":{"line":53,"column":59}},"53":{"start":{"line":54,"column":0},"end":{"line":54,"column":34}},"56":{"start":{"line":57,"column":0},"end":{"line":57,"column":42}},"57":{"start":{"line":58,"column":0},"end":{"line":58,"column":67}},"58":{"start":{"line":59,"column":0},"end":{"line":59,"column":65}},"60":{"start":{"line":61,"column":0},"end":{"line":61,"column":50}},"62":{"start":{"line":63,"column":0},"end":{"line":63,"column":79}},"63":{"start":{"line":64,"column":0},"end":{"line":64,"column":58}},"64":{"start":{"line":65,"column":0},"end":{"line":65,"column":80}},"66":{"start":{"line":67,"column":0},"end":{"line":67,"column":66}},"68":{"start":{"line":69,"column":0},"end":{"line":69,"column":42}},"69":{"start":{"line":70,"column":0},"end":{"line":70,"column":68}},"71":{"start":{"line":72,"column":0},"end":{"line":72,"column":76}},"72":{"start":{"line":73,"column":0},"end":{"line":73,"column":49}},"73":{"start":{"line":74,"column":0},"end":{"line":74,"column":68}},"75":{"start":{"line":76,"column":0},"end":{"line":76,"column":49}},"77":{"start":{"line":78,"column":0},"end":{"line":78,"column":5}},"80":{"start":{"line":81,"column":0},"end":{"line":81,"column":48}},"81":{"start":{"line":82,"column":0},"end":{"line":82,"column":74}},"82":{"start":{"line":83,"column":0},"end":{"line":83,"column":74}},"84":{"start":{"line":85,"column":0},"end":{"line":85,"column":51}},"86":{"start":{"line":87,"column":0},"end":{"line":87,"column":79}},"88":{"start":{"line":89,"column":0},"end":{"line":89,"column":61}},"90":{"start":{"line":91,"column":0},"end":{"line":91,"column":42}},"91":{"start":{"line":92,"column":0},"end":{"line":92,"column":22}},"93":{"start":{"line":94,"column":0},"end":{"line":94,"column":18}},"94":{"start":{"line":95,"column":0},"end":{"line":95,"column":22}},"95":{"start":{"line":96,"column":0},"end":{"line":96,"column":47}},"96":{"start":{"line":97,"column":0},"end":{"line":97,"column":18}},"97":{"start":{"line":98,"column":0},"end":{"line":98,"column":24}},"99":{"start":{"line":100,"column":0},"end":{"line":100,"column":18}},"100":{"start":{"line":101,"column":0},"end":{"line":101,"column":27}},"102":{"start":{"line":103,"column":0},"end":{"line":103,"column":41}},"103":{"start":{"line":104,"column":0},"end":{"line":104,"column":44}},"104":{"start":{"line":105,"column":0},"end":{"line":105,"column":50}},"105":{"start":{"line":106,"column":0},"end":{"line":106,"column":13}},"106":{"start":{"line":107,"column":0},"end":{"line":107,"column":41}},"107":{"start":{"line":108,"column":0},"end":{"line":108,"column":68}},"108":{"start":{"line":109,"column":0},"end":{"line":109,"column":13}},"109":{"start":{"line":110,"column":0},"end":{"line":110,"column":18}},"110":{"start":{"line":111,"column":0},"end":{"line":111,"column":11}},"111":{"start":{"line":112,"column":0},"end":{"line":112,"column":29}},"113":{"start":{"line":114,"column":0},"end":{"line":114,"column":85}},"114":{"start":{"line":115,"column":0},"end":{"line":115,"column":57}},"115":{"start":{"line":116,"column":0},"end":{"line":116,"column":31}},"116":{"start":{"line":117,"column":0},"end":{"line":117,"column":44}},"117":{"start":{"line":118,"column":0},"end":{"line":118,"column":87}},"118":{"start":{"line":119,"column":0},"end":{"line":119,"column":38}},"119":{"start":{"line":120,"column":0},"end":{"line":120,"column":42}},"120":{"start":{"line":121,"column":0},"end":{"line":121,"column":59}},"121":{"start":{"line":122,"column":0},"end":{"line":122,"column":17}},"122":{"start":{"line":123,"column":0},"end":{"line":123,"column":13}},"123":{"start":{"line":124,"column":0},"end":{"line":124,"column":18}},"124":{"start":{"line":125,"column":0},"end":{"line":125,"column":11}},"125":{"start":{"line":126,"column":0},"end":{"line":126,"column":29}},"127":{"start":{"line":128,"column":0},"end":{"line":128,"column":82}},"128":{"start":{"line":129,"column":0},"end":{"line":129,"column":90}},"129":{"start":{"line":130,"column":0},"end":{"line":130,"column":90}},"131":{"start":{"line":132,"column":0},"end":{"line":132,"column":57}},"132":{"start":{"line":133,"column":0},"end":{"line":133,"column":31}},"133":{"start":{"line":134,"column":0},"end":{"line":134,"column":44}},"134":{"start":{"line":135,"column":0},"end":{"line":135,"column":66}},"135":{"start":{"line":136,"column":0},"end":{"line":136,"column":38}},"136":{"start":{"line":137,"column":0},"end":{"line":137,"column":42}},"137":{"start":{"line":138,"column":0},"end":{"line":138,"column":48}},"138":{"start":{"line":139,"column":0},"end":{"line":139,"column":17}},"139":{"start":{"line":140,"column":0},"end":{"line":140,"column":13}},"140":{"start":{"line":141,"column":0},"end":{"line":141,"column":57}},"141":{"start":{"line":142,"column":0},"end":{"line":142,"column":31}},"142":{"start":{"line":143,"column":0},"end":{"line":143,"column":44}},"143":{"start":{"line":144,"column":0},"end":{"line":144,"column":66}},"144":{"start":{"line":145,"column":0},"end":{"line":145,"column":38}},"145":{"start":{"line":146,"column":0},"end":{"line":146,"column":42}},"146":{"start":{"line":147,"column":0},"end":{"line":147,"column":48}},"147":{"start":{"line":148,"column":0},"end":{"line":148,"column":17}},"148":{"start":{"line":149,"column":0},"end":{"line":149,"column":13}},"149":{"start":{"line":150,"column":0},"end":{"line":150,"column":18}},"150":{"start":{"line":151,"column":0},"end":{"line":151,"column":11}},"151":{"start":{"line":152,"column":0},"end":{"line":152,"column":9}},"152":{"start":{"line":153,"column":0},"end":{"line":153,"column":7}},"153":{"start":{"line":154,"column":0},"end":{"line":154,"column":5}},"156":{"start":{"line":157,"column":0},"end":{"line":157,"column":59}},"157":{"start":{"line":158,"column":0},"end":{"line":158,"column":47}},"158":{"start":{"line":159,"column":0},"end":{"line":159,"column":62}},"159":{"start":{"line":160,"column":0},"end":{"line":160,"column":45}},"160":{"start":{"line":161,"column":0},"end":{"line":161,"column":52}},"161":{"start":{"line":162,"column":0},"end":{"line":162,"column":9}},"162":{"start":{"line":163,"column":0},"end":{"line":163,"column":7}},"163":{"start":{"line":164,"column":0},"end":{"line":164,"column":5}},"165":{"start":{"line":166,"column":0},"end":{"line":166,"column":12}},"166":{"start":{"line":167,"column":0},"end":{"line":167,"column":16}},"167":{"start":{"line":168,"column":0},"end":{"line":168,"column":17}},"168":{"start":{"line":169,"column":0},"end":{"line":169,"column":22}},"169":{"start":{"line":170,"column":0},"end":{"line":170,"column":15}},"170":{"start":{"line":171,"column":0},"end":{"line":171,"column":6}},"171":{"start":{"line":172,"column":0},"end":{"line":172,"column":3}},"176":{"start":{"line":177,"column":0},"end":{"line":177,"column":68}},"177":{"start":{"line":178,"column":0},"end":{"line":178,"column":61}},"178":{"start":{"line":179,"column":0},"end":{"line":179,"column":36}},"179":{"start":{"line":180,"column":0},"end":{"line":180,"column":5}},"180":{"start":{"line":181,"column":0},"end":{"line":181,"column":21}},"181":{"start":{"line":182,"column":0},"end":{"line":182,"column":3}},"186":{"start":{"line":187,"column":0},"end":{"line":187,"column":87}},"188":{"start":{"line":189,"column":0},"end":{"line":189,"column":90}},"189":{"start":{"line":190,"column":0},"end":{"line":190,"column":93}},"190":{"start":{"line":191,"column":0},"end":{"line":191,"column":69}},"193":{"start":{"line":194,"column":0},"end":{"line":194,"column":53}},"194":{"start":{"line":195,"column":0},"end":{"line":195,"column":3}},"199":{"start":{"line":200,"column":0},"end":{"line":200,"column":77}},"200":{"start":{"line":201,"column":0},"end":{"line":201,"column":64}},"201":{"start":{"line":202,"column":0},"end":{"line":202,"column":41}},"202":{"start":{"line":203,"column":0},"end":{"line":203,"column":3}},"207":{"start":{"line":208,"column":0},"end":{"line":208,"column":98}},"210":{"start":{"line":211,"column":0},"end":{"line":211,"column":66}},"211":{"start":{"line":212,"column":0},"end":{"line":212,"column":3}},"216":{"start":{"line":217,"column":0},"end":{"line":217,"column":103}},"219":{"start":{"line":220,"column":0},"end":{"line":220,"column":18}},"220":{"start":{"line":221,"column":0},"end":{"line":221,"column":3}},"225":{"start":{"line":226,"column":0},"end":{"line":226,"column":95}},"226":{"start":{"line":227,"column":0},"end":{"line":227,"column":43}},"228":{"start":{"line":229,"column":0},"end":{"line":229,"column":45}},"230":{"start":{"line":231,"column":0},"end":{"line":231,"column":34}},"231":{"start":{"line":232,"column":0},"end":{"line":232,"column":16}},"232":{"start":{"line":233,"column":0},"end":{"line":233,"column":48}},"233":{"start":{"line":234,"column":0},"end":{"line":234,"column":16}},"234":{"start":{"line":235,"column":0},"end":{"line":235,"column":48}},"235":{"start":{"line":236,"column":0},"end":{"line":236,"column":16}},"236":{"start":{"line":237,"column":0},"end":{"line":237,"column":62}},"237":{"start":{"line":238,"column":0},"end":{"line":238,"column":16}},"238":{"start":{"line":239,"column":0},"end":{"line":239,"column":62}},"239":{"start":{"line":240,"column":0},"end":{"line":240,"column":17}},"240":{"start":{"line":241,"column":0},"end":{"line":241,"column":63}},"241":{"start":{"line":242,"column":0},"end":{"line":242,"column":17}},"242":{"start":{"line":243,"column":0},"end":{"line":243,"column":63}},"243":{"start":{"line":244,"column":0},"end":{"line":244,"column":16}},"244":{"start":{"line":245,"column":0},"end":{"line":245,"column":77}},"245":{"start":{"line":246,"column":0},"end":{"line":246,"column":23}},"246":{"start":{"line":247,"column":0},"end":{"line":247,"column":86}},"247":{"start":{"line":248,"column":0},"end":{"line":248,"column":85}},"248":{"start":{"line":249,"column":0},"end":{"line":249,"column":50}},"249":{"start":{"line":250,"column":0},"end":{"line":250,"column":7}},"250":{"start":{"line":251,"column":0},"end":{"line":251,"column":14}},"251":{"start":{"line":252,"column":0},"end":{"line":252,"column":21}},"252":{"start":{"line":253,"column":0},"end":{"line":253,"column":5}},"253":{"start":{"line":254,"column":0},"end":{"line":254,"column":3}},"254":{"start":{"line":255,"column":0},"end":{"line":255,"column":1}},"259":{"start":{"line":260,"column":0},"end":{"line":260,"column":35}},"260":{"start":{"line":261,"column":0},"end":{"line":261,"column":25}},"261":{"start":{"line":262,"column":0},"end":{"line":262,"column":32}},"262":{"start":{"line":263,"column":0},"end":{"line":263,"column":32}},"263":{"start":{"line":264,"column":0},"end":{"line":264,"column":17}},"264":{"start":{"line":265,"column":0},"end":{"line":265,"column":65}},"265":{"start":{"line":266,"column":0},"end":{"line":266,"column":1}}},"s":{"31":0,"32":0,"33":0,"34":0,"36":0,"37":0,"38":0,"39":0,"40":0,"41":0,"42":0,"43":0,"44":0,"49":0,"50":0,"51":0,"52":0,"53":0,"56":0,"57":0,"58":0,"60":0,"62":0,"63":0,"64":0,"66":0,"68":0,"69":0,"71":0,"72":0,"73":0,"75":0,"77":0,"80":0,"81":0,"82":0,"84":0,"86":0,"88":0,"90":0,"91":0,"93":0,"94":0,"95":0,"96":0,"97":0,"99":0,"100":0,"102":0,"103":0,"104":0,"105":0,"106":0,"107":0,"108":0,"109":0,"110":0,"111":0,"113":0,"114":0,"115":0,"116":0,"117":0,"118":0,"119":0,"120":0,"121":0,"122":0,"123":0,"124":0,"125":0,"127":0
[...]
,"/home/innojini/dev/widget.creator/packages/widget/src/utils/events.ts": {"path":"/home/innojini/dev/widget.creator/packages/widget/src/utils/events.ts","all":false,"statementMap":{"84":{"start":{"line":85,"column":0},"end":{"line":85,"column":68}},"85":{"start":{"line":86,"column":0},"end":{"line":86,"column":10}},"86":{"start":{"line":87,"column":0},"end":{"line":87,"column":27}},"87":{"start":{"line":88,"column":0},"end":{"line":88,"column":9}},"88":{"start":{"line":89,"column":0},"end":{"line":89,"column":39}},"89":{"start":{"line":90,"column":0},"end":{"line":90,"column":11}},"90":{"start":{"line":91,"column":0},"end":{"line":91,"column":18}},"91":{"start":{"line":92,"column":0},"end":{"line":92,"column":21}},"92":{"start":{"line":93,"column":0},"end":{"line":93,"column":5}},"94":{"start":{"line":95,"column":0},"end":{"line":95,"column":32}},"95":{"start":{"line":96,"column":0},"end":{"line":96,"column":1}},"100":{"start":{"line":101,"column":0},"end":{"line":101,"column":29}},"101":{"start":{"line":102,"column":0},"end":{"line":102,"column":41}},"102":{"start":{"line":103,"column":0},"end":{"line":103,"column":50}},"104":{"start":{"line":105,"column":0},"end":{"line":105,"column":49}},"105":{"start":{"line":106,"column":0},"end":{"line":106,"column":58}},"107":{"start":{"line":108,"column":0},"end":{"line":108,"column":53}},"108":{"start":{"line":109,"column":0},"end":{"line":109,"column":60}},"110":{"start":{"line":111,"column":0},"end":{"line":111,"column":41}},"111":{"start":{"line":112,"column":0},"end":{"line":112,"column":55}},"113":{"start":{"line":114,"column":0},"end":{"line":114,"column":47}},"114":{"start":{"line":115,"column":0},"end":{"line":115,"column":57}},"116":{"start":{"line":117,"column":0},"end":{"line":117,"column":51}},"117":{"start":{"line":118,"column":0},"end":{"line":118,"column":59}},"118":{"start":{"line":119,"column":0},"end":{"line":119,"column":2}}},"s":{"84":1,"85":14,"86":14,"87":14,"88":14,"89":14,"90":14,"91":14,"92":14,"94":14,"95":14,"100":1,"101":1,"102":1,"104":1,"105":1,"107":1,"108":1,"110":1,"111":1,"113":1,"114":1,"116":1,"117":1,"118":1},"branchMap":{"0":{"type":"branch","line":85,"loc":{"start":{"line":85,"column":7},"end":{"line":96,"column":1}},"locations":[{"start":{"line":85,"column":7},"end":{"line":96,"column":1}}]},"1":{"type":"branch","line":102,"loc":{"start":{"line":102,"column":10},"end":{"line":103,"column":50}},"locations":[{"start":{"line":102,"column":10},"end":{"line":103,"column":50}}]},"2":{"type":"branch","line":105,"loc":{"start":{"line":105,"column":17},"end":{"line":106,"column":58}},"locations":[{"start":{"line":105,"column":17},"end":{"line":106,"column":58}}]},"3":{"type":"branch","line":108,"loc":{"start":{"line":108,"column":19},"end":{"line":109,"column":60}},"locations":[{"start":{"line":108,"column":19},"end":{"line":109,"column":60}}]},"4":{"type":"branch","line":111,"loc":{"start":{"line":111,"column":13},"end":{"line":112,"column":55}},"locations":[{"start":{"line":111,"column":13},"end":{"line":112,"column":55}}]},"5":{"type":"branch","line":114,"loc":{"start":{"line":114,"column":16},"end":{"line":115,"column":57}},"locations":[{"start":{"line":114,"column":16},"end":{"line":115,"column":57}}]},"6":{"type":"branch","line":117,"loc":{"start":{"line":117,"column":18},"end":{"line":118,"column":59}},"locations":[{"start":{"line":117,"column":18},"end":{"line":118,"column":59}}]}},"b":{"0":[14],"1":[1],"2":[1],"3":[1],"4":[1],"5":[1],"6":[1]},"fnMap":{"0":{"name":"dispatchWidgetEvent","decl":{"start":{"line":85,"column":7},"end":{"line":96,"column":1}},"loc":{"start":{"line":85,"column":7},"end":{"line":96,"column":1}},"line":85},"1":{"name":"loaded","decl":{"start":{"line":102,"column":10},"end":{"line":103,"column":50}},"loc":{"start":{"line":102,"column":10},"end":{"line":103,"column":50}},"line":102},"2":{"name":"optionChanged","decl":{"start":{"line":105,"column":17},"end":{"line":106,"column":58}},"loc":{"start":{"line":105,"column":17},"end":{"line":106,"column":58}},"line":105},"3":{"name":"quoteCalculated","decl":{"start":{"line":108,"column":19},"end":{"line":109,"column":60}},"loc":{"start":{"line":108,"column":19},"end":{"line":109,"column":60}},"line":108},"4":{"name":"addToCart","decl":{"start":{"line":111,"column":13},"end":{"line":112,"column":55}},"loc":{"start":{"line":111,"column":13},"end":{"line":112,"column":55}},"line":111},"5":{"name":"fileUploaded","decl":{"start":{"line":114,"column":16},"end":{"line":115,"column":57}},"loc":{"start":{"line":114,"column":16},"end":{"line":115,"column":57}},"line":114},"6":{"name":"orderSubmitted","decl":{"start":{"line":117,"column":18},"end":{"line":118,"column":59}},"loc":{"start":{"line":117,"column":18},"end":{"line":118,"column":59}},"line":117}},"f":{"0":14,"1":1,"2":1,"3":1,"4":1,"5":1,"6":1}}
,"/home/innojini/dev/widget.creator/packages/widget/src/utils/formatting.ts": {"path":"/home/innojini/dev/widget.creator/packages/widget/src/utils/formatting.ts","all":false,"statementMap":{"10":{"start":{"line":11,"column":0},"end":{"line":11,"column":51}},"11":{"start":{"line":12,"column":0},"end":{"line":12,"column":46}},"12":{"start":{"line":13,"column":0},"end":{"line":13,"column":1}},"19":{"start":{"line":20,"column":0},"end":{"line":20,"column":53}},"20":{"start":{"line":21,"column":0},"end":{"line":21,"column":39}},"21":{"start":{"line":22,"column":0},"end":{"line":22,"column":1}},"28":{"start":{"line":29,"column":0},"end":{"line":29,"column":52}},"29":{"start":{"line":30,"column":0},"end":{"line":30,"column":48}},"30":{"start":{"line":31,"column":0},"end":{"line":31,"column":34}},"31":{"start":{"line":32,"column":0},"end":{"line":32,"column":1}},"38":{"start":{"line":39,"column":0},"end":{"line":39,"column":56}},"39":{"start":{"line":40,"column":0},"end":{"line":40,"column":36}},"40":{"start":{"line":41,"column":0},"end":{"line":41,"column":1}},"48":{"start":{"line":49,"column":0},"end":{"line":49,"column":73}},"49":{"start":{"line":50,"column":0},"end":{"line":50,"column":39}},"50":{"start":{"line":51,"column":0},"end":{"line":51,"column":1}},"58":{"start":{"line":59,"column":0},"end":{"line":59,"column":73}},"59":{"start":{"line":60,"column":0},"end":{"line":60,"column":34}},"60":{"start":{"line":61,"column":0},"end":{"line":61,"column":1}},"67":{"start":{"line":68,"column":0},"end":{"line":68,"column":54}},"68":{"start":{"line":69,"column":0},"end":{"line":69,"column":40}},"69":{"start":{"line":70,"column":0},"end":{"line":70,"column":1}},"78":{"start":{"line":79,"column":0},"end":{"line":79,"column":72}},"79":{"start":{"line":80,"column":0},"end":{"line":80,"column":45}},"80":{"start":{"line":81,"column":0},"end":{"line":81,"column":1}},"88":{"start":{"line":89,"column":0},"end":{"line":89,"column":66}},"89":{"start":{"line":90,"column":0},"end":{"line":90,"column":41}},"90":{"start":{"line":91,"column":0},"end":{"line":91,"column":1}}},"s":{"10":1,"11":264,"12":264,"19":1,"20":15,"21":15,"28":1,"29":12,"30":12,"31":12,"38":1,"39":9,"40":9,"48":1,"49":7,"50":7,"58":1,"59":7,"60":7,"67":1,"68":9,"69":9,"78":1,"79":30,"80":30,"88":1,"89":34,"90":34},"branchMap":{"0":{"type":"branch","line":11,"loc":{"start":{"line":11,"column":7},"end":{"line":13,"column":1}},"locations":[{"start":{"line":11,"column":7},"end":{"line":13,"column":1}}]},"1":{"type":"branch","line":20,"loc":{"start":{"line":20,"column":7},"end":{"line":22,"column":1}},"locations":[{"start":{"line":20,"column":7},"end":{"line":22,"column":1}}]},"2":{"type":"branch","line":29,"loc":{"start":{"line":29,"column":7},"end":{"line":32,"column":1}},"locations":[{"start":{"line":29,"column":7},"end":{"line":32,"column":1}}]},"3":{"type":"branch","line":31,"loc":{"start":{"line":31,"column":27},"end":{"line":31,"column":34}},"locations":[{"start":{"line":31,"column":27},"end":{"line":31,"column":34}}]},"4":{"type":"branch","line":39,"loc":{"start":{"line":39,"column":7},"end":{"line":41,"column":1}},"locations":[{"start":{"line":39,"column":7},"end":{"line":41,"column":1}}]},"5":{"type":"branch","line":49,"loc":{"start":{"line":49,"column":7},"end":{"line":51,"column":1}},"locations":[{"start":{"line":49,"column":7},"end":{"line":51,"column":1}}]},"6":{"type":"branch","line":59,"loc":{"start":{"line":59,"column":7},"end":{"line":61,"column":1}},"locations":[{"start":{"line":59,"column":7},"end":{"line":61,"column":1}}]},"7":{"type":"branch","line":68,"loc":{"start":{"line":68,"column":7},"end":{"line":70,"column":1}},"locations":[{"start":{"line":68,"column":7},"end":{"line":70,"column":1}}]},"8":{"type":"branch","line":79,"loc":{"start":{"line":79,"column":7},"end":{"line":81,"column":1}},"locations":[{"start":{"line":79,"column":7},"end":{"line":81,"column":1}}]},"9":{"type":"branch","line":89,"loc":{"start":{"line":89,"column":7},"end":{"line":91,"column":1}},"locations":[{"start":{"line":89,"column":7},"end":{"line":91,"column":1}}]}},"b":{"0":[264],"1":[15],"2":[12],"3":[3],"4":[9],"5":[7],"6":[7],"7":[9],"8":[30],"9":[34]},"fnMap":{"0":{"name":"formatKRW","decl":{"start":{"line":11,"column":7},"end":{"line":13,"column":1}},"loc":{"start":{"line":11,"column":7},"end":{"line":13,"column":1}},"line":11},"1":{"name":"formatNumber","decl":{"start":{"line":20,"column":7},"end":{"line":22,"column":1}},"loc":{"start":{"line":20,"column":7},"end":{"line":22,"column":1}},"line":20},"2":{"name":"parseNumber","decl":{"start":{"line":29,"column":7},"end":{"line":32,"column":1}},"loc":{"start":{"line":29,"column":7},"end":{"line":32,"column":1}},"line":29},"3":{"name":"calculateVAT","decl":{"start":{"line":39,"column":7},"end":{"line":41,"column":1}},"loc":{"start":{"line":39,"column":7},"end":{"line":41,"column":1}},"line":39},"4":{"name":"formatQuantity","decl":{"start":{"line":49,"column":7},"end":{"line":51,"column":1}},"loc":{"start":{"line":49,"column":7},"end":{"line":51,"column":1}},"line":49},"5":{"name":"formatDimensions","decl":{"start":{"line":59,"column":7},"end":{"line":61,"column":1}},"loc":{"start":{"line":59,"column":7},"end":{"line":61,"column":1}},"line":59},"6":{"name":"formatPercent","decl":{"start":{"line":68,"column":7},"end":{"line":70,"column":1}},"loc":{"start":{"line":68,"column":7},"end":{"line":70,"column":1}},"line":68},"7":{"name":"clamp","decl":{"start":{"line":79,"column":7},"end":{"line":81,"column":1}},"loc":{"start":{"line":79,"column":7},"end":{"line":81,"column":1}},"line":79},"8":{"name":"roundToStep","decl":{"start":{"line":89,"column":7},"end":{"line":91,"column":1}},"loc":{"start":{"line":89,"column":7},"end":{"line":91,"column":1}},"line":89}},"f":{"0":264,"1":15,"2":12,"3":9,"4":7,"5":7,"6":9,"7":30,"8":34}}
,"/home/innojini/dev/widget.creator/packages/widget/src/utils/index.ts": {"path":"/home/innojini/dev/widget.creator/packages/widget/src/utils/index.ts","all":true,"statementMap":{"4":{"start":{"line":5,"column":0},"end":{"line":5,"column":8}},"16":{"start":{"line":17,"column":0},"end":{"line":17,"column":8}},"25":{"start":{"line":26,"column":0},"end":{"line":26,"column":8}}},"s":{"4":0,"16":0,"25":0},"branchMap":{"0":{"type":"branch","line":1,"loc":{"start":{"line":1,"column":624},"end":{"line":36,"column":22}},"locations":[{"start":{"line":1,"column":624},"end":{"line":36,"column":22}}]}},"b":{"0":[1]},"fnMap":{"0":{"name":"(empty-report)","decl":{"start":{"line":1,"column":624},"end":{"line":36,"column":22}},"loc":{"start":{"line":1,"column":624},"end":{"line":36,"column":22}},"line":1}},"f":{"0":1}}
,"/home/innojini/dev/widget.creator/packages/widget/src/utils/shadow-dom.ts": {"path":"/home/innojini/dev/widget.creator/packages/widget/src/utils/shadow-dom.ts","all":false,"statementMap":{"6":{"start":{"line":7,"column":0},"end":{"line":7,"column":49}},"11":{"start":{"line":12,"column":0},"end":{"line":12,"column":54}},"16":{"start":{"line":17,"column":0},"end":{"line":17,"column":38}},"17":{"start":{"line":18,"column":0},"end":{"line":18,"column":22}},"18":{"start":{"line":19,"column":0},"end":{"line":19,"column":58}},"20":{"start":{"line":21,"column":0},"end":{"line":21,"column":88}},"22":{"start":{"line":23,"column":0},"end":{"line":23,"column":19}},"23":{"start":{"line":24,"column":0},"end":{"line":24,"column":46}},"24":{"start":{"line":25,"column":0},"end":{"line":25,"column":39}},"25":{"start":{"line":26,"column":0},"end":{"line":26,"column":41}},"26":{"start":{"line":27,"column":0},"end":{"line":27,"column":3}},"29":{"start":{"line":30,"column":0},"end":{"line":30,"column":29}},"30":{"start":{"line":31,"column":0},"end":{"line":31,"column":29}},"31":{"start":{"line":32,"column":0},"end":{"line":32,"column":38}},"32":{"start":{"line":33,"column":0},"end":{"line":33,"column":10}},"33":{"start":{"line":34,"column":0},"end":{"line":34,"column":58}},"34":{"start":{"line":35,"column":0},"end":{"line":35,"column":3}},"36":{"start":{"line":37,"column":0},"end":{"line":37,"column":35}},"37":{"start":{"line":38,"column":0},"end":{"line":38,"column":1}},"42":{"start":{"line":43,"column":0},"end":{"line":43,"column":37}},"43":{"start":{"line":44,"column":0},"end":{"line":44,"column":23}},"44":{"start":{"line":45,"column":0},"end":{"line":45,"column":50}},"45":{"start":{"line":46,"column":0},"end":{"line":46,"column":11}},"46":{"start":{"line":47,"column":0},"end":{"line":47,"column":67}},"47":{"start":{"line":48,"column":0},"end":{"line":48,"column":71}},"49":{"start":{"line":50,"column":0},"end":{"line":50,"column":10}},"50":{"start":{"line":51,"column":0},"end":{"line":51,"column":39}},"51":{"start":{"line":52,"column":0},"end":{"line":52,"column":61}},"52":{"start":{"line":53,"column":0},"end":{"line":53,"column":55}},"53":{"start":{"line":54,"column":0},"end":{"line":54,"column":66}},"54":{"start":{"line":55,"column":0},"end":{"line":55,"column":70}},"55":{"start":{"line":56,"column":0},"end":{"line":56,"column":68}},"56":{"start":{"line":57,"column":0},"end":{"line":57,"column":55}},"57":{"start":{"line":58,"column":0},"end":{"line":58,"column":59}},"58":{"start":{"line":59,"column":0},"end":{"line":59,"column":57}},"59":{"start":{"line":60,"column":0},"end":{"line":60,"column":63}},"61":{"start":{"line":62,"column":0},"end":{"line":62,"column":62}},"62":{"start":{"line":63,"column":0},"end":{"line":63,"column":63}},"63":{"start":{"line":64,"column":0},"end":{"line":64,"column":75}},"64":{"start":{"line":65,"column":0},"end":{"line":65,"column":73}},"65":{"start":{"line":66,"column":0},"end":{"line":66,"column":77}},"66":{"start":{"line":67,"column":0},"end":{"line":67,"column":69}},"68":{"start":{"line":69,"column":0},"end":{"line":69,"column":56}},"70":{"start":{"line":71,"column":0},"end":{"line":71,"column":39}},"71":{"start":{"line":72,"column":0},"end":{"line":72,"column":58}},"72":{"start":{"line":73,"column":0},"end":{"line":73,"column":60}},"74":{"start":{"line":75,"column":0},"end":{"line":75,"column":72}},"75":{"start":{"line":76,"column":0},"end":{"line":76,"column":72}},"77":{"start":{"line":78,"column":0},"end":{"line":78,"column":1}},"82":{"start":{"line":83,"column":0},"end":{"line":83,"column":86}},"83":{"start":{"line":84,"column":0},"end":{"line":84,"column":55}},"84":{"start":{"line":85,"column":0},"end":{"line":85,"column":30}},"100":{"start":{"line":101,"column":0},"end":{"line":101,"column":21}},"103":{"start":{"line":104,"column":0},"end":{"line":104,"column":39}},"104":{"start":{"line":105,"column":0},"end":{"line":105,"column":1}},"109":{"start":{"line":110,"column":0},"end":{"line":110,"column":74}},"110":{"start":{"line":111,"column":0},"end":{"line":111,"column":51}},"111":{"start":{"line":112,"column":0},"end":{"line":112,"column":33}},"112":{"start":{"line":113,"column":0},"end":{"line":113,"column":63}},"113":{"start":{"line":114,"column":0},"end":{"line":114,"column":37}},"114":{"start":{"line":115,"column":0},"end":{"line":115,"column":20}},"115":{"start":{"line":116,"column":0},"end":{"line":116,"column":1}},"120":{"start":{"line":121,"column":0},"end":{"line":121,"column":42}},"121":{"start":{"line":122,"column":0},"end":{"line":122,"column":65}},"122":{"start":{"line":123,"column":0},"end":{"line":123,"column":18}},"123":{"start":{"line":124,"column":0},"end":{"line":124,"column":23}},"124":{"start":{"line":125,"column":0},"end":{"line":125,"column":3}},"125":{"start":{"line":126,"column":0},"end":{"line":126,"column":1}}},"s":{"6":1,"11":1,"16":1,"17":6,"18":6,"20":6,"22":6,"23":4,"24":4,"25":4,"26":4,"29":6,"30":6,"31":2,"32":6,"33":4,"34":4,"36":6,"37":6,"42":1,"43":9,"44":9,"45":9,"46":9,"47":9,"49":9,"50":9,"51":9,"52":9,"53":9,"54":9,"55":9,"56":9,"57":9,"58":9,"59":9,"61":9,"62":9,"63":9,"64":9,"65":9,"66":9,"68":9,"70":9,"71":9,"72":9,"74":9,"75":9,"77":9,"82":1,"83":4,"84":4,"100":4,"103":4,"104":4,"109":1,"110":4,"111":4,"112":4,"113":4,"114":4,"115":4,"120":1,"121":24,"122":24,"123":5,"124":5,"125":24},"branchMap":{"0":{"type":"branch","line":17,"loc":{"start":{"line":17,"column":7},"end":{"line":38,"column":1}},"locations":[{"start":{"line":17,"column":7},"end":{"line":38,"column":1}}]},"1":{"type":"branch","line":23,"loc":{"start":{"line":23,"column":18},"end":{"line":27,"column":3}},"locations":[{"start":{"line":23,"column":18},"end":{"line":27,"column":3}}]},"2":{"type":"branch","line":31,"loc":{"start":{"line":31,"column":28},"end":{"line":33,"column":9}},"locations":[{"start":{"line":31,"column":28},"end":{"line":33,"column":9}}]},"3":{"type":"branch","line":33,"loc":{"start":{"line":33,"column":2},"end":{"line":35,"column":3}},"locations":[{"start":{"line":33,"column":2},"end":{"line":35,"column":3}}]},"4":{"type":"branch","line":43,"loc":{"start":{"line":43,"column":7},"end":{"line":78,"column":1}},"locations":[{"start":{"line":43,"column":7},"end":{"line":78,"column":1}}]},"5":{"type":"branch","line":47,"loc":{"start":{"line":47,"column":25},"end":{"line":47,"column":67}},"locations":[{"start":{"line":47,"column":25},"end":{"line":47,"column":67}}]},"6":{"type":"branch","line":48,"loc":{"start":{"line":48,"column":24},"end":{"line":48,"column":71}},"locations":[{"start":{"line":48,"column":24},"end":{"line":48,"column":71}}]},"7":{"type":"branch","line":83,"loc":{"start":{"line":83,"column":7},"end":{"line":105,"column":1}},"locations":[{"start":{"line":83,"column":7},"end":{"line":105,"column":1}}]},"8":{"type":"branch","line":110,"loc":{"start":{"line":110,"column":7},"end":{"line":116,"column":1}},"locations":[{"start":{"line":110,"column":7},"end":{"line":116,"column":1}}]},"9":{"type":"branch","line":121,"loc":{"start":{"line":121,"column":7},"end":{"line":126,"column":1}},"locations":[{"start":{"line":121,"column":7},"end":{"line":126,"column":1}}]},"10":{"type":"branch","line":123,"loc":{"start":{"line":123,"column":17},"end":{"line":125,"column":3}},"locations":[{"start":{"line":123,"column":17},"end":{"line":125,"column":3}}]}},"b":{"0":[6],"1":[4],"2":[2],"3":[4],"4":[9],"5":[8],"6":[8],"7":[4],"8":[4],"9":[24],"10":[5]},"fnMap":{"0":{"name":"createShadowContainer","decl":{"start":{"line":17,"column":7},"end":{"line":38,"column":1}},"loc":{"start":{"line":17,"column":7},"end":{"line":38,"column":1}},"line":17},"1":{"name":"generateCSSVariables","decl":{"start":{"line":43,"column":7},"end":{"line":78,"column":1}},"loc":{"start":{"line":43,"column":7},"end":{"line":78,"column":1}},"line":43},"2":{"name":"injectBaseStyles","decl":{"start":{"line":83,"column":7},"end":{"line":105,"column":1}},"loc":{"start":{"line":83,"column":7},"end":{"line":105,"column":1}},"line":83},"3":{"name":"createMountPoint","decl":{"start":{"line":110,"column":7},"end":{"line":116,"column":1}},"loc":{"start":{"line":110,"column":7},"end":{"line":116,"column":1}},"line":110},"4":{"name":"cleanupShadowDOM","decl":{"start":{"line":121,"column":7},"end":{"line":126,"column":1}},"loc":{"start":{"line":121,"column":7},"end":{"line":126,"column":1}},"line":121}},"f":{"0":6,"1":9,"2":4,"3":4,"4":24}}
}
