TN:
SF:dist/embed.iife.js
FN:1,(empty-report)
FNF:1
FNH:0
FNDA:0,(empty-report)
DA:1,0
LF:1
LH:0
BRDA:1,0,0,0
BRF:1
BRH:0
end_of_record
TN:
SF:src/app.tsx
FN:1,(empty-report)
FNF:1
FNH:1
FNDA:1,(empty-report)
DA:7,0
DA:8,0
DA:9,0
DA:15,0
DA:17,0
DA:64,0
DA:65,0
DA:66,0
DA:67,0
DA:68,0
DA:69,0
DA:70,0
DA:71,0
DA:77,0
DA:78,0
DA:79,0
DA:80,0
DA:81,0
DA:82,0
DA:83,0
DA:84,0
DA:85,0
DA:87,0
DA:88,0
DA:89,0
DA:95,0
DA:96,0
DA:97,0
DA:98,0
DA:99,0
DA:100,0
DA:101,0
DA:102,0
DA:103,0
DA:106,0
DA:107,0
DA:108,0
DA:109,0
DA:110,0
DA:111,0
DA:113,0
DA:114,0
DA:117,0
DA:118,0
DA:119,0
DA:120,0
DA:121,0
DA:122,0
DA:123,0
DA:124,0
DA:125,0
DA:126,0
DA:128,0
DA:131,0
DA:132,0
DA:133,0
DA:136,0
DA:137,0
DA:138,0
DA:139,0
DA:140,0
DA:141,0
DA:143,0
DA:146,0
DA:147,0
DA:148,0
DA:149,0
DA:150,0
DA:151,0
DA:152,0
DA:153,0
DA:154,0
DA:155,0
DA:156,0
DA:157,0
DA:158,0
DA:159,0
DA:160,0
DA:161,0
DA:162,0
DA:163,0
DA:164,0
DA:165,0
DA:166,0
DA:167,0
DA:168,0
DA:169,0
DA:170,0
DA:171,0
DA:172,0
DA:173,0
DA:174,0
DA:175,0
DA:176,0
DA:177,0
DA:178,0
DA:179,0
DA:181,0
DA:183,0
LF:99
LH:0
BRDA:1,0,0,1
BRF:1
BRH:1
end_of_record
TN:
SF:src/embed.ts
FN:1,(empty-report)
FNF:1
FNH:1
FNDA:1,(empty-report)
DA:11,0
DA:16,0
DA:18,0
DA:19,0
DA:21,0
DA:22,0
DA:23,0
DA:24,0
DA:27,0
DA:28,0
DA:30,0
DA:31,0
DA:32,0
DA:33,0
DA:36,0
DA:37,0
DA:38,0
DA:39,0
DA:42,0
DA:43,0
DA:44,0
DA:46,0
DA:47,0
DA:48,0
DA:50,0
DA:51,0
DA:52,0
DA:54,0
DA:55,0
DA:60,0
DA:63,0
DA:64,0
DA:65,0
DA:66,0
DA:67,0
DA:68,0
DA:69,0
DA:70,0
DA:75,0
DA:76,0
DA:77,0
DA:79,0
DA:80,0
DA:81,0
DA:82,0
DA:83,0
LF:46
LH:0
BRDA:1,0,0,1
BRF:1
BRH:1
end_of_record
TN:
SF:src/index.tsx
FN:1,(empty-report)
FNF:1
FNH:1
FNDA:1,(empty-report)
DA:6,0
DA:7,0
DA:8,0
DA:9,0
DA:16,0
DA:26,0
DA:32,0
DA:33,0
DA:34,0
DA:35,0
DA:36,0
DA:37,0
DA:39,0
DA:40,0
DA:41,0
DA:42,0
DA:44,0
DA:45,0
DA:46,0
DA:47,0
DA:48,0
DA:49,0
DA:50,0
DA:52,0
DA:53,0
DA:54,0
DA:55,0
DA:56,0
DA:57,0
DA:58,0
DA:60,0
DA:61,0
DA:63,0
DA:64,0
DA:69,0
DA:71,0
DA:73,0
DA:74,0
DA:75,0
DA:76,0
DA:79,0
DA:82,0
DA:83,0
DA:86,0
DA:89,0
DA:92,0
DA:93,0
DA:96,0
DA:100,0
DA:102,0
DA:104,0
DA:106,0
DA:107,0
DA:108,0
DA:109,0
DA:110,0
DA:111,0
DA:112,0
DA:113,0
DA:114,0
DA:115,0
DA:117,0
DA:118,0
DA:119,0
DA:120,0
DA:121,0
DA:124,0
DA:125,0
DA:126,0
DA:127,0
DA:128,0
DA:129,0
DA:130,0
DA:131,0
DA:132,0
DA:133,0
DA:134,0
DA:135,0
DA:136,0
DA:137,0
DA:138,0
DA:139,0
DA:140,0
DA:141,0
DA:142,0
DA:143,0
DA:144,0
DA:145,0
DA:146,0
DA:147,0
DA:148,0
DA:149,0
DA:150,0
DA:151,0
DA:152,0
DA:153,0
DA:154,0
DA:155,0
DA:156,0
DA:157,0
DA:158,0
DA:159,0
DA:160,0
DA:161,0
DA:162,0
DA:165,0
DA:166,0
DA:167,0
DA:168,0
DA:169,0
DA:170,0
DA:171,0
DA:172,0
DA:173,0
DA:174,0
DA:175,0
DA:176,0
DA:177,0
DA:178,0
DA:179,0
DA:180,0
DA:181,0
DA:182,0
DA:183,0
DA:184,0
DA:185,0
DA:186,0
DA:187,0
DA:188,0
DA:189,0
DA:190,0
DA:193,0
DA:197,0
DA:200,0
DA:201,0
DA:202,0
DA:203,0
DA:204,0
DA:205,0
DA:206,0
DA:210,0
DA:211,0
DA:212,0
DA:213,0
LF:144
LH:0
BRDA:1,0,0,1
BRF:1
BRH:1
end_of_record
TN:
SF:src/components/ColorChipGroup.tsx
FN:39,ColorChipGroup
FNF:1
FNH:1
FNDA:17,ColorChipGroup
DA:8,1
DA:39,1
DA:40,17
DA:41,17
DA:42,17
DA:43,17
DA:44,17
DA:45,17
DA:46,17
DA:47,63
DA:48,63
DA:49,63
DA:50,63
DA:51,17
DA:53,17
DA:54,17
DA:55,17
DA:56,17
DA:57,17
DA:58,17
DA:59,17
DA:60,17
DA:61,17
DA:62,17
DA:64,17
DA:66,1
LF:26
LH:26
BRDA:39,0,0,17
BRDA:46,1,0,63
BRF:2
BRH:2
end_of_record
TN:
SF:src/components/DualInput.tsx
FN:43,DualInput
FN:57,onChange
FNF:2
FNH:2
FNDA:18,DualInput
FNDA:3,onChange
DA:8,1
DA:43,1
DA:44,18
DA:45,18
DA:46,18
DA:47,18
DA:48,18
DA:49,18
DA:50,18
DA:51,18
DA:52,18
DA:53,18
DA:54,18
DA:55,18
DA:56,18
DA:57,18
DA:58,18
DA:59,18
DA:60,18
DA:61,18
DA:62,18
DA:63,18
DA:64,18
DA:65,18
DA:66,18
DA:67,18
DA:69,18
DA:71,1
LF:28
LH:28
BRDA:43,0,0,18
BRDA:57,1,0,3
BRDA:57,2,0,0
BRF:3
BRH:2
end_of_record
TN:
SF:src/components/FinishSection.tsx
FN:24,FinishSection
FN:56,onChange
FNF:2
FNH:2
FNDA:19,FinishSection
FNDA:3,onChange
DA:8,1
DA:24,1
DA:25,19
DA:26,19
DA:27,19
DA:29,19
DA:31,19
DA:32,19
DA:33,19
DA:34,19
DA:35,19
DA:36,19
DA:38,19
DA:39,19
DA:40,48
DA:41,48
DA:42,48
DA:43,94
DA:44,94
DA:45,94
DA:46,48
DA:49,48
DA:50,48
DA:51,48
DA:52,48
DA:53,48
DA:54,48
DA:55,48
DA:56,48
DA:57,48
DA:58,48
DA:59,48
DA:60,48
DA:62,19
DA:63,19
DA:64,19
DA:66,19
DA:68,1
LF:38
LH:38
BRDA:24,0,0,19
BRDA:29,1,0,48
BRDA:39,2,0,48
BRDA:55,3,0,33
BRDA:42,4,0,94
BRDA:56,5,0,3
BRF:6
BRH:6
end_of_record
TN:
SF:src/components/ImageChipGroup.tsx
FN:39,ImageChipGroup
FNF:1
FNH:1
FNDA:18,ImageChipGroup
DA:8,1
DA:39,1
DA:40,18
DA:41,18
DA:42,18
DA:43,18
DA:44,18
DA:45,18
DA:46,18
DA:47,56
DA:48,56
DA:49,56
DA:50,56
DA:51,18
DA:53,18
DA:54,18
DA:55,18
DA:56,18
DA:57,18
DA:58,18
DA:59,18
DA:60,18
DA:61,18
DA:62,18
DA:64,18
DA:66,1
LF:26
LH:26
BRDA:39,0,0,18
BRDA:46,1,0,56
BRF:2
BRH:2
end_of_record
TN:
SF:src/components/NumberInput.tsx
FN:39,NumberInput
FN:52,onChange
FNF:2
FNH:2
FNDA:24,NumberInput
FNDA:8,onChange
DA:8,1
DA:39,1
DA:40,24
DA:41,24
DA:42,24
DA:43,24
DA:44,24
DA:45,24
DA:46,24
DA:47,24
DA:48,24
DA:49,24
DA:50,24
DA:51,24
DA:52,24
DA:53,24
DA:54,24
DA:55,24
DA:56,24
DA:57,24
DA:58,24
DA:59,24
DA:61,24
DA:63,1
LF:24
LH:24
BRDA:39,0,0,24
BRDA:52,1,0,8
BRDA:52,2,0,0
BRF:3
BRH:2
end_of_record
TN:
SF:src/components/PaperSelect.tsx
FN:27,PaperSelect
FN:45,handleChange
FNF:2
FNH:2
FNDA:23,PaperSelect
FNDA:2,handleChange
DA:8,1
DA:27,1
DA:28,23
DA:29,23
DA:30,23
DA:31,23
DA:32,23
DA:34,23
DA:35,7
DA:36,16
DA:38,23
DA:39,43
DA:40,43
DA:41,43
DA:42,43
DA:43,23
DA:45,23
DA:46,2
DA:47,2
DA:49,23
DA:51,23
DA:52,23
DA:53,23
DA:54,23
DA:55,23
DA:56,23
DA:57,23
DA:58,23
DA:59,23
DA:60,23
DA:61,23
DA:63,23
DA:65,1
LF:33
LH:33
BRDA:27,0,0,23
BRDA:34,1,0,7
BRDA:35,2,0,16
BRDA:49,3,0,4
BRDA:49,4,0,19
BRDA:49,5,0,3
BRDA:49,6,0,16
BRDA:53,7,0,7
BRDA:53,8,0,16
BRDA:56,9,0,6
BRDA:56,10,0,17
BRDA:35,11,0,19
BRDA:38,12,0,43
BRDA:45,13,0,2
BRF:14
BRH:14
end_of_record
TN:
SF:src/components/PriceSummary.tsx
FN:28,PriceSummary
FNF:1
FNH:1
FNDA:17,PriceSummary
DA:8,1
DA:28,1
DA:29,17
DA:30,17
DA:31,17
DA:32,17
DA:33,17
DA:34,17
DA:36,17
DA:37,17
DA:38,17
DA:40,17
DA:41,3
DA:42,3
DA:44,3
DA:46,14
DA:47,14
DA:48,14
DA:49,47
DA:50,47
DA:51,47
DA:52,1
DA:54,47
DA:55,47
DA:56,47
DA:57,47
DA:58,14
DA:59,14
DA:61,14
DA:63,14
DA:64,14
DA:65,14
DA:66,14
DA:68,14
DA:69,14
DA:70,14
DA:71,14
DA:73,14
DA:74,14
DA:75,14
DA:76,14
DA:77,14
DA:78,14
DA:79,14
DA:80,17
DA:81,17
DA:83,17
DA:85,1
LF:48
LH:48
BRDA:28,0,0,17
BRDA:40,1,0,3
BRDA:44,2,0,14
BRDA:48,3,0,47
BRDA:51,4,0,1
BRF:5
BRH:5
end_of_record
TN:
SF:src/components/QuantitySlider.tsx
FN:34,QuantitySlider
FNF:1
FNH:1
FNDA:15,QuantitySlider
DA:8,1
DA:34,1
DA:35,15
DA:36,15
DA:37,15
DA:38,15
DA:40,15
DA:41,44
DA:42,44
DA:43,44
DA:44,31
DA:45,13
DA:46,15
DA:48,15
DA:49,15
DA:50,15
DA:51,15
DA:52,15
DA:53,15
DA:54,15
DA:55,15
DA:56,15
DA:57,15
DA:59,15
DA:61,1
LF:25
LH:25
BRDA:34,0,0,15
BRDA:40,1,0,44
BRDA:43,2,0,31
BRDA:44,3,0,13
BRF:4
BRH:4
end_of_record
TN:
SF:src/components/SizeSelector.tsx
FN:24,SizeSelector
FN:35,handleChange
FNF:2
FNH:2
FNDA:18,SizeSelector
FNDA:5,handleChange
DA:8,1
DA:24,1
DA:25,18
DA:26,18
DA:27,18
DA:28,18
DA:29,18
DA:30,81
DA:31,81
DA:32,81
DA:33,18
DA:35,18
DA:36,5
DA:37,5
DA:39,18
DA:40,18
DA:41,18
DA:42,18
DA:43,18
DA:44,18
DA:45,18
DA:46,18
DA:47,18
DA:48,18
DA:50,18
DA:52,1
LF:26
LH:26
BRDA:24,0,0,18
BRDA:44,1,0,5
BRDA:44,2,0,13
BRDA:29,3,0,81
BRDA:35,4,0,5
BRF:5
BRH:5
end_of_record
TN:
SF:src/components/UploadActions.tsx
FN:36,UploadActions
FNF:1
FNH:1
FNDA:27,UploadActions
DA:8,1
DA:36,1
DA:37,27
DA:38,27
DA:39,27
DA:40,27
DA:41,27
DA:42,27
DA:43,27
DA:44,27
DA:45,27
DA:46,27
DA:47,27
DA:48,19
DA:49,19
DA:50,19
DA:51,19
DA:52,19
DA:53,19
DA:54,19
DA:56,27
DA:57,19
DA:58,19
DA:59,19
DA:60,19
DA:61,19
DA:62,19
DA:63,19
DA:64,27
DA:65,27
DA:67,27
DA:68,27
DA:69,23
DA:70,23
DA:71,23
DA:72,23
DA:73,23
DA:74,23
DA:75,23
DA:77,27
DA:78,4
DA:79,4
DA:80,4
DA:81,4
DA:82,4
DA:83,4
DA:84,4
DA:86,27
DA:87,15
DA:88,15
DA:89,15
DA:90,15
DA:91,15
DA:92,15
DA:93,15
DA:94,27
DA:95,27
DA:96,27
DA:98,27
DA:100,1
LF:60
LH:60
BRDA:36,0,0,27
BRDA:47,1,0,12
BRDA:47,2,0,19
BRDA:56,3,0,12
BRDA:56,4,0,19
BRDA:68,5,0,12
BRDA:68,6,0,8
BRDA:68,7,0,23
BRDA:77,8,0,4
BRDA:86,9,0,15
BRF:10
BRH:10
end_of_record
TN:
SF:src/components/index.ts
FN:1,(empty-report)
FNF:1
FNH:1
FNDA:1,(empty-report)
DA:5,0
DA:6,0
DA:7,0
DA:8,0
DA:9,0
DA:10,0
DA:11,0
DA:12,0
DA:13,0
DA:14,0
LF:10
LH:0
BRDA:1,0,0,1
BRF:1
BRH:1
end_of_record
TN:
SF:src/engine/index.ts
FN:1,(empty-report)
FNF:1
FNH:1
FNDA:1,(empty-report)
DA:5,0
DA:11,0
LF:2
LH:0
BRDA:1,0,0,1
BRF:1
BRH:1
end_of_record
TN:
SF:src/engine/option-engine.ts
FN:1,(empty-report)
FNF:1
FNH:1
FNDA:1,(empty-report)
DA:32,0
DA:33,0
DA:34,0
DA:35,0
DA:37,0
DA:38,0
DA:39,0
DA:40,0
DA:41,0
DA:42,0
DA:43,0
DA:44,0
DA:45,0
DA:50,0
DA:51,0
DA:52,0
DA:53,0
DA:54,0
DA:57,0
DA:58,0
DA:59,0
DA:61,0
DA:63,0
DA:64,0
DA:65,0
DA:67,0
DA:69,0
DA:70,0
DA:72,0
DA:73,0
DA:74,0
DA:76,0
DA:78,0
DA:81,0
DA:82,0
DA:83,0
DA:85,0
DA:87,0
DA:89,0
DA:91,0
DA:92,0
DA:94,0
DA:95,0
DA:96,0
DA:97,0
DA:98,0
DA:100,0
DA:101,0
DA:103,0
DA:104,0
DA:105,0
DA:106,0
DA:107,0
DA:108,0
DA:109,0
DA:110,0
DA:111,0
DA:112,0
DA:114,0
DA:115,0
DA:116,0
DA:117,0
DA:118,0
DA:119,0
DA:120,0
DA:121,0
DA:122,0
DA:123,0
DA:124,0
DA:125,0
DA:126,0
DA:128,0
DA:129,0
DA:130,0
DA:132,0
DA:133,0
DA:134,0
DA:135,0
DA:136,0
DA:137,0
DA:138,0
DA:139,0
DA:140,0
DA:141,0
DA:142,0
DA:143,0
DA:144,0
DA:145,0
DA:146,0
DA:147,0
DA:148,0
DA:149,0
DA:150,0
DA:151,0
DA:152,0
DA:153,0
DA:154,0
DA:157,0
DA:158,0
DA:159,0
DA:160,0
DA:161,0
DA:162,0
DA:163,0
DA:164,0
DA:166,0
DA:167,0
DA:168,0
DA:169,0
DA:170,0
DA:171,0
DA:172,0
DA:177,0
DA:178,0
DA:179,0
DA:180,0
DA:181,0
DA:182,0
DA:187,0
DA:189,0
DA:190,0
DA:191,0
DA:194,0
DA:195,0
DA:200,0
DA:201,0
DA:202,0
DA:203,0
DA:208,0
DA:211,0
DA:212,0
DA:217,0
DA:220,0
DA:221,0
DA:226,0
DA:227,0
DA:229,0
DA:231,0
DA:232,0
DA:233,0
DA:234,0
DA:235,0
DA:236,0
DA:237,0
DA:238,0
DA:239,0
DA:240,0
DA:241,0
DA:242,0
DA:243,0
DA:244,0
DA:245,0
DA:246,0
DA:247,0
DA:248,0
DA:249,0
DA:250,0
DA:251,0
DA:252,0
DA:253,0
DA:254,0
DA:255,0
DA:260,0
DA:261,0
DA:262,0
DA:263,0
DA:264,0
DA:265,0
DA:266,0
LF:169
LH:0
BRDA:1,0,0,1
BRF:1
BRH:1
end_of_record
TN:
SF:src/engine/price-engine.ts
FN:1,(empty-report)
FNF:1
FNH:1
FNDA:1,(empty-report)
DA:43,0
DA:44,0
DA:45,0
DA:47,0
DA:48,0
DA:49,0
DA:50,0
DA:51,0
DA:52,0
DA:53,0
DA:54,0
DA:55,0
DA:60,0
DA:61,0
DA:62,0
DA:65,0
DA:66,0
DA:68,0
DA:69,0
DA:70,0
DA:71,0
DA:72,0
DA:73,0
DA:76,0
DA:77,0
DA:78,0
DA:80,0
DA:81,0
DA:82,0
DA:83,0
DA:84,0
DA:85,0
DA:86,0
DA:87,0
DA:90,0
DA:91,0
DA:94,0
DA:95,0
DA:96,0
DA:97,0
DA:98,0
DA:103,0
DA:104,0
DA:106,0
DA:107,0
DA:108,0
DA:111,0
DA:112,0
DA:113,0
DA:114,0
DA:115,0
DA:116,0
DA:117,0
DA:120,0
DA:121,0
DA:126,0
DA:127,0
DA:128,0
DA:129,0
DA:134,0
DA:135,0
DA:136,0
DA:137,0
DA:138,0
DA:139,0
DA:140,0
DA:141,0
DA:142,0
DA:143,0
DA:144,0
DA:145,0
DA:146,0
DA:147,0
DA:152,0
DA:153,0
DA:154,0
DA:159,0
DA:160,0
DA:161,0
DA:162,0
DA:163,0
DA:164,0
DA:169,0
DA:170,0
DA:171,0
DA:172,0
DA:173,0
DA:174,0
LF:88
LH:0
BRDA:1,0,0,1
BRF:1
BRH:1
end_of_record
TN:
SF:src/primitives/Button.tsx
FN:36,Button
FNF:1
FNH:1
FNDA:115,Button
DA:7,1
DA:36,1
DA:37,115
DA:38,115
DA:39,115
DA:40,115
DA:41,115
DA:42,115
DA:43,115
DA:44,115
DA:45,115
DA:46,115
DA:48,115
DA:49,115
DA:50,115
DA:51,115
DA:52,115
DA:53,115
DA:54,115
DA:56,115
DA:57,115
DA:58,115
DA:59,21
DA:60,21
DA:61,21
DA:62,21
DA:63,21
DA:65,115
DA:66,21
DA:67,21
DA:68,21
DA:69,21
DA:71,115
DA:72,115
DA:74,115
DA:76,1
LF:36
LH:36
BRDA:36,0,0,115
BRDA:51,1,0,81
BRDA:51,2,0,34
BRDA:53,3,0,105
BRDA:56,4,0,9
BRDA:57,5,0,106
BRDA:58,6,0,106
BRDA:58,7,0,21
BRDA:65,8,0,106
BRDA:65,9,0,21
BRF:10
BRH:10
end_of_record
TN:
SF:src/primitives/Collapsible.tsx
FN:29,Collapsible
FNF:1
FNH:1
FNDA:75,Collapsible
DA:8,1
DA:29,1
DA:30,75
DA:31,75
DA:32,75
DA:33,75
DA:34,75
DA:35,75
DA:36,75
DA:38,75
DA:39,24
DA:40,75
DA:42,75
DA:43,75
DA:44,75
DA:45,75
DA:46,75
DA:47,75
DA:48,75
DA:49,75
DA:51,75
DA:52,75
DA:53,25
DA:55,75
DA:56,75
DA:57,75
DA:58,75
DA:59,75
DA:60,32
DA:61,32
DA:62,32
DA:64,32
DA:65,32
DA:66,75
DA:67,75
DA:69,75
DA:71,1
LF:37
LH:37
BRDA:29,0,0,75
BRDA:46,1,0,32
BRDA:46,2,0,43
BRDA:52,3,0,35
BRDA:52,4,0,25
BRDA:56,5,0,32
BRDA:56,6,0,43
BRDA:59,7,0,32
BRDA:38,8,0,24
BRDA:39,9,0,24
BRF:10
BRH:10
end_of_record
TN:
SF:src/primitives/Input.tsx
FN:51,Input
FNF:1
FNH:1
FNDA:75,Input
DA:8,1
DA:9,1
DA:51,1
DA:52,75
DA:53,75
DA:54,75
DA:55,75
DA:56,75
DA:57,75
DA:58,75
DA:59,75
DA:60,75
DA:61,75
DA:62,75
DA:63,75
DA:64,75
DA:65,75
DA:66,75
DA:67,75
DA:68,75
DA:69,75
DA:70,17
DA:71,17
DA:72,17
DA:73,17
DA:74,75
DA:75,75
DA:77,75
DA:78,75
DA:79,10
DA:80,10
DA:81,10
DA:82,6
DA:83,10
DA:84,4
DA:85,4
DA:86,10
DA:87,75
DA:88,75
DA:90,75
DA:91,75
DA:92,4
DA:93,3
DA:94,3
DA:95,3
DA:96,3
DA:97,3
DA:98,4
DA:99,75
DA:100,75
DA:102,75
DA:103,6
DA:104,6
DA:105,75
DA:107,75
DA:108,5
DA:109,5
DA:110,75
DA:112,75
DA:113,75
DA:114,75
DA:115,75
DA:117,75
DA:118,75
DA:119,75
DA:120,75
DA:121,75
DA:122,45
DA:123,45
DA:124,45
DA:125,45
DA:126,45
DA:127,45
DA:128,45
DA:130,45
DA:131,45
DA:132,45
DA:133,45
DA:134,45
DA:135,45
DA:136,45
DA:137,45
DA:138,45
DA:139,45
DA:140,45
DA:141,45
DA:142,45
DA:143,45
DA:144,45
DA:145,45
DA:147,45
DA:148,45
DA:149,45
DA:151,75
DA:152,30
DA:153,30
DA:154,30
DA:155,30
DA:156,30
DA:157,30
DA:158,30
DA:159,30
DA:160,30
DA:161,30
DA:162,30
DA:163,30
DA:164,30
DA:165,30
DA:166,30
DA:167,30
DA:168,30
DA:169,30
DA:170,30
DA:171,30
DA:172,30
DA:173,30
DA:174,30
DA:175,30
DA:176,30
DA:177,30
DA:178,30
DA:179,75
DA:180,75
DA:182,75
DA:184,1
LF:125
LH:125
BRDA:51,0,0,75
BRDA:119,1,0,43
BRDA:121,2,0,45
BRDA:148,3,0,39
BRDA:151,4,0,30
BRDA:171,5,0,0
BRDA:69,6,0,17
BRDA:70,7,0,2
BRDA:70,8,0,2
BRDA:78,9,0,10
BRDA:80,10,0,2
BRDA:81,11,0,6
BRDA:83,12,0,4
BRDA:91,13,0,4
BRDA:92,14,0,3
BRDA:94,15,0,0
BRDA:95,16,0,0
BRDA:95,17,0,0
BRDA:102,18,0,6
BRDA:103,19,0,0
BRDA:107,20,0,5
BRDA:108,21,0,0
BRF:22
BRH:16
end_of_record
TN:
SF:src/primitives/RadioGroup.tsx
FN:47,RadioGroup
FN:93,onChange
FNF:2
FNH:2
FNDA:65,RadioGroup
FNDA:6,onChange
DA:8,1
DA:47,1
DA:48,65
DA:49,65
DA:50,65
DA:51,65
DA:52,65
DA:53,65
DA:54,65
DA:55,65
DA:56,65
DA:57,65
DA:58,65
DA:59,6
DA:60,5
DA:61,5
DA:62,6
DA:63,65
DA:64,65
DA:66,65
DA:67,65
DA:68,65
DA:69,65
DA:71,65
DA:72,65
DA:73,65
DA:74,65
DA:75,65
DA:76,65
DA:77,217
DA:78,217
DA:80,217
DA:81,217
DA:82,217
DA:83,217
DA:84,217
DA:86,217
DA:87,217
DA:88,217
DA:89,217
DA:90,217
DA:91,217
DA:92,217
DA:93,217
DA:94,217
DA:95,217
DA:96,217
DA:97,149
DA:98,149
DA:99,149
DA:100,149
DA:101,149
DA:103,217
DA:104,66
DA:105,66
DA:106,66
DA:107,66
DA:108,66
DA:110,217
DA:111,217
DA:113,65
DA:114,65
DA:115,65
DA:117,65
DA:119,1
LF:65
LH:65
BRDA:47,0,0,65
BRDA:73,1,0,36
BRDA:58,2,0,6
BRDA:59,3,0,5
BRDA:76,4,0,217
BRDA:83,5,0,10
BRDA:83,6,0,207
BRDA:96,7,0,150
BRDA:96,8,0,149
BRDA:103,9,0,67
BRDA:103,10,0,66
BRDA:93,11,0,6
BRF:12
BRH:12
end_of_record
TN:
SF:src/primitives/Select.tsx
FN:47,Select
FN:78,handleClickOutside
FN:128,onClick
FNF:3
FNH:3
FNDA:81,Select
FNDA:1,handleClickOutside
FNDA:5,onClick
DA:8,1
DA:47,1
DA:48,81
DA:49,81
DA:50,81
DA:51,81
DA:52,81
DA:53,81
DA:54,81
DA:55,81
DA:56,81
DA:57,81
DA:58,81
DA:60,81
DA:62,81
DA:63,24
DA:64,81
DA:66,81
DA:67,81
DA:68,5
DA:69,4
DA:70,4
DA:71,4
DA:72,5
DA:73,81
DA:74,81
DA:77,81
DA:78,50
DA:79,1
DA:80,1
DA:81,1
DA:82,1
DA:84,50
DA:85,50
DA:86,81
DA:88,81
DA:89,81
DA:90,81
DA:91,81
DA:92,81
DA:94,81
DA:95,81
DA:96,81
DA:97,81
DA:98,81
DA:99,81
DA:100,81
DA:101,81
DA:102,81
DA:103,81
DA:104,81
DA:106,81
DA:107,5
DA:108,5
DA:109,5
DA:110,5
DA:111,5
DA:113,81
DA:114,81
DA:115,81
DA:116,81
DA:117,81
DA:118,81
DA:119,81
DA:120,81
DA:121,23
DA:122,23
DA:123,54
DA:124,54
DA:125,54
DA:126,54
DA:127,54
DA:128,54
DA:130,54
DA:131,16
DA:132,16
DA:133,16
DA:134,16
DA:135,16
DA:137,54
DA:138,54
DA:139,23
DA:140,23
DA:141,81
DA:142,81
DA:143,81
DA:145,81
DA:147,1
LF:88
LH:88
BRDA:47,0,0,81
BRDA:96,1,0,33
BRDA:101,2,0,23
BRDA:101,3,0,58
BRDA:106,4,0,37
BRDA:106,5,0,7
BRDA:106,6,0,5
BRDA:114,7,0,12
BRDA:114,8,0,69
BRDA:117,9,0,23
BRDA:117,10,0,58
BRDA:120,11,0,23
BRDA:60,12,0,181
BRDA:62,13,0,24
BRDA:63,14,0,24
BRDA:67,15,0,5
BRDA:68,16,0,4
BRDA:77,17,0,50
BRDA:78,18,0,1
BRDA:85,19,0,50
BRDA:122,20,0,54
BRDA:125,21,0,2
BRDA:125,22,0,52
BRDA:130,23,0,16
BRDA:130,24,0,16
BRDA:128,25,0,5
BRF:26
BRH:26
end_of_record
TN:
SF:src/primitives/Slider.tsx
FN:43,Slider
FNF:1
FNH:1
FNDA:38,Slider
DA:8,1
DA:9,1
DA:43,1
DA:44,38
DA:45,38
DA:46,38
DA:47,38
DA:48,38
DA:49,38
DA:50,38
DA:51,38
DA:52,38
DA:53,38
DA:54,38
DA:55,38
DA:57,38
DA:58,38
DA:59,38
DA:60,38
DA:62,38
DA:63,38
DA:64,3
DA:65,3
DA:66,3
DA:67,3
DA:68,3
DA:69,3
DA:70,3
DA:71,38
DA:72,38
DA:74,38
DA:76,38
DA:77,38
DA:78,38
DA:79,38
DA:81,38
DA:82,38
DA:83,38
DA:84,38
DA:85,38
DA:86,38
DA:87,38
DA:88,38
DA:89,38
DA:90,38
DA:91,38
DA:92,38
DA:93,38
DA:94,137
DA:95,137
DA:96,137
DA:98,137
DA:99,137
DA:100,137
DA:101,137
DA:102,129
DA:103,129
DA:104,129
DA:105,137
DA:106,137
DA:107,38
DA:108,38
DA:109,38
DA:110,38
DA:111,38
DA:112,38
DA:113,38
DA:114,38
DA:115,38
DA:116,38
DA:118,38
DA:120,1
LF:72
LH:72
BRDA:43,0,0,38
BRDA:112,1,0,4
BRDA:113,2,0,36
BRDA:53,3,0,37
BRDA:53,4,0,98
BRDA:57,5,0,38
BRDA:59,6,0,36
BRDA:59,7,0,2
BRDA:58,8,0,51
BRDA:63,9,0,3
BRDA:93,10,0,137
BRDA:96,11,0,38
BRDA:96,12,0,99
BRDA:99,13,0,26
BRDA:101,14,0,129
BRF:15
BRH:15
end_of_record
TN:
SF:src/primitives/ToggleGroup.tsx
FN:43,ToggleGroup
FN:83,onClick
FNF:2
FNH:2
FNDA:74,ToggleGroup
FNDA:11,onClick
DA:8,1
DA:43,1
DA:44,74
DA:45,74
DA:46,74
DA:47,74
DA:48,74
DA:49,74
DA:50,74
DA:51,74
DA:52,74
DA:53,74
DA:54,11
DA:55,10
DA:56,10
DA:57,11
DA:58,74
DA:59,74
DA:61,74
DA:62,74
DA:63,74
DA:64,74
DA:65,74
DA:66,74
DA:68,74
DA:69,74
DA:70,74
DA:71,74
DA:72,74
DA:73,74
DA:74,257
DA:75,257
DA:76,257
DA:77,257
DA:78,257
DA:79,257
DA:80,257
DA:81,257
DA:82,257
DA:83,257
DA:85,257
DA:86,257
DA:88,74
DA:89,74
DA:90,74
DA:92,74
DA:94,1
LF:47
LH:47
BRDA:43,0,0,74
BRDA:70,1,0,19
BRDA:53,2,0,11
BRDA:54,3,0,10
BRDA:73,4,0,257
BRDA:79,5,0,39
BRDA:79,6,0,218
BRDA:83,7,0,11
BRF:8
BRH:8
end_of_record
TN:
SF:src/primitives/index.ts
FNF:0
FNH:0
DA:5,1
DA:6,1
DA:7,1
DA:8,1
DA:9,1
DA:10,1
DA:11,1
LF:7
LH:7
BRF:0
BRH:0
end_of_record
TN:
SF:src/screens/AccessoryOption.tsx
FN:1,(empty-report)
FNF:1
FNH:1
FNDA:1,(empty-report)
DA:7,0
DA:12,0
DA:33,0
DA:34,0
DA:35,0
DA:36,0
DA:37,0
DA:38,0
DA:39,0
DA:40,0
DA:41,0
DA:42,0
DA:43,0
DA:44,0
DA:45,0
DA:46,0
DA:47,0
DA:48,0
DA:49,0
DA:50,0
DA:51,0
DA:52,0
DA:54,0
DA:55,0
DA:56,0
DA:57,0
DA:58,0
DA:59,0
DA:60,0
DA:61,0
DA:63,0
DA:64,0
DA:65,0
DA:66,0
DA:67,0
DA:68,0
DA:70,0
DA:71,0
DA:72,0
DA:73,0
DA:74,0
DA:75,0
DA:76,0
DA:77,0
DA:78,0
DA:80,0
DA:82,0
LF:47
LH:0
BRDA:1,0,0,1
BRF:1
BRH:1
end_of_record
TN:
SF:src/screens/PrintOption.tsx
FN:1,(empty-report)
FNF:1
FNH:1
FNDA:1,(empty-report)
DA:8,0
DA:16,0
DA:54,0
DA:55,0
DA:56,0
DA:57,0
DA:58,0
DA:59,0
DA:60,0
DA:61,0
DA:62,0
DA:63,0
DA:64,0
DA:65,0
DA:66,0
DA:67,0
DA:68,0
DA:69,0
DA:70,0
DA:71,0
DA:72,0
DA:73,0
DA:74,0
DA:75,0
DA:76,0
DA:77,0
DA:78,0
DA:79,0
DA:80,0
DA:81,0
DA:82,0
DA:83,0
DA:84,0
DA:85,0
DA:87,0
DA:88,0
DA:89,0
DA:90,0
DA:91,0
DA:93,0
DA:94,0
DA:95,0
DA:96,0
DA:97,0
DA:98,0
DA:100,0
DA:101,0
DA:102,0
DA:103,0
DA:104,0
DA:106,0
DA:107,0
DA:108,0
DA:109,0
DA:110,0
DA:111,0
DA:112,0
DA:113,0
DA:114,0
DA:115,0
DA:117,0
DA:118,0
DA:119,0
DA:120,0
DA:122,0
DA:123,0
DA:124,0
DA:125,0
DA:126,0
DA:127,0
DA:128,0
DA:130,0
DA:131,0
DA:132,0
DA:133,0
DA:135,0
DA:136,0
DA:137,0
DA:138,0
DA:139,0
DA:140,0
DA:141,0
DA:142,0
DA:144,0
DA:145,0
DA:146,0
DA:147,0
DA:149,0
DA:150,0
DA:151,0
DA:152,0
DA:153,0
DA:154,0
DA:155,0
DA:157,0
DA:158,0
DA:159,0
DA:160,0
DA:162,0
DA:163,0
DA:164,0
DA:165,0
DA:166,0
DA:167,0
DA:169,0
DA:170,0
DA:171,0
DA:172,0
DA:173,0
DA:174,0
DA:175,0
DA:176,0
DA:177,0
DA:179,0
DA:181,0
DA:182,0
DA:183,0
DA:184,0
DA:185,0
DA:186,0
DA:187,0
DA:188,0
DA:189,0
DA:190,0
DA:191,0
DA:192,0
DA:193,0
DA:195,0
DA:196,0
DA:198,0
LF:130
LH:0
BRDA:1,0,0,1
BRF:1
BRH:1
end_of_record
TN:
SF:src/screens/ScreenRenderer.tsx
FN:1,(empty-report)
FNF:1
FNH:1
FNDA:1,(empty-report)
DA:7,0
DA:8,0
DA:9,0
DA:24,0
DA:25,0
DA:26,0
DA:27,0
DA:28,0
DA:29,0
DA:30,0
DA:32,0
DA:33,0
DA:35,0
DA:36,0
DA:39,0
DA:40,0
DA:41,0
DA:42,0
DA:43,0
DA:44,0
DA:45,0
DA:46,0
DA:47,0
DA:48,0
DA:49,0
DA:50,0
DA:53,0
DA:54,0
DA:55,0
DA:56,0
DA:57,0
DA:59,0
DA:60,0
DA:65,0
DA:66,0
DA:67,0
DA:68,0
DA:69,0
DA:70,0
DA:71,0
DA:72,0
DA:73,0
DA:74,0
DA:75,0
DA:76,0
DA:77,0
DA:78,0
DA:79,0
DA:80,0
DA:82,0
LF:50
LH:0
BRDA:1,0,0,1
BRF:1
BRH:1
end_of_record
TN:
SF:src/screens/StickerOption.tsx
FN:1,(empty-report)
FNF:1
FNH:1
FNDA:1,(empty-report)
DA:8,0
DA:16,0
DA:50,0
DA:51,0
DA:52,0
DA:53,0
DA:54,0
DA:55,0
DA:56,0
DA:57,0
DA:58,0
DA:59,0
DA:60,0
DA:61,0
DA:62,0
DA:63,0
DA:64,0
DA:65,0
DA:66,0
DA:67,0
DA:68,0
DA:69,0
DA:70,0
DA:71,0
DA:72,0
DA:73,0
DA:74,0
DA:75,0
DA:76,0
DA:77,0
DA:78,0
DA:79,0
DA:80,0
DA:81,0
DA:82,0
DA:83,0
DA:85,0
DA:86,0
DA:87,0
DA:88,0
DA:89,0
DA:91,0
DA:92,0
DA:93,0
DA:94,0
DA:95,0
DA:96,0
DA:98,0
DA:99,0
DA:100,0
DA:101,0
DA:102,0
DA:104,0
DA:105,0
DA:106,0
DA:107,0
DA:108,0
DA:109,0
DA:110,0
DA:112,0
DA:113,0
DA:114,0
DA:115,0
DA:117,0
DA:118,0
DA:119,0
DA:120,0
DA:121,0
DA:122,0
DA:123,0
DA:125,0
DA:126,0
DA:127,0
DA:128,0
DA:130,0
DA:131,0
DA:132,0
DA:133,0
DA:134,0
DA:135,0
DA:136,0
DA:137,0
DA:138,0
DA:139,0
DA:141,0
DA:142,0
DA:143,0
DA:144,0
DA:145,0
DA:147,0
DA:148,0
DA:149,0
DA:150,0
DA:151,0
DA:152,0
DA:153,0
DA:154,0
DA:156,0
DA:157,0
DA:158,0
DA:159,0
DA:161,0
DA:162,0
DA:163,0
DA:164,0
DA:165,0
DA:166,0
DA:168,0
DA:169,0
DA:170,0
DA:171,0
DA:172,0
DA:173,0
DA:174,0
DA:175,0
DA:176,0
DA:178,0
DA:180,0
LF:118
LH:0
BRDA:1,0,0,1
BRF:1
BRH:1
end_of_record
TN:
SF:src/screens/index.ts
FN:1,(empty-report)
FNF:1
FNH:1
FNDA:1,(empty-report)
DA:5,0
DA:6,0
DA:7,0
DA:8,0
LF:4
LH:0
BRDA:1,0,0,1
BRF:1
BRH:1
end_of_record
TN:
SF:src/state/index.ts
FN:1,(empty-report)
FNF:1
FNH:1
FNDA:1,(empty-report)
DA:6,0
DA:18,0
DA:35,0
LF:3
LH:0
BRDA:1,0,0,1
BRF:1
BRH:1
end_of_record
TN:
SF:src/state/price.state.ts
FN:1,(empty-report)
FNF:1
FNH:1
FNDA:1,(empty-report)
DA:6,0
DA:7,0
DA:8,0
DA:10,0
DA:15,0
DA:20,0
DA:21,0
DA:22,0
DA:23,0
DA:24,0
DA:25,0
DA:26,0
DA:31,0
DA:32,0
DA:33,0
DA:34,0
DA:39,0
DA:40,0
DA:41,0
DA:44,0
DA:45,0
DA:46,0
DA:47,0
DA:48,0
DA:51,0
DA:52,0
DA:53,0
DA:55,0
DA:56,0
DA:61,0
DA:62,0
DA:63,0
DA:68,0
DA:69,0
DA:70,0
DA:71,0
DA:72,0
DA:73,0
DA:78,0
DA:79,0
DA:81,0
DA:82,0
DA:83,0
DA:84,0
DA:85,0
DA:86,0
DA:87,0
DA:90,0
DA:91,0
DA:92,0
DA:93,0
DA:94,0
DA:95,0
DA:96,0
DA:97,0
DA:102,0
DA:103,0
DA:104,0
DA:109,0
DA:110,0
DA:113,0
DA:114,0
DA:115,0
DA:116,0
DA:119,0
DA:120,0
DA:121,0
DA:122,0
DA:123,0
DA:124,0
DA:126,0
DA:127,0
DA:128,0
LF:73
LH:0
BRDA:1,0,0,1
BRF:1
BRH:1
end_of_record
TN:
SF:src/state/selections.state.ts
FN:1,(empty-report)
FNF:1
FNH:1
FNDA:1,(empty-report)
DA:6,0
DA:7,0
DA:28,0
DA:29,0
DA:30,0
DA:31,0
DA:32,0
DA:33,0
DA:34,0
DA:35,0
DA:36,0
DA:37,0
DA:38,0
DA:43,0
DA:48,0
DA:49,0
DA:50,0
DA:51,0
DA:52,0
DA:53,0
DA:54,0
DA:55,0
DA:56,0
DA:57,0
DA:58,0
DA:59,0
DA:60,0
DA:61,0
DA:62,0
DA:63,0
DA:64,0
DA:65,0
DA:66,0
DA:67,0
DA:68,0
DA:69,0
DA:70,0
DA:71,0
DA:72,0
DA:73,0
DA:78,0
DA:79,0
DA:80,0
DA:81,0
DA:86,0
DA:87,0
DA:88,0
DA:89,0
DA:90,0
DA:91,0
DA:92,0
DA:94,0
DA:95,0
DA:96,0
DA:97,0
DA:98,0
DA:99,0
DA:100,0
DA:102,0
DA:103,0
DA:104,0
DA:105,0
DA:106,0
DA:107,0
DA:108,0
DA:110,0
DA:111,0
DA:112,0
DA:113,0
DA:114,0
DA:115,0
DA:116,0
DA:118,0
DA:119,0
DA:120,0
DA:121,0
DA:122,0
DA:123,0
DA:124,0
DA:126,0
DA:127,0
DA:128,0
DA:129,0
DA:130,0
DA:131,0
DA:132,0
DA:133,0
DA:134,0
DA:135,0
DA:137,0
DA:138,0
DA:139,0
DA:140,0
DA:141,0
DA:142,0
DA:143,0
DA:144,0
DA:145,0
DA:146,0
DA:147,0
DA:148,0
DA:149,0
DA:150,0
DA:152,0
DA:153,0
DA:154,0
DA:155,0
DA:156,0
DA:157,0
DA:158,0
DA:159,0
DA:160,0
DA:161,0
DA:166,0
DA:167,0
DA:168,0
DA:173,0
DA:174,0
DA:175,0
DA:176,0
DA:177,0
DA:178,0
DA:179,0
DA:180,0
LF:124
LH:0
BRDA:1,0,0,1
BRF:1
BRH:1
end_of_record
TN:
SF:src/state/widget.state.ts
FN:1,(empty-report)
FNF:1
FNH:1
FNDA:1,(empty-report)
DA:6,0
DA:12,0
DA:13,0
DA:14,0
DA:15,0
DA:20,0
DA:21,0
DA:22,0
DA:23,0
DA:24,0
DA:29,0
DA:30,0
DA:31,0
DA:32,0
DA:37,0
DA:38,0
DA:39,0
DA:40,0
DA:45,0
DA:46,0
DA:47,0
DA:52,0
DA:53,0
DA:54,0
DA:55,0
DA:56,0
DA:57,0
DA:58,0
DA:59,0
DA:64,0
DA:65,0
DA:66,0
DA:67,0
DA:68,0
DA:69,0
DA:74,0
DA:75,0
DA:76,0
DA:77,0
DA:78,0
DA:79,0
LF:41
LH:0
BRDA:1,0,0,1
BRF:1
BRH:1
end_of_record
TN:
SF:src/types/index.ts
FNF:0
FNH:0
DA:14,1
LF:1
LH:1
BRF:0
BRH:0
end_of_record
TN:
SF:src/types/option.types.ts
FN:1,(empty-report)
FNF:1
FNH:1
FNDA:1,(empty-report)
LF:0
LH:0
BRDA:1,0,0,1
BRF:1
BRH:1
end_of_record
TN:
SF:src/types/price.types.ts
FN:1,(empty-report)
FNF:1
FNH:1
FNDA:1,(empty-report)
LF:0
LH:0
BRDA:1,0,0,1
BRF:1
BRH:1
end_of_record
TN:
SF:src/types/screen.types.ts
FN:1,(empty-report)
FNF:1
FNH:1
FNDA:1,(empty-report)
LF:0
LH:0
BRDA:1,0,0,1
BRF:1
BRH:1
end_of_record
TN:
SF:src/types/widget.types.ts
FNF:0
FNH:0
DA:94,1
DA:95,1
DA:96,1
DA:97,1
DA:98,1
DA:99,1
DA:100,1
DA:101,1
DA:102,1
DA:103,1
DA:104,1
DA:105,1
DA:106,1
DA:107,1
DA:108,1
DA:109,1
DA:110,1
DA:111,1
DA:112,1
DA:113,1
DA:114,1
DA:115,1
DA:116,1
DA:117,1
DA:118,1
DA:119,1
DA:120,1
DA:121,1
DA:122,1
DA:123,1
DA:124,1
DA:125,1
DA:126,1
DA:127,1
DA:128,1
DA:129,1
DA:130,1
DA:131,1
LF:38
LH:38
BRF:0
BRH:0
end_of_record
TN:
SF:src/utils/events.ts
FN:85,dispatchWidgetEvent
FN:102,loaded
FN:105,optionChanged
FN:108,quoteCalculated
FN:111,addToCart
FN:114,fileUploaded
FN:117,orderSubmitted
FNF:7
FNH:7
FNDA:14,dispatchWidgetEvent
FNDA:1,loaded
FNDA:1,optionChanged
FNDA:1,quoteCalculated
FNDA:1,addToCart
FNDA:1,fileUploaded
FNDA:1,orderSubmitted
DA:85,1
DA:86,14
DA:87,14
DA:88,14
DA:89,14
DA:90,14
DA:91,14
DA:92,14
DA:93,14
DA:95,14
DA:96,14
DA:101,1
DA:102,1
DA:103,1
DA:105,1
DA:106,1
DA:108,1
DA:109,1
DA:111,1
DA:112,1
DA:114,1
DA:115,1
DA:117,1
DA:118,1
DA:119,1
LF:25
LH:25
BRDA:85,0,0,14
BRDA:102,1,0,1
BRDA:105,2,0,1
BRDA:108,3,0,1
BRDA:111,4,0,1
BRDA:114,5,0,1
BRDA:117,6,0,1
BRF:7
BRH:7
end_of_record
TN:
SF:src/utils/formatting.ts
FN:11,formatKRW
FN:20,formatNumber
FN:29,parseNumber
FN:39,calculateVAT
FN:49,formatQuantity
FN:59,formatDimensions
FN:68,formatPercent
FN:79,clamp
FN:89,roundToStep
FNF:9
FNH:9
FNDA:264,formatKRW
FNDA:15,formatNumber
FNDA:12,parseNumber
FNDA:9,calculateVAT
FNDA:7,formatQuantity
FNDA:7,formatDimensions
FNDA:9,formatPercent
FNDA:30,clamp
FNDA:34,roundToStep
DA:11,1
DA:12,264
DA:13,264
DA:20,1
DA:21,15
DA:22,15
DA:29,1
DA:30,12
DA:31,12
DA:32,12
DA:39,1
DA:40,9
DA:41,9
DA:49,1
DA:50,7
DA:51,7
DA:59,1
DA:60,7
DA:61,7
DA:68,1
DA:69,9
DA:70,9
DA:79,1
DA:80,30
DA:81,30
DA:89,1
DA:90,34
DA:91,34
LF:28
LH:28
BRDA:11,0,0,264
BRDA:20,1,0,15
BRDA:29,2,0,12
BRDA:31,3,0,3
BRDA:39,4,0,9
BRDA:49,5,0,7
BRDA:59,6,0,7
BRDA:68,7,0,9
BRDA:79,8,0,30
BRDA:89,9,0,34
BRF:10
BRH:10
end_of_record
TN:
SF:src/utils/index.ts
FN:1,(empty-report)
FNF:1
FNH:1
FNDA:1,(empty-report)
DA:5,0
DA:17,0
DA:26,0
LF:3
LH:0
BRDA:1,0,0,1
BRF:1
BRH:1
end_of_record
TN:
SF:src/utils/shadow-dom.ts
FN:17,createShadowContainer
FN:43,generateCSSVariables
FN:83,injectBaseStyles
FN:110,createMountPoint
FN:121,cleanupShadowDOM
FNF:5
FNH:5
FNDA:6,createShadowContainer
FNDA:9,generateCSSVariables
FNDA:4,injectBaseStyles
FNDA:4,createMountPoint
FNDA:24,cleanupShadowDOM
DA:7,1
DA:12,1
DA:17,1
DA:18,6
DA:19,6
DA:21,6
DA:23,6
DA:24,4
DA:25,4
DA:26,4
DA:27,4
DA:30,6
DA:31,6
DA:32,2
DA:33,6
DA:34,4
DA:35,4
DA:37,6
DA:38,6
DA:43,1
DA:44,9
DA:45,9
DA:46,9
DA:47,9
DA:48,9
DA:50,9
DA:51,9
DA:52,9
DA:53,9
DA:54,9
DA:55,9
DA:56,9
DA:57,9
DA:58,9
DA:59,9
DA:60,9
DA:62,9
DA:63,9
DA:64,9
DA:65,9
DA:66,9
DA:67,9
DA:69,9
DA:71,9
DA:72,9
DA:73,9
DA:75,9
DA:76,9
DA:78,9
DA:83,1
DA:84,4
DA:85,4
DA:101,4
DA:104,4
DA:105,4
DA:110,1
DA:111,4
DA:112,4
DA:113,4
DA:114,4
DA:115,4
DA:116,4
DA:121,1
DA:122,24
DA:123,24
DA:124,5
DA:125,5
DA:126,24
LF:68
LH:68
BRDA:17,0,0,6
BRDA:23,1,0,4
BRDA:31,2,0,2
BRDA:33,3,0,4
BRDA:43,4,0,9
BRDA:47,5,0,8
BRDA:48,6,0,8
BRDA:83,7,0,4
BRDA:110,8,0,4
BRDA:121,9,0,24
BRDA:123,10,0,5
BRF:11
BRH:11
end_of_record
