TN:
SF:dist/embed.iife.js
FN:1,(empty-report)
FNF:1
FNH:0
FNDA:0,(empty-report)
DA:1,0
LF:1
LH:0
BRDA:1,0,0,0
BRF:1
BRH:0
end_of_record
TN:
SF:src/app.tsx
FN:1,(empty-report)
FNF:1
FNH:1
FNDA:1,(empty-report)
DA:7,0
DA:8,0
DA:9,0
DA:14,0
DA:16,0
DA:63,0
DA:64,0
DA:65,0
DA:66,0
DA:67,0
DA:68,0
DA:69,0
DA:70,0
DA:76,0
DA:77,0
DA:78,0
DA:79,0
DA:80,0
DA:81,0
DA:82,0
DA:83,0
DA:84,0
DA:86,0
DA:87,0
DA:88,0
DA:94,0
DA:95,0
DA:96,0
DA:97,0
DA:98,0
DA:99,0
DA:100,0
DA:101,0
DA:102,0
DA:105,0
DA:106,0
DA:107,0
DA:108,0
DA:109,0
DA:110,0
DA:112,0
DA:113,0
DA:116,0
DA:117,0
DA:118,0
DA:119,0
DA:120,0
DA:121,0
DA:122,0
DA:123,0
DA:124,0
DA:125,0
DA:127,0
DA:130,0
DA:131,0
DA:132,0
DA:135,0
DA:136,0
DA:137,0
DA:138,0
DA:139,0
DA:140,0
DA:142,0
DA:145,0
DA:146,0
DA:147,0
DA:148,0
DA:149,0
DA:150,0
DA:151,0
DA:152,0
DA:153,0
DA:154,0
DA:155,0
DA:156,0
DA:157,0
DA:158,0
DA:159,0
DA:160,0
DA:161,0
DA:162,0
DA:163,0
DA:164,0
DA:165,0
DA:166,0
DA:167,0
DA:168,0
DA:169,0
DA:170,0
DA:171,0
DA:172,0
DA:173,0
DA:174,0
DA:175,0
DA:176,0
DA:177,0
DA:178,0
DA:180,0
DA:182,0
LF:99
LH:0
BRDA:1,0,0,1
BRF:1
BRH:1
end_of_record
TN:
SF:src/embed.ts
FN:1,(empty-report)
FNF:1
FNH:1
FNDA:1,(empty-report)
DA:11,0
DA:16,0
DA:18,0
DA:19,0
DA:21,0
DA:22,0
DA:23,0
DA:24,0
DA:27,0
DA:28,0
DA:30,0
DA:31,0
DA:32,0
DA:33,0
DA:36,0
DA:37,0
DA:38,0
DA:39,0
DA:42,0
DA:43,0
DA:44,0
DA:46,0
DA:47,0
DA:48,0
DA:50,0
DA:51,0
DA:52,0
DA:54,0
DA:55,0
DA:60,0
DA:63,0
DA:64,0
DA:65,0
DA:66,0
DA:67,0
DA:68,0
DA:69,0
DA:70,0
DA:75,0
DA:76,0
DA:77,0
DA:79,0
DA:80,0
DA:81,0
DA:82,0
DA:83,0
LF:46
LH:0
BRDA:1,0,0,1
BRF:1
BRH:1
end_of_record
TN:
SF:src/index.tsx
FN:1,(empty-report)
FNF:1
FNH:1
FNDA:1,(empty-report)
DA:6,0
DA:7,0
DA:8,0
DA:9,0
DA:16,0
DA:26,0
DA:32,0
DA:33,0
DA:34,0
DA:35,0
DA:36,0
DA:37,0
DA:39,0
DA:40,0
DA:41,0
DA:42,0
DA:44,0
DA:45,0
DA:46,0
DA:47,0
DA:48,0
DA:49,0
DA:50,0
DA:52,0
DA:53,0
DA:54,0
DA:55,0
DA:56,0
DA:57,0
DA:58,0
DA:60,0
DA:61,0
DA:63,0
DA:64,0
DA:69,0
DA:71,0
DA:73,0
DA:74,0
DA:75,0
DA:76,0
DA:79,0
DA:82,0
DA:83,0
DA:86,0
DA:89,0
DA:92,0
DA:93,0
DA:96,0
DA:100,0
DA:102,0
DA:104,0
DA:106,0
DA:107,0
DA:108,0
DA:109,0
DA:110,0
DA:111,0
DA:112,0
DA:113,0
DA:114,0
DA:115,0
DA:117,0
DA:118,0
DA:119,0
DA:120,0
DA:121,0
DA:124,0
DA:125,0
DA:126,0
DA:127,0
DA:128,0
DA:129,0
DA:130,0
DA:131,0
DA:132,0
DA:133,0
DA:134,0
DA:135,0
DA:136,0
DA:137,0
DA:138,0
DA:139,0
DA:140,0
DA:141,0
DA:142,0
DA:143,0
DA:144,0
DA:145,0
DA:146,0
DA:147,0
DA:148,0
DA:149,0
DA:150,0
DA:151,0
DA:152,0
DA:153,0
DA:154,0
DA:155,0
DA:156,0
DA:157,0
DA:158,0
DA:159,0
DA:160,0
DA:161,0
DA:162,0
DA:165,0
DA:166,0
DA:167,0
DA:168,0
DA:169,0
DA:170,0
DA:171,0
DA:172,0
DA:173,0
DA:174,0
DA:175,0
DA:176,0
DA:177,0
DA:178,0
DA:179,0
DA:180,0
DA:181,0
DA:182,0
DA:183,0
DA:184,0
DA:185,0
DA:186,0
DA:187,0
DA:188,0
DA:189,0
DA:190,0
DA:193,0
DA:197,0
DA:200,0
DA:201,0
DA:202,0
DA:203,0
DA:204,0
DA:205,0
DA:206,0
DA:210,0
DA:211,0
DA:212,0
DA:213,0
LF:144
LH:0
BRDA:1,0,0,1
BRF:1
BRH:1
end_of_record
TN:
SF:src/components/ColorChipGroup.tsx
FN:39,ColorChipGroup
FNF:1
FNH:1
FNDA:17,ColorChipGroup
DA:8,1
DA:39,1
DA:40,17
DA:41,17
DA:42,17
DA:43,17
DA:44,17
DA:45,17
DA:46,17
DA:47,63
DA:48,63
DA:49,63
DA:50,63
DA:51,17
DA:53,17
DA:54,17
DA:55,17
DA:56,17
DA:57,17
DA:58,17
DA:59,17
DA:60,17
DA:61,17
DA:62,17
DA:64,17
DA:66,1
LF:26
LH:26
BRDA:39,0,0,17
BRDA:46,1,0,63
BRF:2
BRH:2
end_of_record
TN:
SF:src/components/DualInput.tsx
FN:43,DualInput
FN:57,onChange
FNF:2
FNH:2
FNDA:18,DualInput
FNDA:3,onChange
DA:8,1
DA:43,1
DA:44,18
DA:45,18
DA:46,18
DA:47,18
DA:48,18
DA:49,18
DA:50,18
DA:51,18
DA:52,18
DA:53,18
DA:54,18
DA:55,18
DA:56,18
DA:57,18
DA:58,18
DA:59,18
DA:60,18
DA:61,18
DA:62,18
DA:63,18
DA:64,18
DA:65,18
DA:66,18
DA:67,18
DA:69,18
DA:71,1
LF:28
LH:28
BRDA:43,0,0,18
BRDA:57,1,0,3
BRDA:57,2,0,0
BRF:3
BRH:2
end_of_record
TN:
SF:src/components/FinishSection.tsx
FN:24,FinishSection
FN:56,onChange
FNF:2
FNH:2
FNDA:19,FinishSection
FNDA:3,onChange
DA:8,1
DA:24,1
DA:25,19
DA:26,19
DA:27,19
DA:29,19
DA:31,19
DA:32,19
DA:33,19
DA:34,19
DA:35,19
DA:36,19
DA:38,19
DA:39,19
DA:40,48
DA:41,48
DA:42,48
DA:43,94
DA:44,94
DA:45,94
DA:46,48
DA:49,48
DA:50,48
DA:51,48
DA:52,48
DA:53,48
DA:54,48
DA:55,48
DA:56,48
DA:57,48
DA:58,48
DA:59,48
DA:60,48
DA:62,19
DA:63,19
DA:64,19
DA:66,19
DA:68,1
LF:38
LH:38
BRDA:24,0,0,19
BRDA:29,1,0,48
BRDA:39,2,0,48
BRDA:55,3,0,33
BRDA:42,4,0,94
BRDA:56,5,0,3
BRF:6
BRH:6
end_of_record
TN:
SF:src/components/ImageChipGroup.tsx
FN:39,ImageChipGroup
FNF:1
FNH:1
FNDA:18,ImageChipGroup
DA:8,1
DA:39,1
DA:40,18
DA:41,18
DA:42,18
DA:43,18
DA:44,18
DA:45,18
DA:46,18
DA:47,56
DA:48,56
DA:49,56
DA:50,56
DA:51,18
DA:53,18
DA:54,18
DA:55,18
DA:56,18
DA:57,18
DA:58,18
DA:59,18
DA:60,18
DA:61,18
DA:62,18
DA:64,18
DA:66,1
LF:26
LH:26
BRDA:39,0,0,18
BRDA:46,1,0,56
BRF:2
BRH:2
end_of_record
TN:
SF:src/components/NumberInput.tsx
FN:39,NumberInput
FN:52,onChange
FNF:2
FNH:2
FNDA:24,NumberInput
FNDA:8,onChange
DA:8,1
DA:39,1
DA:40,24
DA:41,24
DA:42,24
DA:43,24
DA:44,24
DA:45,24
DA:46,24
DA:47,24
DA:48,24
DA:49,24
DA:50,24
DA:51,24
DA:52,24
DA:53,24
DA:54,24
DA:55,24
DA:56,24
DA:57,24
DA:58,24
DA:59,24
DA:61,24
DA:63,1
LF:24
LH:24
BRDA:39,0,0,24
BRDA:52,1,0,8
BRDA:52,2,0,0
BRF:3
BRH:2
end_of_record
TN:
SF:src/components/PaperSelect.tsx
FN:27,PaperSelect
FN:45,handleChange
FNF:2
FNH:2
FNDA:23,PaperSelect
FNDA:2,handleChange
DA:8,1
DA:27,1
DA:28,23
DA:29,23
DA:30,23
DA:31,23
DA:32,23
DA:34,23
DA:35,7
DA:36,16
DA:38,23
DA:39,43
DA:40,43
DA:41,43
DA:42,43
DA:43,23
DA:45,23
DA:46,2
DA:47,2
DA:49,23
DA:51,23
DA:52,23
DA:53,23
DA:54,23
DA:55,23
DA:56,23
DA:57,23
DA:58,23
DA:59,23
DA:60,23
DA:61,23
DA:63,23
DA:65,1
LF:33
LH:33
BRDA:27,0,0,23
BRDA:34,1,0,7
BRDA:35,2,0,16
BRDA:49,3,0,4
BRDA:49,4,0,19
BRDA:49,5,0,3
BRDA:49,6,0,16
BRDA:53,7,0,7
BRDA:53,8,0,16
BRDA:56,9,0,6
BRDA:56,10,0,17
BRDA:35,11,0,19
BRDA:38,12,0,43
BRDA:45,13,0,2
BRF:14
BRH:14
end_of_record
TN:
SF:src/components/PriceSummary.tsx
FN:28,PriceSummary
FNF:1
FNH:1
FNDA:17,PriceSummary
DA:8,1
DA:28,1
DA:29,17
DA:30,17
DA:31,17
DA:32,17
DA:33,17
DA:34,17
DA:36,17
DA:37,17
DA:38,17
DA:40,17
DA:41,3
DA:42,3
DA:44,3
DA:46,14
DA:47,14
DA:48,14
DA:49,47
DA:50,47
DA:51,47
DA:52,1
DA:54,47
DA:55,47
DA:56,47
DA:57,47
DA:58,14
DA:59,14
DA:61,14
DA:63,14
DA:64,14
DA:65,14
DA:66,14
DA:68,14
DA:69,14
DA:70,14
DA:71,14
DA:73,14
DA:74,14
DA:75,14
DA:76,14
DA:77,14
DA:78,14
DA:79,14
DA:80,17
DA:81,17
DA:83,17
DA:85,1
LF:48
LH:48
BRDA:28,0,0,17
BRDA:40,1,0,3
BRDA:44,2,0,14
BRDA:48,3,0,47
BRDA:51,4,0,1
BRF:5
BRH:5
end_of_record
TN:
SF:src/components/QuantitySlider.tsx
FN:34,QuantitySlider
FNF:1
FNH:1
FNDA:15,QuantitySlider
DA:8,1
DA:34,1
DA:35,15
DA:36,15
DA:37,15
DA:38,15
DA:40,15
DA:41,44
DA:42,44
DA:43,44
DA:44,43
DA:45,1
DA:46,15
DA:48,15
DA:49,15
DA:50,15
DA:51,15
DA:52,15
DA:53,15
DA:54,15
DA:55,15
DA:56,15
DA:57,15
DA:59,15
DA:61,1
LF:25
LH:25
BRDA:34,0,0,15
BRDA:40,1,0,44
BRDA:43,2,0,43
BRDA:44,3,0,1
BRF:4
BRH:4
end_of_record
TN:
SF:src/components/SizeSelector.tsx
FN:24,SizeSelector
FN:35,handleChange
FNF:2
FNH:2
FNDA:18,SizeSelector
FNDA:5,handleChange
DA:8,1
DA:24,1
DA:25,18
DA:26,18
DA:27,18
DA:28,18
DA:29,18
DA:30,81
DA:31,81
DA:32,81
DA:33,18
DA:35,18
DA:36,5
DA:37,5
DA:39,18
DA:40,18
DA:41,18
DA:42,18
DA:43,18
DA:44,18
DA:45,18
DA:46,18
DA:47,18
DA:48,18
DA:50,18
DA:52,1
LF:26
LH:26
BRDA:24,0,0,18
BRDA:44,1,0,5
BRDA:44,2,0,13
BRDA:29,3,0,81
BRDA:35,4,0,5
BRF:5
BRH:5
end_of_record
TN:
SF:src/components/UploadActions.tsx
FN:36,UploadActions
FNF:1
FNH:1
FNDA:27,UploadActions
DA:8,1
DA:36,1
DA:37,27
DA:38,27
DA:39,27
DA:40,27
DA:41,27
DA:42,27
DA:43,27
DA:44,27
DA:45,27
DA:46,27
DA:47,27
DA:48,19
DA:49,19
DA:50,19
DA:51,19
DA:52,19
DA:53,19
DA:54,19
DA:56,27
DA:57,19
DA:58,19
DA:59,19
DA:60,19
DA:61,19
DA:62,19
DA:63,19
DA:64,27
DA:65,27
DA:67,27
DA:68,27
DA:69,23
DA:70,23
DA:71,23
DA:72,23
DA:73,23
DA:74,23
DA:75,23
DA:77,27
DA:78,4
DA:79,4
DA:80,4
DA:81,4
DA:82,4
DA:83,4
DA:84,4
DA:86,27
DA:87,15
DA:88,15
DA:89,15
DA:90,15
DA:91,15
DA:92,15
DA:93,15
DA:94,27
DA:95,27
DA:96,27
DA:98,27
DA:100,1
LF:60
LH:60
BRDA:36,0,0,27
BRDA:47,1,0,12
BRDA:47,2,0,19
BRDA:56,3,0,12
BRDA:56,4,0,19
BRDA:68,5,0,12
BRDA:68,6,0,8
BRDA:68,7,0,23
BRDA:77,8,0,4
BRDA:86,9,0,15
BRF:10
BRH:10
end_of_record
TN:
SF:src/components/index.ts
FN:1,(empty-report)
FNF:1
FNH:1
FNDA:1,(empty-report)
DA:5,0
DA:6,0
DA:7,0
DA:8,0
DA:9,0
DA:10,0
DA:11,0
DA:12,0
DA:13,0
DA:14,0
LF:10
LH:0
BRDA:1,0,0,1
BRF:1
BRH:1
end_of_record
TN:
SF:src/engine/index.ts
FN:1,(empty-report)
FNF:1
FNH:1
FNDA:1,(empty-report)
DA:5,0
DA:11,0
LF:2
LH:0
BRDA:1,0,0,1
BRF:1
BRH:1
end_of_record
TN:
SF:src/engine/option-engine.ts
FN:1,(empty-report)
FNF:1
FNH:1
FNDA:1,(empty-report)
DA:32,0
DA:33,0
DA:34,0
DA:35,0
DA:37,0
DA:38,0
DA:39,0
DA:40,0
DA:41,0
DA:42,0
DA:43,0
DA:44,0
DA:45,0
DA:53,0
DA:54,0
DA:55,0
DA:56,0
DA:57,0
DA:60,0
DA:61,0
DA:62,0
DA:64,0
DA:66,0
DA:67,0
DA:68,0
DA:70,0
DA:72,0
DA:73,0
DA:75,0
DA:76,0
DA:77,0
DA:79,0
DA:81,0
DA:84,0
DA:85,0
DA:86,0
DA:88,0
DA:90,0
DA:92,0
DA:94,0
DA:95,0
DA:97,0
DA:98,0
DA:99,0
DA:100,0
DA:101,0
DA:103,0
DA:104,0
DA:106,0
DA:107,0
DA:108,0
DA:109,0
DA:110,0
DA:111,0
DA:112,0
DA:113,0
DA:114,0
DA:115,0
DA:117,0
DA:118,0
DA:119,0
DA:120,0
DA:121,0
DA:122,0
DA:123,0
DA:124,0
DA:125,0
DA:126,0
DA:127,0
DA:128,0
DA:129,0
DA:131,0
DA:132,0
DA:133,0
DA:135,0
DA:136,0
DA:137,0
DA:138,0
DA:139,0
DA:140,0
DA:141,0
DA:142,0
DA:143,0
DA:144,0
DA:145,0
DA:146,0
DA:147,0
DA:148,0
DA:149,0
DA:150,0
DA:151,0
DA:152,0
DA:153,0
DA:154,0
DA:155,0
DA:156,0
DA:157,0
DA:160,0
DA:161,0
DA:162,0
DA:163,0
DA:164,0
DA:165,0
DA:166,0
DA:167,0
DA:169,0
DA:170,0
DA:171,0
DA:172,0
DA:173,0
DA:174,0
DA:175,0
DA:180,0
DA:181,0
DA:182,0
DA:183,0
DA:184,0
DA:185,0
DA:190,0
DA:192,0
DA:193,0
DA:194,0
DA:197,0
DA:198,0
DA:203,0
DA:204,0
DA:205,0
DA:206,0
DA:211,0
DA:214,0
DA:215,0
DA:220,0
DA:223,0
DA:224,0
DA:229,0
DA:230,0
DA:232,0
DA:234,0
DA:235,0
DA:236,0
DA:237,0
DA:238,0
DA:239,0
DA:240,0
DA:241,0
DA:242,0
DA:243,0
DA:244,0
DA:245,0
DA:246,0
DA:247,0
DA:248,0
DA:249,0
DA:250,0
DA:251,0
DA:252,0
DA:253,0
DA:254,0
DA:255,0
DA:256,0
DA:257,0
DA:258,0
DA:263,0
DA:264,0
DA:265,0
DA:266,0
DA:267,0
DA:268,0
DA:269,0
LF:169
LH:0
BRDA:1,0,0,1
BRF:1
BRH:1
end_of_record
TN:
SF:src/engine/price-engine.ts
FN:1,(empty-report)
FNF:1
FNH:1
FNDA:1,(empty-report)
DA:43,0
DA:44,0
DA:45,0
DA:47,0
DA:48,0
DA:49,0
DA:50,0
DA:51,0
DA:52,0
DA:53,0
DA:54,0
DA:55,0
DA:63,0
DA:64,0
DA:65,0
DA:68,0
DA:69,0
DA:71,0
DA:72,0
DA:73,0
DA:74,0
DA:75,0
DA:76,0
DA:79,0
DA:80,0
DA:81,0
DA:83,0
DA:84,0
DA:85,0
DA:86,0
DA:87,0
DA:88,0
DA:89,0
DA:90,0
DA:93,0
DA:94,0
DA:97,0
DA:98,0
DA:99,0
DA:100,0
DA:101,0
DA:106,0
DA:107,0
DA:109,0
DA:110,0
DA:111,0
DA:114,0
DA:115,0
DA:116,0
DA:117,0
DA:118,0
DA:119,0
DA:120,0
DA:123,0
DA:124,0
DA:129,0
DA:130,0
DA:131,0
DA:132,0
DA:137,0
DA:138,0
DA:139,0
DA:140,0
DA:141,0
DA:142,0
DA:143,0
DA:144,0
DA:145,0
DA:146,0
DA:147,0
DA:148,0
DA:149,0
DA:150,0
DA:155,0
DA:156,0
DA:157,0
DA:162,0
DA:163,0
DA:164,0
DA:165,0
DA:166,0
DA:167,0
DA:172,0
DA:173,0
DA:174,0
DA:175,0
DA:176,0
DA:177,0
LF:88
LH:0
BRDA:1,0,0,1
BRF:1
BRH:1
end_of_record
TN:
SF:src/primitives/Button.tsx
FN:36,Button
FNF:1
FNH:1
FNDA:115,Button
DA:7,1
DA:36,1
DA:37,115
DA:38,115
DA:39,115
DA:40,115
DA:41,115
DA:42,115
DA:43,115
DA:44,115
DA:45,115
DA:46,115
DA:48,115
DA:49,115
DA:50,115
DA:51,115
DA:52,115
DA:53,115
DA:54,115
DA:56,115
DA:57,115
DA:58,115
DA:59,21
DA:60,21
DA:61,21
DA:62,21
DA:63,21
DA:65,115
DA:66,21
DA:67,21
DA:68,21
DA:69,21
DA:71,115
DA:72,115
DA:74,115
DA:76,1
LF:36
LH:36
BRDA:36,0,0,115
BRDA:51,1,0,81
BRDA:51,2,0,34
BRDA:53,3,0,105
BRDA:56,4,0,9
BRDA:57,5,0,106
BRDA:58,6,0,106
BRDA:58,7,0,21
BRDA:65,8,0,106
BRDA:65,9,0,21
BRF:10
BRH:10
end_of_record
TN:
SF:src/primitives/Collapsible.tsx
FN:29,Collapsible
FNF:1
FNH:1
FNDA:75,Collapsible
DA:8,1
DA:29,1
DA:30,75
DA:31,75
DA:32,75
DA:33,75
DA:34,75
DA:35,75
DA:36,75
DA:38,75
DA:39,24
DA:40,75
DA:42,75
DA:43,75
DA:44,75
DA:45,75
DA:46,75
DA:47,75
DA:48,75
DA:49,75
DA:51,75
DA:52,75
DA:53,25
DA:55,75
DA:56,75
DA:57,75
DA:58,75
DA:59,75
DA:60,32
DA:61,32
DA:62,32
DA:64,32
DA:65,32
DA:66,75
DA:67,75
DA:69,75
DA:71,1
LF:37
LH:37
BRDA:29,0,0,75
BRDA:46,1,0,32
BRDA:46,2,0,43
BRDA:52,3,0,35
BRDA:52,4,0,25
BRDA:56,5,0,32
BRDA:56,6,0,43
BRDA:59,7,0,32
BRDA:38,8,0,24
BRDA:39,9,0,24
BRF:10
BRH:10
end_of_record
TN:
SF:src/primitives/Input.tsx
FN:51,Input
FNF:1
FNH:1
FNDA:75,Input
DA:8,1
DA:9,1
DA:51,1
DA:52,75
DA:53,75
DA:54,75
DA:55,75
DA:56,75
DA:57,75
DA:58,75
DA:59,75
DA:60,75
DA:61,75
DA:62,75
DA:63,75
DA:64,75
DA:65,75
DA:66,75
DA:67,75
DA:68,75
DA:69,75
DA:70,17
DA:71,17
DA:72,17
DA:73,17
DA:74,75
DA:75,75
DA:77,75
DA:78,75
DA:79,10
DA:80,10
DA:81,10
DA:82,6
DA:83,10
DA:84,4
DA:85,4
DA:86,10
DA:87,75
DA:88,75
DA:90,75
DA:91,75
DA:92,4
DA:93,3
DA:94,3
DA:95,3
DA:96,3
DA:97,3
DA:98,4
DA:99,75
DA:100,75
DA:102,75
DA:103,6
DA:104,6
DA:105,75
DA:107,75
DA:108,5
DA:109,5
DA:110,75
DA:112,75
DA:113,75
DA:114,75
DA:115,75
DA:117,75
DA:118,75
DA:119,75
DA:120,75
DA:121,75
DA:122,45
DA:123,45
DA:124,45
DA:125,45
DA:126,45
DA:127,45
DA:128,45
DA:130,45
DA:131,45
DA:132,45
DA:133,45
DA:134,45
DA:135,45
DA:136,45
DA:137,45
DA:138,45
DA:139,45
DA:140,45
DA:141,45
DA:142,45
DA:143,45
DA:144,45
DA:145,45
DA:147,45
DA:148,45
DA:149,45
DA:151,75
DA:152,30
DA:153,30
DA:154,30
DA:155,30
DA:156,30
DA:157,30
DA:158,30
DA:159,30
DA:160,30
DA:161,30
DA:162,30
DA:163,30
DA:164,30
DA:165,30
DA:166,30
DA:167,30
DA:168,30
DA:169,30
DA:170,30
DA:171,30
DA:172,30
DA:173,30
DA:174,30
DA:175,30
DA:176,30
DA:177,30
DA:178,30
DA:179,75
DA:180,75
DA:182,75
DA:184,1
LF:125
LH:125
BRDA:51,0,0,75
BRDA:119,1,0,43
BRDA:121,2,0,45
BRDA:148,3,0,39
BRDA:151,4,0,30
BRDA:171,5,0,0
BRDA:69,6,0,17
BRDA:70,7,0,2
BRDA:70,8,0,2
BRDA:78,9,0,10
BRDA:80,10,0,2
BRDA:81,11,0,6
BRDA:83,12,0,4
BRDA:91,13,0,4
BRDA:92,14,0,3
BRDA:94,15,0,0
BRDA:95,16,0,0
BRDA:95,17,0,0
BRDA:102,18,0,6
BRDA:103,19,0,0
BRDA:107,20,0,5
BRDA:108,21,0,0
BRF:22
BRH:16
end_of_record
TN:
SF:src/primitives/RadioGroup.tsx
FN:47,RadioGroup
FN:93,onChange
FNF:2
FNH:2
FNDA:65,RadioGroup
FNDA:6,onChange
DA:8,1
DA:47,1
DA:48,65
DA:49,65
DA:50,65
DA:51,65
DA:52,65
DA:53,65
DA:54,65
DA:55,65
DA:56,65
DA:57,65
DA:58,65
DA:59,6
DA:60,5
DA:61,5
DA:62,6
DA:63,65
DA:64,65
DA:66,65
DA:67,65
DA:68,65
DA:69,65
DA:71,65
DA:72,65
DA:73,65
DA:74,65
DA:75,65
DA:76,65
DA:77,217
DA:78,217
DA:80,217
DA:81,217
DA:82,217
DA:83,217
DA:84,217
DA:86,217
DA:87,217
DA:88,217
DA:89,217
DA:90,217
DA:91,217
DA:92,217
DA:93,217
DA:94,217
DA:95,217
DA:96,217
DA:97,149
DA:98,149
DA:99,149
DA:100,149
DA:101,149
DA:103,217
DA:104,66
DA:105,66
DA:106,66
DA:107,66
DA:108,66
DA:110,217
DA:111,217
DA:113,65
DA:114,65
DA:115,65
DA:117,65
DA:119,1
LF:65
LH:65
BRDA:47,0,0,65
BRDA:73,1,0,36
BRDA:58,2,0,6
BRDA:59,3,0,5
BRDA:76,4,0,217
BRDA:83,5,0,10
BRDA:83,6,0,207
BRDA:96,7,0,150
BRDA:96,8,0,149
BRDA:103,9,0,67
BRDA:103,10,0,66
BRDA:93,11,0,6
BRF:12
BRH:12
end_of_record
TN:
SF:src/primitives/Select.tsx
FN:47,Select
FN:78,handleClickOutside
FN:128,onClick
FNF:3
FNH:3
FNDA:81,Select
FNDA:1,handleClickOutside
FNDA:5,onClick
DA:8,1
DA:47,1
DA:48,81
DA:49,81
DA:50,81
DA:51,81
DA:52,81
DA:53,81
DA:54,81
DA:55,81
DA:56,81
DA:57,81
DA:58,81
DA:60,81
DA:62,81
DA:63,24
DA:64,81
DA:66,81
DA:67,81
DA:68,5
DA:69,4
DA:70,4
DA:71,4
DA:72,5
DA:73,81
DA:74,81
DA:77,81
DA:78,50
DA:79,1
DA:80,1
DA:81,1
DA:82,1
DA:84,50
DA:85,50
DA:86,81
DA:88,81
DA:89,81
DA:90,81
DA:91,81
DA:92,81
DA:94,81
DA:95,81
DA:96,81
DA:97,81
DA:98,81
DA:99,81
DA:100,81
DA:101,81
DA:102,81
DA:103,81
DA:104,81
DA:106,81
DA:107,5
DA:108,5
DA:109,5
DA:110,5
DA:111,5
DA:113,81
DA:114,81
DA:115,81
DA:116,81
DA:117,81
DA:118,81
DA:119,81
DA:120,81
DA:121,23
DA:122,23
DA:123,54
DA:124,54
DA:125,54
DA:126,54
DA:127,54
DA:128,54
DA:130,54
DA:131,16
DA:132,16
DA:133,16
DA:134,16
DA:135,16
DA:137,54
DA:138,54
DA:139,23
DA:140,23
DA:141,81
DA:142,81
DA:143,81
DA:145,81
DA:147,1
LF:88
LH:88
BRDA:47,0,0,81
BRDA:96,1,0,33
BRDA:101,2,0,23
BRDA:101,3,0,58
BRDA:106,4,0,37
BRDA:106,5,0,7
BRDA:106,6,0,5
BRDA:114,7,0,12
BRDA:114,8,0,69
BRDA:117,9,0,23
BRDA:117,10,0,58
BRDA:120,11,0,23
BRDA:60,12,0,181
BRDA:62,13,0,24
BRDA:63,14,0,24
BRDA:67,15,0,5
BRDA:68,16,0,4
BRDA:77,17,0,50
BRDA:78,18,0,1
BRDA:85,19,0,50
BRDA:122,20,0,54
BRDA:125,21,0,2
BRDA:125,22,0,52
BRDA:130,23,0,16
BRDA:130,24,0,16
BRDA:128,25,0,5
BRF:26
BRH:26
end_of_record
TN:
SF:src/primitives/Slider.tsx
FN:43,Slider
FNF:1
FNH:1
FNDA:38,Slider
DA:8,1
DA:9,1
DA:43,1
DA:44,38
DA:45,38
DA:46,38
DA:47,38
DA:48,38
DA:49,38
DA:50,38
DA:51,38
DA:52,38
DA:53,38
DA:54,38
DA:55,38
DA:57,38
DA:58,38
DA:59,38
DA:60,38
DA:62,38
DA:63,38
DA:64,3
DA:65,3
DA:66,3
DA:67,3
DA:68,3
DA:69,3
DA:70,3
DA:71,38
DA:72,38
DA:74,38
DA:76,38
DA:77,38
DA:78,38
DA:79,38
DA:81,38
DA:82,38
DA:83,38
DA:84,38
DA:85,38
DA:86,38
DA:87,38
DA:88,38
DA:89,38
DA:90,38
DA:91,38
DA:92,38
DA:93,38
DA:94,137
DA:95,137
DA:96,137
DA:98,137
DA:99,137
DA:100,137
DA:101,137
DA:102,129
DA:103,129
DA:104,129
DA:105,137
DA:106,137
DA:107,38
DA:108,38
DA:109,38
DA:110,38
DA:111,38
DA:112,38
DA:113,38
DA:114,38
DA:115,38
DA:116,38
DA:118,38
DA:120,1
LF:72
LH:72
BRDA:43,0,0,38
BRDA:112,1,0,4
BRDA:113,2,0,36
BRDA:53,3,0,37
BRDA:53,4,0,98
BRDA:57,5,0,38
BRDA:59,6,0,36
BRDA:59,7,0,2
BRDA:58,8,0,51
BRDA:63,9,0,3
BRDA:93,10,0,137
BRDA:96,11,0,38
BRDA:96,12,0,99
BRDA:99,13,0,26
BRDA:101,14,0,129
BRF:15
BRH:15
end_of_record
TN:
SF:src/primitives/ToggleGroup.tsx
FN:43,ToggleGroup
FN:83,onClick
FNF:2
FNH:2
FNDA:74,ToggleGroup
FNDA:11,onClick
DA:8,1
DA:43,1
DA:44,74
DA:45,74
DA:46,74
DA:47,74
DA:48,74
DA:49,74
DA:50,74
DA:51,74
DA:52,74
DA:53,74
DA:54,11
DA:55,10
DA:56,10
DA:57,11
DA:58,74
DA:59,74
DA:61,74
DA:62,74
DA:63,74
DA:64,74
DA:65,74
DA:66,74
DA:68,74
DA:69,74
DA:70,74
DA:71,74
DA:72,74
DA:73,74
DA:74,257
DA:75,257
DA:76,257
DA:77,257
DA:78,257
DA:79,257
DA:80,257
DA:81,257
DA:82,257
DA:83,257
DA:85,257
DA:86,257
DA:88,74
DA:89,74
DA:90,74
DA:92,74
DA:94,1
LF:47
LH:47
BRDA:43,0,0,74
BRDA:70,1,0,19
BRDA:53,2,0,11
BRDA:54,3,0,10
BRDA:73,4,0,257
BRDA:79,5,0,39
BRDA:79,6,0,218
BRDA:83,7,0,11
BRF:8
BRH:8
end_of_record
TN:
SF:src/primitives/index.ts
FNF:0
FNH:0
DA:5,1
DA:6,1
DA:7,1
DA:8,1
DA:9,1
DA:10,1
DA:11,1
LF:7
LH:7
BRF:0
BRH:0
end_of_record
TN:
SF:src/screens/AccessoryOption.tsx
FN:1,(empty-report)
FNF:1
FNH:1
FNDA:1,(empty-report)
DA:7,0
DA:12,0
DA:33,0
DA:34,0
DA:35,0
DA:36,0
DA:37,0
DA:38,0
DA:39,0
DA:40,0
DA:41,0
DA:42,0
DA:43,0
DA:44,0
DA:45,0
DA:46,0
DA:47,0
DA:48,0
DA:49,0
DA:50,0
DA:51,0
DA:52,0
DA:54,0
DA:55,0
DA:56,0
DA:57,0
DA:58,0
DA:59,0
DA:60,0
DA:61,0
DA:63,0
DA:64,0
DA:65,0
DA:66,0
DA:67,0
DA:68,0
DA:70,0
DA:71,0
DA:72,0
DA:73,0
DA:74,0
DA:75,0
DA:76,0
DA:77,0
DA:78,0
DA:80,0
DA:82,0
LF:47
LH:0
BRDA:1,0,0,1
BRF:1
BRH:1
end_of_record
TN:
SF:src/screens/PrintOption.tsx
FN:1,(empty-report)
FNF:1
FNH:1
FNDA:1,(empty-report)
DA:8,0
DA:16,0
DA:54,0
DA:55,0
DA:56,0
DA:57,0
DA:58,0
DA:59,0
DA:60,0
DA:61,0
DA:62,0
DA:63,0
DA:64,0
DA:65,0
DA:66,0
DA:67,0
DA:68,0
DA:69,0
DA:70,0
DA:71,0
DA:72,0
DA:73,0
DA:74,0
DA:75,0
DA:76,0
DA:77,0
DA:78,0
DA:79,0
DA:80,0
DA:81,0
DA:82,0
DA:83,0
DA:84,0
DA:85,0
DA:87,0
DA:88,0
DA:89,0
DA:90,0
DA:91,0
DA:93,0
DA:94,0
DA:95,0
DA:96,0
DA:97,0
DA:98,0
DA:100,0
DA:101,0
DA:102,0
DA:103,0
DA:104,0
DA:106,0
DA:107,0
DA:108,0
DA:109,0
DA:110,0
DA:111,0
DA:112,0
DA:113,0
DA:114,0
DA:115,0
DA:117,0
DA:118,0
DA:119,0
DA:120,0
DA:122,0
DA:123,0
DA:124,0
DA:125,0
DA:126,0
DA:127,0
DA:128,0
DA:130,0
DA:131,0
DA:132,0
DA:133,0
DA:135,0
DA:136,0
DA:137,0
DA:138,0
DA:139,0
DA:140,0
DA:141,0
DA:142,0
DA:144,0
DA:145,0
DA:146,0
DA:147,0
DA:149,0
DA:150,0
DA:151,0
DA:152,0
DA:153,0
DA:154,0
DA:155,0
DA:157,0
DA:158,0
DA:159,0
DA:160,0
DA:162,0
DA:163,0
DA:164,0
DA:165,0
DA:166,0
DA:167,0
DA:169,0
DA:170,0
DA:171,0
DA:172,0
DA:173,0
DA:174,0
DA:175,0
DA:176,0
DA:177,0
DA:179,0
DA:181,0
DA:182,0
DA:183,0
DA:184,0
DA:185,0
DA:186,0
DA:187,0
DA:188,0
DA:189,0
DA:190,0
DA:191,0
DA:192,0
DA:193,0
DA:195,0
DA:196,0
DA:198,0
LF:130
LH:0
BRDA:1,0,0,1
BRF:1
BRH:1
end_of_record
TN:
SF:src/screens/ScreenRenderer.tsx
FN:1,(empty-report)
FNF:1
FNH:1
FNDA:1,(empty-report)
DA:7,0
DA:8,0
DA:9,0
DA:24,0
DA:25,0
DA:26,0
DA:27,0
DA:28,0
DA:29,0
DA:30,0
DA:32,0
DA:33,0
DA:35,0
DA:36,0
DA:39,0
DA:40,0
DA:41,0
DA:42,0
DA:43,0
DA:44,0
DA:45,0
DA:46,0
DA:47,0
DA:48,0
DA:49,0
DA:50,0
DA:53,0
DA:54,0
DA:55,0
DA:56,0
DA:57,0
DA:59,0
DA:60,0
DA:65,0
DA:66,0
DA:67,0
DA:68,0
DA:69,0
DA:70,0
DA:71,0
DA:72,0
DA:73,0
DA:74,0
DA:75,0
DA:76,0
DA:77,0
DA:78,0
DA:79,0
DA:80,0
DA:82,0
LF:50
LH:0
BRDA:1,0,0,1
BRF:1
BRH:1
end_of_record
TN:
SF:src/screens/StickerOption.tsx
FN:1,(empty-report)
FNF:1
FNH:1
FNDA:1,(empty-report)
DA:8,0
DA:16,0
DA:50,0
DA:51,0
DA:52,0
DA:53,0
DA:54,0
DA:55,0
DA:56,0
DA:57,0
DA:58,0
DA:59,0
DA:60,0
DA:61,0
DA:62,0
DA:63,0
DA:64,0
DA:65,0
DA:66,0
DA:67,0
DA:68,0
DA:69,0
DA:70,0
DA:71,0
DA:72,0
DA:73,0
DA:74,0
DA:75,0
DA:76,0
DA:77,0
DA:78,0
DA:79,0
DA:80,0
DA:81,0
DA:82,0
DA:83,0
DA:85,0
DA:86,0
DA:87,0
DA:88,0
DA:89,0
DA:91,0
DA:92,0
DA:93,0
DA:94,0
DA:95,0
DA:96,0
DA:98,0
DA:99,0
DA:100,0
DA:101,0
DA:102,0
DA:104,0
DA:105,0
DA:106,0
DA:107,0
DA:108,0
DA:109,0
DA:110,0
DA:112,0
DA:113,0
DA:114,0
DA:115,0
DA:117,0
DA:118,0
DA:119,0
DA:120,0
DA:121,0
DA:122,0
DA:123,0
DA:125,0
DA:126,0
DA:127,0
DA:128,0
DA:130,0
DA:131,0
DA:132,0
DA:133,0
DA:134,0
DA:135,0
DA:136,0
DA:137,0
DA:138,0
DA:139,0
DA:141,0
DA:142,0
DA:143,0
DA:144,0
DA:145,0
DA:147,0
DA:148,0
DA:149,0
DA:150,0
DA:151,0
DA:152,0
DA:153,0
DA:154,0
DA:156,0
DA:157,0
DA:158,0
DA:159,0
DA:161,0
DA:162,0
DA:163,0
DA:164,0
DA:165,0
DA:166,0
DA:168,0
DA:169,0
DA:170,0
DA:171,0
DA:172,0
DA:173,0
DA:174,0
DA:175,0
DA:176,0
DA:178,0
DA:180,0
LF:118
LH:0
BRDA:1,0,0,1
BRF:1
BRH:1
end_of_record
TN:
SF:src/screens/index.ts
FN:1,(empty-report)
FNF:1
FNH:1
FNDA:1,(empty-report)
DA:5,0
DA:6,0
DA:7,0
DA:8,0
LF:4
LH:0
BRDA:1,0,0,1
BRF:1
BRH:1
end_of_record
TN:
SF:src/shopby/auth-connector.ts
FN:24,<instance_members_initializer>
FN:30,ShopbyAuthConnector
FN:43,getAuthHeaders
FN:53,isAuthenticated
FN:61,validateToken
FN:76,needsRefresh
FN:88,refreshToken
FN:130,getMemberGrade
FN:137,setMemberGrade
FN:145,requireAuth
FN:166,getState
FN:178,setAccessToken
FN:186,clear
FN:196,extractExpiry
FNF:14
FNH:14
FNDA:114,<instance_members_initializer>
FNDA:114,ShopbyAuthConnector
FNDA:65,getAuthHeaders
FNDA:27,isAuthenticated
FNDA:73,validateToken
FNDA:4,needsRefresh
FNDA:10,refreshToken
FNDA:7,getMemberGrade
FNDA:7,setMemberGrade
FNDA:58,requireAuth
FNDA:4,getState
FNDA:1,setAccessToken
FNDA:3,clear
FNDA:95,extractExpiry
DA:11,1
DA:14,1
DA:17,1
DA:24,1
DA:25,114
DA:26,114
DA:27,114
DA:28,114
DA:30,114
DA:31,114
DA:32,114
DA:34,114
DA:35,90
DA:36,90
DA:37,114
DA:43,114
DA:44,65
DA:45,5
DA:46,5
DA:47,60
DA:48,65
DA:53,114
DA:54,27
DA:55,27
DA:61,114
DA:62,73
DA:63,3
DA:64,3
DA:66,73
DA:67,47
DA:68,47
DA:70,23
DA:71,73
DA:76,114
DA:77,4
DA:78,2
DA:79,2
DA:81,2
DA:82,4
DA:88,114
DA:89,10
DA:90,1
DA:91,1
DA:93,9
DA:94,9
DA:95,9
DA:96,9
DA:97,9
DA:98,9
DA:99,9
DA:100,9
DA:102,10
DA:103,2
DA:104,2
DA:105,2
DA:106,2
DA:108,6
DA:113,6
DA:114,6
DA:115,6
DA:116,2
DA:117,4
DA:118,6
DA:119,6
DA:121,0
DA:122,8
DA:123,1
DA:124,1
DA:125,10
DA:130,114
DA:131,7
DA:132,7
DA:137,114
DA:138,7
DA:139,7
DA:145,114
DA:146,58
DA:147,10
DA:148,10
DA:149,10
DA:150,10
DA:151,10
DA:152,10
DA:154,58
DA:155,1
DA:156,1
DA:157,1
DA:158,1
DA:159,1
DA:160,1
DA:161,58
DA:166,114
DA:167,4
DA:168,4
DA:169,4
DA:170,4
DA:171,4
DA:172,4
DA:173,4
DA:178,114
DA:179,1
DA:180,1
DA:181,1
DA:186,114
DA:187,3
DA:188,3
DA:189,3
DA:190,3
DA:196,114
DA:197,95
DA:198,95
DA:199,95
DA:201,41
DA:202,50
DA:203,39
DA:204,39
DA:205,0
DA:206,40
DA:207,2
DA:208,2
DA:209,95
DA:210,114
LF:122
LH:120
BRDA:24,0,0,114
BRDA:30,1,0,114
BRDA:31,2,0,21
BRDA:32,3,0,113
BRDA:34,4,0,90
BRDA:43,5,0,65
BRDA:44,6,0,5
BRDA:46,7,0,60
BRDA:53,8,0,27
BRDA:54,9,0,20
BRDA:61,10,0,73
BRDA:62,11,0,3
BRDA:64,12,0,70
BRDA:66,13,0,47
BRDA:68,14,0,23
BRDA:76,15,0,4
BRDA:77,16,0,3
BRDA:77,17,0,2
BRDA:88,18,0,10
BRDA:89,19,0,1
BRDA:91,20,0,9
BRDA:100,21,0,8
BRDA:102,22,0,2
BRDA:106,23,0,6
BRDA:115,24,0,2
BRDA:116,25,0,4
BRDA:119,26,0,8
BRDA:119,27,0,0
BRDA:122,28,0,1
BRDA:130,29,0,7
BRDA:137,30,0,7
BRDA:145,31,0,58
BRDA:146,32,0,56
BRDA:146,33,0,10
BRDA:152,34,0,48
BRDA:154,35,0,1
BRDA:166,36,0,4
BRDA:170,37,0,3
BRDA:171,38,0,1
BRDA:178,39,0,1
BRDA:186,40,0,3
BRDA:196,41,0,95
BRDA:199,42,0,54
BRDA:199,43,0,50
BRDA:199,44,0,41
BRDA:202,45,0,39
BRDA:204,46,0,40
BRDA:204,47,0,0
BRDA:206,48,0,2
BRF:49
BRH:47
end_of_record
TN:
SF:src/shopby/event-emitter.ts
FN:31,<instance_members_initializer>
FN:38,on
FN:54,off
FN:70,emit
FN:91,removeAllListeners
FN:102,listenerCount
FN:112,dispatchCustomEvent
FN:131,connectCallbacks
FNF:8
FNH:8
FNDA:98,<instance_members_initializer>
FNDA:51,on
FNDA:14,off
FNDA:84,emit
FNDA:101,removeAllListeners
FNDA:16,listenerCount
FNDA:86,dispatchCustomEvent
FNDA:8,connectCallbacks
DA:25,1
DA:31,1
DA:32,98
DA:38,98
DA:39,51
DA:40,51
DA:41,51
DA:42,51
DA:43,42
DA:44,42
DA:45,51
DA:46,51
DA:48,51
DA:49,51
DA:54,98
DA:55,14
DA:56,14
DA:57,14
DA:58,14
DA:61,14
DA:62,12
DA:63,12
DA:64,14
DA:70,98
DA:71,84
DA:74,84
DA:75,26
DA:76,27
DA:77,27
DA:78,27
DA:79,3
DA:80,3
DA:81,27
DA:82,26
DA:85,84
DA:86,84
DA:91,98
DA:92,101
DA:93,2
DA:94,101
DA:95,99
DA:96,99
DA:97,101
DA:102,98
DA:103,16
DA:104,16
DA:105,16
DA:106,98
DA:112,1
DA:113,86
DA:114,86
DA:115,86
DA:116,86
DA:118,86
DA:119,86
DA:120,86
DA:121,86
DA:122,86
DA:124,86
DA:125,86
DA:131,1
DA:132,8
DA:133,8
DA:134,8
DA:135,8
DA:137,8
DA:138,2
DA:139,2
DA:140,2
DA:142,8
DA:143,1
DA:144,1
DA:145,1
DA:147,8
DA:148,3
DA:149,3
DA:150,3
DA:152,8
DA:153,1
DA:154,1
DA:155,1
DA:158,8
DA:159,5
DA:160,4
DA:161,4
DA:162,5
DA:163,8
LF:87
LH:87
BRDA:31,0,0,98
BRDA:38,1,0,51
BRDA:42,2,0,42
BRDA:48,3,0,9
BRDA:54,4,0,14
BRDA:61,5,0,12
BRDA:70,6,0,84
BRDA:74,7,0,26
BRDA:75,8,0,27
BRDA:78,9,0,3
BRDA:91,10,0,101
BRDA:92,11,0,2
BRDA:94,12,0,99
BRDA:102,13,0,16
BRDA:104,14,0,10
BRDA:104,15,0,6
BRDA:112,16,0,86
BRDA:116,17,0,0
BRDA:131,18,0,8
BRDA:137,19,0,2
BRDA:142,20,0,1
BRDA:147,21,0,3
BRDA:152,22,0,1
BRDA:158,23,0,5
BRDA:159,24,0,4
BRF:25
BRH:24
end_of_record
TN:
SF:src/shopby/price-sync.ts
FN:66,<instance_members_initializer>
FN:72,PriceSyncManager
FN:83,setAdminNotifier
FN:90,setProductNo
FN:98,comparePrices
FN:147,notifyAdmin
FN:161,dispatchPriceMismatchEvent
FN:177,calculatePriceBreakdown
FN:202,checkDiscrepancy
FN:211,serializePriceForOptionInputs
FN:224,setOnPriceChange
FN:233,setTolerance
FN:242,createConsoleAdminNotifier
FN:262,createWebhookAdminNotifier
FNF:14
FNH:10
FNDA:50,<instance_members_initializer>
FNDA:50,PriceSyncManager
FNDA:0,setAdminNotifier
FNDA:0,setProductNo
FNDA:32,comparePrices
FNDA:12,notifyAdmin
FNDA:12,dispatchPriceMismatchEvent
FNDA:11,calculatePriceBreakdown
FNDA:2,checkDiscrepancy
FNDA:4,serializePriceForOptionInputs
FNDA:2,setOnPriceChange
FNDA:5,setTolerance
FNDA:0,createConsoleAdminNotifier
FNDA:0,createWebhookAdminNotifier
DA:16,1
DA:66,1
DA:67,50
DA:68,50
DA:69,50
DA:70,50
DA:72,50
DA:73,50
DA:74,50
DA:75,50
DA:76,50
DA:77,50
DA:78,50
DA:83,50
DA:84,0
DA:85,0
DA:90,50
DA:91,0
DA:92,0
DA:98,50
DA:99,32
DA:100,32
DA:101,32
DA:102,32
DA:103,32
DA:104,32
DA:105,32
DA:106,32
DA:108,32
DA:109,32
DA:110,32
DA:111,32
DA:112,32
DA:113,32
DA:114,32
DA:117,32
DA:118,27
DA:119,27
DA:122,32
DA:123,12
DA:124,12
DA:125,12
DA:126,12
DA:127,12
DA:128,12
DA:129,12
DA:130,12
DA:131,12
DA:134,12
DA:137,12
DA:138,12
DA:140,32
DA:141,32
DA:147,50
DA:148,12
DA:149,0
DA:150,0
DA:151,0
DA:152,0
DA:153,0
DA:154,0
DA:155,12
DA:161,50
DA:162,12
DA:164,12
DA:165,12
DA:166,12
DA:167,12
DA:168,12
DA:170,12
DA:171,12
DA:177,50
DA:182,11
DA:183,11
DA:184,11
DA:185,11
DA:186,11
DA:187,11
DA:189,11
DA:190,11
DA:191,11
DA:192,11
DA:193,11
DA:194,11
DA:195,11
DA:196,11
DA:202,50
DA:203,2
DA:204,2
DA:211,50
DA:212,4
DA:213,4
DA:214,4
DA:215,4
DA:216,4
DA:217,4
DA:218,4
DA:219,4
DA:224,50
DA:225,2
DA:226,2
DA:227,2
DA:228,2
DA:233,50
DA:234,5
DA:235,5
DA:236,50
DA:242,1
DA:243,0
DA:244,0
DA:245,0
DA:246,0
DA:247,0
DA:248,0
DA:249,0
DA:250,0
DA:251,0
DA:252,0
DA:253,0
DA:262,1
DA:263,0
DA:264,0
DA:265,0
DA:266,0
DA:267,0
DA:268,0
DA:269,0
DA:270,0
DA:271,0
DA:272,0
DA:273,0
DA:274,0
DA:275,0
DA:276,0
DA:277,0
DA:278,0
DA:279,0
DA:280,0
DA:281,0
DA:282,0
DA:283,0
LF:141
LH:99
BRDA:66,0,0,50
BRDA:72,1,0,50
BRDA:77,2,0,8
BRDA:98,3,0,32
BRDA:117,4,0,27
BRDA:122,5,0,12
BRDA:147,6,0,12
BRDA:148,7,0,0
BRDA:161,8,0,12
BRDA:162,9,0,0
BRDA:177,10,0,11
BRDA:184,11,0,7
BRDA:185,12,0,7
BRDA:186,13,0,5
BRDA:202,14,0,2
BRDA:211,15,0,4
BRDA:224,16,0,2
BRDA:233,17,0,5
BRF:18
BRH:16
end_of_record
TN:
SF:src/shopby/product-loader.ts
FN:107,loadShopbyProduct
FN:188,normalizeProductData
FN:222,extractWidgetConfig
FN:242,validateWidgetConfig
FN:269,clearProductCache
FN:281,getCachedProduct
FN:307,loadProductWithWidgetConfig
FN:324,getCacheStats
FNF:8
FNH:6
FNDA:30,loadShopbyProduct
FNDA:21,normalizeProductData
FNDA:6,extractWidgetConfig
FNDA:22,validateWidgetConfig
FNDA:142,clearProductCache
FNDA:5,getCachedProduct
FNDA:0,loadProductWithWidgetConfig
FNDA:0,getCacheStats
DA:20,1
DA:23,1
DA:26,1
DA:36,1
DA:107,30
DA:108,30
DA:109,30
DA:110,30
DA:111,30
DA:112,30
DA:115,30
DA:116,30
DA:117,3
DA:118,3
DA:121,30
DA:122,0
DA:123,0
DA:125,29
DA:126,30
DA:128,30
DA:129,30
DA:130,30
DA:131,30
DA:132,30
DA:133,30
DA:134,30
DA:135,30
DA:136,30
DA:137,2
DA:138,2
DA:139,2
DA:140,2
DA:141,2
DA:142,2
DA:143,2
DA:145,30
DA:146,4
DA:147,3
DA:148,3
DA:149,3
DA:150,3
DA:151,3
DA:152,3
DA:154,1
DA:155,1
DA:156,1
DA:157,1
DA:158,1
DA:159,1
DA:161,21
DA:162,21
DA:163,21
DA:164,30
DA:165,0
DA:166,0
DA:167,0
DA:168,0
DA:169,0
DA:170,0
DA:171,0
DA:173,21
DA:176,21
DA:177,21
DA:178,21
DA:179,21
DA:180,21
DA:182,21
DA:183,21
DA:188,21
DA:189,21
DA:190,21
DA:191,21
DA:193,21
DA:194,21
DA:195,21
DA:196,21
DA:199,21
DA:200,21
DA:201,1
DA:202,21
DA:203,5
DA:204,20
DA:205,1
DA:206,1
DA:208,21
DA:209,21
DA:210,21
DA:211,21
DA:212,21
DA:213,21
DA:214,21
DA:215,21
DA:216,21
DA:222,1
DA:223,6
DA:224,6
DA:225,6
DA:226,2
DA:227,2
DA:231,4
DA:232,6
DA:234,6
DA:235,6
DA:236,6
DA:242,1
DA:243,22
DA:244,22
DA:245,22
DA:246,2
DA:247,2
DA:249,20
DA:252,22
DA:253,22
DA:254,22
DA:255,22
DA:256,22
DA:257,22
DA:258,22
DA:259,22
DA:260,22
DA:261,22
DA:263,4
DA:264,4
DA:269,1
DA:270,142
DA:271,1
DA:272,142
DA:273,141
DA:274,141
DA:275,142
DA:281,1
DA:282,5
DA:283,5
DA:284,5
DA:285,5
DA:286,3
DA:287,3
DA:290,5
DA:291,0
DA:292,0
DA:293,0
DA:295,2
DA:296,2
DA:307,0
DA:308,0
DA:309,0
DA:310,0
DA:314,0
DA:315,0
DA:316,0
DA:318,0
DA:319,0
DA:324,1
DA:327,0
DA:328,0
DA:329,0
DA:330,0
DA:331,0
DA:332,0
DA:333,0
DA:335,0
DA:336,0
DA:337,0
DA:338,0
DA:339,0
LF:165
LH:132
BRDA:107,0,0,30
BRDA:116,1,0,3
BRDA:116,2,0,3
BRDA:118,3,0,27
BRDA:121,4,0,0
BRDA:123,5,0,29
BRDA:123,6,0,27
BRDA:125,7,0,26
BRDA:135,8,0,25
BRDA:136,9,0,2
BRDA:143,10,0,25
BRDA:145,11,0,4
BRDA:146,12,0,3
BRDA:152,13,0,1
BRDA:159,14,0,21
BRDA:164,15,0,0
BRDA:171,16,0,21
BRDA:188,17,0,21
BRDA:194,18,0,1
BRDA:194,19,0,20
BRDA:194,20,0,3
BRDA:196,21,0,1
BRDA:196,22,0,20
BRDA:196,23,0,1
BRDA:196,24,0,19
BRDA:196,25,0,0
BRDA:200,26,0,1
BRDA:200,27,0,1
BRDA:202,28,0,20
BRDA:202,29,0,5
BRDA:204,30,0,15
BRDA:204,31,0,1
BRDA:209,32,0,8
BRDA:213,33,0,20
BRDA:214,34,0,18
BRDA:205,35,0,2
BRDA:222,36,0,6
BRDA:225,37,0,5
BRDA:225,38,0,2
BRDA:227,39,0,4
BRDA:232,40,0,1
BRDA:242,41,0,22
BRDA:245,42,0,21
BRDA:245,43,0,2
BRDA:247,44,0,20
BRDA:252,45,0,3
BRDA:252,46,0,17
BRDA:253,47,0,3
BRDA:253,48,0,14
BRDA:254,49,0,1
BRDA:254,50,0,13
BRDA:255,51,0,1
BRDA:255,52,0,12
BRDA:256,53,0,1
BRDA:256,54,0,11
BRDA:257,55,0,2
BRDA:257,56,0,1
BRDA:257,57,0,10
BRDA:258,58,0,2
BRDA:258,59,0,8
BRDA:259,60,0,7
BRDA:259,61,0,1
BRDA:259,62,0,7
BRDA:260,63,0,2
BRDA:260,64,0,5
BRDA:261,65,0,4
BRDA:261,66,0,1
BRDA:261,67,0,4
BRDA:269,68,0,142
BRDA:270,69,0,1
BRDA:272,70,0,141
BRDA:281,71,0,5
BRDA:285,72,0,3
BRDA:287,73,0,2
BRDA:290,74,0,0
BRDA:293,75,0,2
BRF:76
BRH:72
end_of_record
TN:
SF:src/shopby/sdk-init.tsx
FN:1,(empty-report)
FNF:1
FNH:1
FNDA:1,(empty-report)
DA:10,0
DA:11,0
DA:12,0
DA:13,0
DA:14,0
DA:15,0
DA:16,0
DA:27,0
DA:28,0
DA:65,0
DA:66,0
DA:67,0
DA:68,0
DA:69,0
DA:70,0
DA:71,0
DA:72,0
DA:73,0
DA:74,0
DA:75,0
DA:76,0
DA:77,0
DA:78,0
DA:83,0
DA:85,0
DA:86,0
DA:87,0
DA:88,0
DA:89,0
DA:90,0
DA:91,0
DA:92,0
DA:93,0
DA:95,0
DA:96,0
DA:99,0
DA:100,0
DA:101,0
DA:102,0
DA:103,0
DA:104,0
DA:105,0
DA:106,0
DA:109,0
DA:110,0
DA:111,0
DA:112,0
DA:113,0
DA:114,0
DA:115,0
DA:116,0
DA:117,0
DA:120,0
DA:122,0
DA:124,0
DA:127,0
DA:128,0
DA:129,0
DA:130,0
DA:133,0
DA:136,0
DA:137,0
DA:138,0
DA:141,0
DA:142,0
DA:143,0
DA:144,0
DA:145,0
DA:148,0
DA:149,0
DA:150,0
DA:153,0
DA:154,0
DA:155,0
DA:156,0
DA:159,0
DA:160,0
DA:161,0
DA:164,0
DA:165,0
DA:167,0
DA:168,0
DA:169,0
DA:170,0
DA:171,0
DA:172,0
DA:177,0
DA:178,0
DA:179,0
DA:180,0
DA:183,0
DA:184,0
DA:185,0
DA:186,0
DA:189,0
DA:190,0
DA:191,0
DA:192,0
DA:195,0
DA:196,0
DA:197,0
DA:198,0
DA:201,0
DA:202,0
DA:203,0
DA:204,0
DA:207,0
DA:208,0
DA:209,0
DA:210,0
DA:211,0
DA:214,0
DA:215,0
DA:216,0
DA:217,0
DA:218,0
DA:219,0
DA:220,0
DA:222,0
DA:223,0
DA:228,0
DA:229,0
DA:230,0
DA:232,0
DA:234,0
DA:235,0
DA:236,0
DA:237,0
DA:238,0
DA:239,0
DA:240,0
DA:241,0
DA:243,0
DA:244,0
DA:245,0
DA:246,0
DA:247,0
DA:248,0
DA:249,0
DA:250,0
DA:251,0
DA:252,0
DA:253,0
DA:254,0
DA:255,0
DA:264,0
DA:265,0
DA:266,0
DA:267,0
DA:268,0
DA:269,0
DA:274,0
DA:276,0
DA:277,0
DA:278,0
DA:281,0
DA:284,0
DA:285,0
DA:286,0
DA:289,0
DA:290,0
DA:295,0
DA:296,0
DA:298,0
DA:299,0
DA:300,0
DA:301,0
DA:303,0
DA:306,0
DA:321,0
DA:330,0
DA:527,0
DA:528,0
DA:533,0
DA:534,0
DA:537,0
DA:540,0
DA:541,0
DA:542,0
DA:543,0
DA:544,0
DA:546,0
DA:547,0
DA:548,0
DA:549,0
DA:551,0
DA:552,0
DA:553,0
DA:554,0
DA:555,0
DA:556,0
DA:557,0
DA:559,0
DA:560,0
DA:562,0
DA:565,0
DA:566,0
DA:567,0
DA:568,0
DA:569,0
DA:570,0
DA:571,0
DA:572,0
DA:573,0
DA:574,0
DA:575,0
DA:576,0
DA:577,0
DA:578,0
DA:579,0
DA:580,0
DA:581,0
DA:582,0
DA:583,0
DA:584,0
DA:585,0
DA:586,0
DA:587,0
DA:588,0
DA:589,0
DA:590,0
DA:591,0
DA:592,0
DA:593,0
DA:594,0
DA:595,0
DA:596,0
DA:597,0
DA:598,0
DA:599,0
DA:600,0
DA:601,0
DA:602,0
DA:603,0
DA:604,0
DA:605,0
DA:606,0
DA:607,0
DA:608,0
DA:609,0
DA:610,0
DA:611,0
DA:612,0
DA:613,0
DA:614,0
DA:615,0
DA:616,0
DA:617,0
DA:620,0
DA:621,0
DA:622,0
DA:623,0
DA:624,0
DA:625,0
DA:626,0
DA:627,0
DA:628,0
DA:629,0
DA:630,0
DA:631,0
DA:632,0
DA:633,0
DA:634,0
DA:635,0
DA:636,0
DA:637,0
DA:638,0
DA:639,0
DA:640,0
DA:641,0
DA:642,0
DA:643,0
DA:644,0
DA:649,0
DA:650,0
DA:651,0
DA:652,0
DA:653,0
DA:654,0
DA:655,0
DA:656,0
DA:657,0
DA:658,0
DA:659,0
DA:660,0
DA:661,0
DA:662,0
DA:663,0
DA:664,0
DA:665,0
DA:666,0
DA:667,0
DA:668,0
DA:669,0
DA:670,0
DA:671,0
DA:676,0
DA:678,0
DA:679,0
DA:680,0
DA:681,0
DA:682,0
DA:683,0
DA:684,0
DA:689,0
DA:690,0
DA:691,0
DA:692,0
DA:693,0
DA:694,0
DA:695,0
DA:700,0
DA:701,0
DA:702,0
DA:703,0
DA:704,0
DA:709,0
DA:710,0
DA:711,0
DA:712,0
DA:713,0
DA:714,0
DA:715,0
DA:716,0
DA:717,0
DA:719,0
DA:720,0
DA:721,0
DA:722,0
DA:723,0
DA:724,0
DA:725,0
DA:732,0
DA:738,0
DA:739,0
DA:740,0
DA:741,0
DA:742,0
DA:743,0
DA:744,0
DA:745,0
DA:746,0
DA:752,0
DA:753,0
DA:754,0
DA:755,0
DA:756,0
DA:757,0
DA:763,0
DA:764,0
DA:765,0
DA:766,0
DA:767,0
DA:768,0
DA:769,0
DA:770,0
DA:771,0
DA:772,0
DA:773,0
DA:774,0
DA:775,0
DA:776,0
DA:777,0
DA:778,0
DA:779,0
DA:793,0
DA:794,0
DA:795,0
DA:796,0
DA:797,0
DA:798,0
DA:799,0
DA:805,0
DA:806,0
DA:807,0
DA:808,0
DA:809,0
DA:812,0
DA:814,0
DA:815,0
DA:816,0
DA:817,0
DA:818,0
DA:819,0
LF:384
LH:0
BRDA:1,0,0,1
BRF:1
BRH:1
end_of_record
TN:
SF:src/shopby/shopby-bridge.ts
FN:36,<instance_members_initializer>
FN:41,ShopbyBridge
FN:55,addToCart
FN:97,buyNow
FN:140,buildCartRequest
FN:156,buildOrderSheetRequest
FN:175,buildOptionInputs
FN:213,fetchWithRetry
FN:253,isNetworkError
FN:260,classifyError
FN:314,delay
FNF:11
FNH:11
FNDA:61,<instance_members_initializer>
FNDA:61,ShopbyBridge
FNDA:43,addToCart
FNDA:11,buyNow
FNDA:37,buildCartRequest
FNDA:9,buildOrderSheetRequest
FNDA:46,buildOptionInputs
FNDA:46,fetchWithRetry
FNDA:23,isNetworkError
FNDA:13,classifyError
FNDA:10,delay
DA:20,1
DA:23,1
DA:26,1
DA:29,1
DA:36,1
DA:37,61
DA:38,61
DA:39,61
DA:41,61
DA:42,61
DA:43,61
DA:44,61
DA:45,61
DA:46,61
DA:47,61
DA:48,61
DA:49,61
DA:55,61
DA:56,43
DA:57,43
DA:58,43
DA:59,6
DA:60,6
DA:61,6
DA:62,6
DA:64,37
DA:66,37
DA:67,37
DA:68,37
DA:69,37
DA:70,37
DA:71,37
DA:72,37
DA:73,37
DA:74,37
DA:75,37
DA:76,37
DA:77,37
DA:79,24
DA:80,24
DA:81,24
DA:82,24
DA:84,24
DA:85,24
DA:86,43
DA:87,13
DA:88,13
DA:89,13
DA:90,13
DA:91,43
DA:97,61
DA:98,11
DA:99,11
DA:100,11
DA:101,2
DA:102,2
DA:103,2
DA:104,2
DA:106,9
DA:108,9
DA:109,9
DA:111,9
DA:112,9
DA:113,9
DA:114,9
DA:115,9
DA:116,9
DA:117,9
DA:118,9
DA:120,9
DA:121,9
DA:122,9
DA:123,9
DA:124,9
DA:125,0
DA:126,11
DA:128,11
DA:129,11
DA:130,11
DA:131,0
DA:132,0
DA:133,0
DA:134,0
DA:135,11
DA:140,61
DA:141,37
DA:142,37
DA:143,37
DA:144,37
DA:145,37
DA:146,37
DA:147,37
DA:148,37
DA:150,37
DA:151,37
DA:156,61
DA:157,9
DA:158,9
DA:159,9
DA:160,9
DA:161,9
DA:162,9
DA:163,9
DA:164,9
DA:165,9
DA:166,9
DA:168,9
DA:169,9
DA:175,61
DA:176,46
DA:177,46
DA:178,46
DA:179,46
DA:180,46
DA:181,46
DA:182,46
DA:183,46
DA:184,46
DA:185,46
DA:186,46
DA:187,46
DA:188,46
DA:189,46
DA:190,46
DA:193,46
DA:194,38
DA:195,38
DA:196,38
DA:197,38
DA:198,38
DA:200,46
DA:201,39
DA:202,39
DA:203,39
DA:204,39
DA:205,39
DA:207,46
DA:208,46
DA:213,61
DA:214,46
DA:215,46
DA:216,46
DA:217,46
DA:218,46
DA:220,46
DA:221,56
DA:222,56
DA:224,56
DA:225,9
DA:226,9
DA:227,9
DA:228,9
DA:229,9
DA:230,9
DA:231,9
DA:233,33
DA:234,56
DA:235,23
DA:238,23
DA:239,10
DA:240,10
DA:241,10
DA:243,13
DA:244,13
DA:245,56
DA:247,10
DA:248,46
DA:253,61
DA:254,23
DA:255,23
DA:260,61
DA:262,13
DA:263,13
DA:264,13
DA:265,13
DA:266,0
DA:267,13
DA:268,0
DA:269,0
DA:272,13
DA:273,13
DA:274,13
DA:275,13
DA:276,13
DA:277,9
DA:279,9
DA:280,3
DA:281,3
DA:282,3
DA:283,3
DA:284,3
DA:285,3
DA:287,6
DA:288,6
DA:289,9
DA:290,9
DA:291,9
DA:292,9
DA:295,4
DA:296,4
DA:297,4
DA:298,4
DA:299,4
DA:300,4
DA:301,4
DA:304,0
DA:305,0
DA:306,13
DA:307,13
DA:308,13
DA:309,13
DA:314,61
DA:315,10
DA:316,10
DA:317,61
LF:215
LH:205
BRDA:36,0,0,61
BRDA:41,1,0,61
BRDA:48,2,0,60
BRDA:55,3,0,43
BRDA:58,4,0,6
BRDA:62,5,0,37
BRDA:77,6,0,24
BRDA:86,7,0,13
BRDA:97,8,0,11
BRDA:100,9,0,2
BRDA:104,10,0,9
BRDA:124,11,0,0
BRDA:130,12,0,0
BRDA:140,13,0,37
BRDA:156,14,0,9
BRDA:175,15,0,46
BRDA:193,16,0,38
BRDA:200,17,0,39
BRDA:213,18,0,46
BRDA:220,19,0,56
BRDA:222,20,0,44
BRDA:224,21,0,9
BRDA:231,22,0,33
BRDA:234,23,0,23
BRDA:238,24,0,14
BRDA:238,25,0,10
BRDA:241,26,0,13
BRDA:245,27,0,10
BRDA:253,28,0,23
BRDA:254,29,0,14
BRDA:260,30,0,13
BRDA:265,31,0,0
BRDA:267,32,0,0
BRDA:276,33,0,12
BRDA:276,34,0,9
BRDA:279,35,0,7
BRDA:279,36,0,3
BRDA:285,37,0,8
BRDA:285,38,0,6
BRDA:289,39,0,0
BRDA:292,40,0,4
BRDA:301,41,0,0
BRDA:306,42,0,0
BRDA:314,43,0,10
BRDA:315,44,0,10
BRF:45
BRH:38
end_of_record
TN:
SF:src/shopby/types.ts
FN:359,validateInitConfig
FN:473,validatePayload
FNF:2
FNH:2
FNDA:51,validateInitConfig
FNDA:25,validatePayload
DA:17,1
DA:18,1
DA:19,1
DA:20,1
DA:21,1
DA:22,1
DA:23,1
DA:237,1
DA:238,1
DA:239,1
DA:240,1
DA:241,1
DA:242,1
DA:243,1
DA:244,1
DA:245,1
DA:246,1
DA:247,1
DA:359,1
DA:360,51
DA:361,51
DA:362,51
DA:364,51
DA:365,7
DA:366,7
DA:367,7
DA:368,7
DA:369,7
DA:371,44
DA:374,51
DA:375,5
DA:376,5
DA:377,39
DA:378,4
DA:379,39
DA:380,2
DA:381,2
DA:382,2
DA:383,2
DA:384,2
DA:387,51
DA:388,4
DA:389,4
DA:390,4
DA:391,4
DA:392,4
DA:393,40
DA:394,38
DA:395,37
DA:396,40
DA:397,8
DA:398,8
DA:399,8
DA:400,8
DA:401,8
DA:404,44
DA:405,44
DA:406,4
DA:407,3
DA:408,51
DA:409,1
DA:410,1
DA:411,1
DA:412,1
DA:413,1
DA:416,51
DA:417,10
DA:418,1
DA:419,10
DA:420,9
DA:421,9
DA:422,2
DA:423,2
DA:424,2
DA:425,2
DA:426,2
DA:427,9
DA:428,1
DA:429,1
DA:430,1
DA:431,1
DA:432,1
DA:433,9
DA:434,1
DA:435,1
DA:436,1
DA:437,1
DA:438,1
DA:439,9
DA:440,10
DA:443,44
DA:444,44
DA:445,6
DA:446,5
DA:447,51
DA:448,2
DA:449,2
DA:452,44
DA:453,44
DA:454,4
DA:455,3
DA:456,51
DA:457,1
DA:458,1
DA:460,51
DA:461,26
DA:462,26
DA:464,18
DA:465,18
DA:466,18
DA:467,18
DA:468,18
DA:473,1
DA:474,25
DA:475,25
DA:476,25
DA:478,25
DA:479,2
DA:480,2
DA:481,2
DA:482,2
DA:483,2
DA:485,23
DA:487,25
DA:488,4
DA:489,4
DA:490,4
DA:491,4
DA:492,4
DA:494,25
DA:495,3
DA:496,3
DA:497,3
DA:498,3
DA:499,3
DA:501,23
DA:502,23
DA:503,22
DA:504,21
DA:505,25
DA:506,4
DA:507,4
DA:508,4
DA:509,4
DA:510,4
DA:513,25
DA:514,3
DA:515,3
DA:516,3
DA:517,3
DA:518,24
DA:519,20
DA:520,20
DA:521,1
DA:522,1
DA:523,1
DA:524,1
DA:525,1
DA:526,20
DA:527,1
DA:528,1
DA:529,1
DA:530,1
DA:531,1
DA:532,20
DA:535,25
DA:536,2
DA:537,2
DA:538,2
DA:539,2
DA:540,24
DA:541,21
DA:542,21
DA:543,21
DA:544,21
DA:545,21
DA:546,21
DA:547,21
DA:549,21
DA:550,105
DA:551,2
DA:552,2
DA:553,2
DA:554,2
DA:555,2
DA:556,105
DA:557,21
DA:559,25
DA:560,17
DA:561,17
DA:563,6
DA:564,6
DA:565,6
DA:566,6
DA:567,6
LF:195
LH:195
BRDA:359,0,0,51
BRDA:364,1,0,49
BRDA:364,2,0,7
BRDA:369,3,0,44
BRDA:374,4,0,40
BRDA:374,5,0,5
BRDA:376,6,0,39
BRDA:377,7,0,4
BRDA:379,8,0,2
BRDA:384,9,0,44
BRDA:387,10,0,41
BRDA:387,11,0,4
BRDA:392,12,0,40
BRDA:393,13,0,38
BRDA:394,14,0,37
BRDA:396,15,0,8
BRDA:401,16,0,44
BRDA:405,17,0,4
BRDA:406,18,0,3
BRDA:408,19,0,1
BRDA:413,20,0,44
BRDA:416,21,0,11
BRDA:416,22,0,10
BRDA:417,23,0,1
BRDA:419,24,0,9
BRDA:421,25,0,6
BRDA:421,26,0,2
BRDA:427,27,0,3
BRDA:427,28,0,1
BRDA:433,29,0,4
BRDA:433,30,0,1
BRDA:440,31,0,44
BRDA:444,32,0,6
BRDA:445,33,0,5
BRDA:447,34,0,2
BRDA:449,35,0,44
BRDA:453,36,0,4
BRDA:454,37,0,3
BRDA:456,38,0,1
BRDA:458,39,0,44
BRDA:460,40,0,26
BRDA:462,41,0,18
BRDA:473,42,0,25
BRDA:478,43,0,24
BRDA:478,44,0,2
BRDA:483,45,0,23
BRDA:487,46,0,21
BRDA:487,47,0,4
BRDA:492,48,0,23
BRDA:494,49,0,21
BRDA:494,50,0,3
BRDA:499,51,0,23
BRDA:502,52,0,22
BRDA:503,53,0,21
BRDA:505,54,0,4
BRDA:510,55,0,23
BRDA:513,56,0,21
BRDA:513,57,0,24
BRDA:513,58,0,3
BRDA:518,59,0,20
BRDA:520,60,0,1
BRDA:526,61,0,1
BRDA:532,62,0,23
BRDA:535,63,0,21
BRDA:535,64,0,24
BRDA:535,65,0,2
BRDA:540,66,0,21
BRDA:549,67,0,105
BRDA:550,68,0,2
BRDA:557,69,0,23
BRDA:559,70,0,24
BRDA:559,71,0,17
BRDA:561,72,0,6
BRF:73
BRH:73
end_of_record
TN:
SF:src/state/index.ts
FN:1,(empty-report)
FNF:1
FNH:1
FNDA:1,(empty-report)
DA:6,0
DA:18,0
DA:35,0
LF:3
LH:0
BRDA:1,0,0,1
BRF:1
BRH:1
end_of_record
TN:
SF:src/state/price.state.ts
FN:1,(empty-report)
FNF:1
FNH:1
FNDA:1,(empty-report)
DA:6,0
DA:7,0
DA:8,0
DA:10,0
DA:15,0
DA:20,0
DA:21,0
DA:22,0
DA:23,0
DA:24,0
DA:25,0
DA:26,0
DA:31,0
DA:32,0
DA:33,0
DA:34,0
DA:39,0
DA:40,0
DA:41,0
DA:44,0
DA:45,0
DA:46,0
DA:47,0
DA:48,0
DA:51,0
DA:52,0
DA:53,0
DA:55,0
DA:56,0
DA:61,0
DA:62,0
DA:63,0
DA:68,0
DA:69,0
DA:70,0
DA:71,0
DA:72,0
DA:73,0
DA:78,0
DA:79,0
DA:81,0
DA:82,0
DA:83,0
DA:84,0
DA:85,0
DA:86,0
DA:87,0
DA:90,0
DA:91,0
DA:92,0
DA:93,0
DA:94,0
DA:95,0
DA:96,0
DA:97,0
DA:102,0
DA:103,0
DA:104,0
DA:109,0
DA:110,0
DA:113,0
DA:114,0
DA:115,0
DA:116,0
DA:119,0
DA:120,0
DA:121,0
DA:122,0
DA:123,0
DA:124,0
DA:126,0
DA:127,0
DA:128,0
LF:73
LH:0
BRDA:1,0,0,1
BRF:1
BRH:1
end_of_record
TN:
SF:src/state/selections.state.ts
FN:1,(empty-report)
FNF:1
FNH:1
FNDA:1,(empty-report)
DA:6,0
DA:7,0
DA:28,0
DA:29,0
DA:30,0
DA:31,0
DA:32,0
DA:33,0
DA:34,0
DA:35,0
DA:36,0
DA:37,0
DA:38,0
DA:43,0
DA:48,0
DA:49,0
DA:50,0
DA:51,0
DA:52,0
DA:53,0
DA:54,0
DA:55,0
DA:56,0
DA:57,0
DA:58,0
DA:59,0
DA:60,0
DA:61,0
DA:62,0
DA:63,0
DA:64,0
DA:65,0
DA:66,0
DA:67,0
DA:68,0
DA:69,0
DA:70,0
DA:71,0
DA:72,0
DA:73,0
DA:78,0
DA:79,0
DA:80,0
DA:81,0
DA:86,0
DA:87,0
DA:88,0
DA:89,0
DA:90,0
DA:91,0
DA:92,0
DA:94,0
DA:95,0
DA:96,0
DA:97,0
DA:98,0
DA:99,0
DA:100,0
DA:102,0
DA:103,0
DA:104,0
DA:105,0
DA:106,0
DA:107,0
DA:108,0
DA:110,0
DA:111,0
DA:112,0
DA:113,0
DA:114,0
DA:115,0
DA:116,0
DA:118,0
DA:119,0
DA:120,0
DA:121,0
DA:122,0
DA:123,0
DA:124,0
DA:126,0
DA:127,0
DA:128,0
DA:129,0
DA:130,0
DA:131,0
DA:132,0
DA:133,0
DA:134,0
DA:135,0
DA:137,0
DA:138,0
DA:139,0
DA:140,0
DA:141,0
DA:142,0
DA:143,0
DA:144,0
DA:145,0
DA:146,0
DA:147,0
DA:148,0
DA:149,0
DA:150,0
DA:152,0
DA:153,0
DA:154,0
DA:155,0
DA:156,0
DA:157,0
DA:158,0
DA:159,0
DA:160,0
DA:161,0
DA:166,0
DA:167,0
DA:168,0
DA:173,0
DA:174,0
DA:175,0
DA:176,0
DA:177,0
DA:178,0
DA:179,0
DA:180,0
LF:124
LH:0
BRDA:1,0,0,1
BRF:1
BRH:1
end_of_record
TN:
SF:src/state/widget.state.ts
FN:1,(empty-report)
FNF:1
FNH:1
FNDA:1,(empty-report)
DA:6,0
DA:12,0
DA:13,0
DA:14,0
DA:15,0
DA:20,0
DA:21,0
DA:22,0
DA:23,0
DA:24,0
DA:29,0
DA:30,0
DA:31,0
DA:32,0
DA:37,0
DA:38,0
DA:39,0
DA:40,0
DA:45,0
DA:46,0
DA:47,0
DA:52,0
DA:53,0
DA:54,0
DA:55,0
DA:56,0
DA:57,0
DA:58,0
DA:59,0
DA:64,0
DA:65,0
DA:66,0
DA:67,0
DA:68,0
DA:69,0
DA:74,0
DA:75,0
DA:76,0
DA:77,0
DA:78,0
DA:79,0
LF:41
LH:0
BRDA:1,0,0,1
BRF:1
BRH:1
end_of_record
TN:
SF:src/types/index.ts
FNF:0
FNH:0
DA:14,1
LF:1
LH:1
BRF:0
BRH:0
end_of_record
TN:
SF:src/types/option.types.ts
FN:1,(empty-report)
FNF:1
FNH:1
FNDA:1,(empty-report)
LF:0
LH:0
BRDA:1,0,0,1
BRF:1
BRH:1
end_of_record
TN:
SF:src/types/price.types.ts
FN:1,(empty-report)
FNF:1
FNH:1
FNDA:1,(empty-report)
LF:0
LH:0
BRDA:1,0,0,1
BRF:1
BRH:1
end_of_record
TN:
SF:src/types/screen.types.ts
FN:1,(empty-report)
FNF:1
FNH:1
FNDA:1,(empty-report)
LF:0
LH:0
BRDA:1,0,0,1
BRF:1
BRH:1
end_of_record
TN:
SF:src/types/widget.types.ts
FNF:0
FNH:0
DA:94,1
DA:95,1
DA:96,1
DA:97,1
DA:98,1
DA:99,1
DA:100,1
DA:101,1
DA:102,1
DA:103,1
DA:104,1
DA:105,1
DA:106,1
DA:107,1
DA:108,1
DA:109,1
DA:110,1
DA:111,1
DA:112,1
DA:113,1
DA:114,1
DA:115,1
DA:116,1
DA:117,1
DA:118,1
DA:119,1
DA:120,1
DA:121,1
DA:122,1
DA:123,1
DA:124,1
DA:125,1
DA:126,1
DA:127,1
DA:128,1
DA:129,1
DA:130,1
DA:131,1
LF:38
LH:38
BRF:0
BRH:0
end_of_record
TN:
SF:src/utils/events.ts
FN:85,dispatchWidgetEvent
FN:102,loaded
FN:105,optionChanged
FN:108,quoteCalculated
FN:111,addToCart
FN:114,fileUploaded
FN:117,orderSubmitted
FNF:7
FNH:7
FNDA:14,dispatchWidgetEvent
FNDA:1,loaded
FNDA:1,optionChanged
FNDA:1,quoteCalculated
FNDA:1,addToCart
FNDA:1,fileUploaded
FNDA:1,orderSubmitted
DA:85,1
DA:86,14
DA:87,14
DA:88,14
DA:89,14
DA:90,14
DA:91,14
DA:92,14
DA:93,14
DA:95,14
DA:96,14
DA:101,1
DA:102,1
DA:103,1
DA:105,1
DA:106,1
DA:108,1
DA:109,1
DA:111,1
DA:112,1
DA:114,1
DA:115,1
DA:117,1
DA:118,1
DA:119,1
LF:25
LH:25
BRDA:85,0,0,14
BRDA:102,1,0,1
BRDA:105,2,0,1
BRDA:108,3,0,1
BRDA:111,4,0,1
BRDA:114,5,0,1
BRDA:117,6,0,1
BRF:7
BRH:7
end_of_record
TN:
SF:src/utils/formatting.ts
FN:11,formatKRW
FN:20,formatNumber
FN:29,parseNumber
FN:39,calculateVAT
FN:49,formatQuantity
FN:59,formatDimensions
FN:68,formatPercent
FN:79,clamp
FN:89,roundToStep
FNF:9
FNH:9
FNDA:264,formatKRW
FNDA:15,formatNumber
FNDA:12,parseNumber
FNDA:9,calculateVAT
FNDA:7,formatQuantity
FNDA:7,formatDimensions
FNDA:9,formatPercent
FNDA:30,clamp
FNDA:34,roundToStep
DA:11,1
DA:12,264
DA:13,264
DA:20,1
DA:21,15
DA:22,15
DA:29,1
DA:30,12
DA:31,12
DA:32,12
DA:39,1
DA:40,9
DA:41,9
DA:49,1
DA:50,7
DA:51,7
DA:59,1
DA:60,7
DA:61,7
DA:68,1
DA:69,9
DA:70,9
DA:79,1
DA:80,30
DA:81,30
DA:89,1
DA:90,34
DA:91,34
LF:28
LH:28
BRDA:11,0,0,264
BRDA:20,1,0,15
BRDA:29,2,0,12
BRDA:31,3,0,3
BRDA:39,4,0,9
BRDA:49,5,0,7
BRDA:59,6,0,7
BRDA:68,7,0,9
BRDA:79,8,0,30
BRDA:89,9,0,34
BRF:10
BRH:10
end_of_record
TN:
SF:src/utils/index.ts
FN:1,(empty-report)
FNF:1
FNH:1
FNDA:1,(empty-report)
DA:5,0
DA:17,0
DA:26,0
LF:3
LH:0
BRDA:1,0,0,1
BRF:1
BRH:1
end_of_record
TN:
SF:src/utils/shadow-dom.ts
FN:17,createShadowContainer
FN:43,generateCSSVariables
FN:83,injectBaseStyles
FN:110,createMountPoint
FN:121,cleanupShadowDOM
FNF:5
FNH:5
FNDA:6,createShadowContainer
FNDA:9,generateCSSVariables
FNDA:4,injectBaseStyles
FNDA:4,createMountPoint
FNDA:24,cleanupShadowDOM
DA:7,1
DA:12,1
DA:17,1
DA:18,6
DA:19,6
DA:21,6
DA:23,6
DA:24,4
DA:25,4
DA:26,4
DA:27,4
DA:30,6
DA:31,6
DA:32,2
DA:33,6
DA:34,4
DA:35,4
DA:37,6
DA:38,6
DA:43,1
DA:44,9
DA:45,9
DA:46,9
DA:47,9
DA:48,9
DA:50,9
DA:51,9
DA:52,9
DA:53,9
DA:54,9
DA:55,9
DA:56,9
DA:57,9
DA:58,9
DA:59,9
DA:60,9
DA:62,9
DA:63,9
DA:64,9
DA:65,9
DA:66,9
DA:67,9
DA:69,9
DA:71,9
DA:72,9
DA:73,9
DA:75,9
DA:76,9
DA:78,9
DA:83,1
DA:84,4
DA:85,4
DA:101,4
DA:104,4
DA:105,4
DA:110,1
DA:111,4
DA:112,4
DA:113,4
DA:114,4
DA:115,4
DA:116,4
DA:121,1
DA:122,24
DA:123,24
DA:124,5
DA:125,5
DA:126,24
LF:68
LH:68
BRDA:17,0,0,6
BRDA:23,1,0,4
BRDA:31,2,0,2
BRDA:33,3,0,4
BRDA:43,4,0,9
BRDA:47,5,0,8
BRDA:48,6,0,8
BRDA:83,7,0,4
BRDA:110,8,0,4
BRDA:121,9,0,24
BRDA:123,10,0,5
BRF:11
BRH:11
end_of_record
